2022-08-22 11:24:34,001 INFO com.rps.gateway.GatewayServiceApplication [main] The following profiles are active: dev
2022-08-22 11:24:35,672 INFO org.springframework.data.repository.config.RepositoryConfigurationDelegate [main] Bootstrapping Spring Data JPA repositories in DEFAULT mode.
2022-08-22 11:24:35,729 INFO org.springframework.data.repository.config.RepositoryConfigurationDelegate [main] Finished Spring Data repository scanning in 45ms. Found 0 JPA repository interfaces.
2022-08-22 11:24:35,891 WARN org.springframework.boot.actuate.endpoint.EndpointId [main] Endpoint ID 'service-registry' contains invalid characters, please migrate to a valid format.
2022-08-22 11:24:35,913 WARN org.springframework.boot.actuate.endpoint.EndpointId [main] Endpoint ID 'hystrix.stream' contains invalid characters, please migrate to a valid format.
2022-08-22 11:24:36,174 INFO org.springframework.cloud.context.scope.GenericScope [main] BeanFactory id=88b3c33d-f62f-3e61-9467-c425b683f3ce
2022-08-22 11:24:36,580 INFO org.springframework.context.support.PostProcessorRegistrationDelegate$BeanPostProcessorChecker [main] Bean 'org.springframework.security.access.expression.method.DefaultMethodSecurityExpressionHandler@5ec1963c' of type [org.springframework.security.access.expression.method.DefaultMethodSecurityExpressionHandler] is not eligible for getting processed by all BeanPostProcessors (for example: not eligible for auto-proxying)
2022-08-22 11:24:36,592 INFO org.springframework.context.support.PostProcessorRegistrationDelegate$BeanPostProcessorChecker [main] Bean 'methodSecurityMetadataSource' of type [org.springframework.security.access.method.DelegatingMethodSecurityMetadataSource] is not eligible for getting processed by all BeanPostProcessors (for example: not eligible for auto-proxying)
2022-08-22 11:24:37,726 INFO org.springframework.boot.web.embedded.tomcat.TomcatWebServer [main] Tomcat initialized with port(s): 9080 (http)
2022-08-22 11:24:37,740 INFO org.apache.catalina.core.StandardService [main] Starting service [Tomcat]
2022-08-22 11:24:37,741 INFO org.apache.catalina.core.StandardEngine [main] Starting Servlet engine: [Apache Tomcat/9.0.46]
2022-08-22 11:24:37,977 INFO org.apache.catalina.core.ContainerBase.[Tomcat].[localhost].[/sbp] [main] Initializing Spring embedded WebApplicationContext
2022-08-22 11:24:37,977 INFO org.springframework.boot.web.servlet.context.ServletWebServerApplicationContext [main] Root WebApplicationContext: initialization completed in 3941 ms
2022-08-22 11:24:38,170 WARN com.netflix.config.sources.URLConfigurationSource [main] No URLs will be polled as dynamic configuration sources.
2022-08-22 11:24:38,171 INFO com.netflix.config.sources.URLConfigurationSource [main] To enable URLs as dynamic configuration sources, define System property archaius.configurationSource.additionalUrls or make config.properties available on classpath.
2022-08-22 11:24:38,182 INFO com.netflix.config.DynamicPropertyFactory [main] DynamicPropertyFactory is initialized with configuration sources: com.netflix.config.ConcurrentCompositeConfiguration@168ad26f
2022-08-22 11:24:38,344 WARN org.springframework.boot.autoconfigure.orm.jpa.JpaBaseConfiguration$JpaWebConfiguration [main] spring.jpa.open-in-view is enabled by default. Therefore, database queries may be performed during view rendering. Explicitly configure spring.jpa.open-in-view to disable this warning
2022-08-22 11:24:38,555 INFO org.hibernate.jpa.internal.util.LogHelper [main] HHH000204: Processing PersistenceUnitInfo [name: default]
2022-08-22 11:24:38,631 INFO org.hibernate.Version [main] HHH000412: Hibernate ORM core version 5.4.32.Final
2022-08-22 11:24:38,824 INFO org.hibernate.annotations.common.Version [main] HCANN000001: Hibernate Commons Annotations {5.1.2.Final}
2022-08-22 11:24:39,017 INFO com.zaxxer.hikari.HikariDataSource [main] HikariPool-1 - Starting...
2022-08-22 11:24:39,744 INFO com.zaxxer.hikari.HikariDataSource [main] HikariPool-1 - Start completed.
2022-08-22 11:24:39,764 INFO org.hibernate.dialect.Dialect [main] HHH000400: Using dialect: org.hibernate.dialect.MySQL5InnoDBDialect
2022-08-22 11:24:40,829 INFO org.hibernate.engine.transaction.jta.platform.internal.JtaPlatformInitiator [main] HHH000490: Using JtaPlatform implementation: [org.hibernate.engine.transaction.jta.platform.internal.NoJtaPlatform]
2022-08-22 11:24:40,851 INFO org.springframework.orm.jpa.LocalContainerEntityManagerFactoryBean [main] Initialized JPA EntityManagerFactory for persistence unit 'default'
2022-08-22 11:24:41,329 INFO com.rps.gateway.config.SimpleCORSFilter [main] SimpleCORSFilter init
2022-08-22 11:24:42,806 INFO org.springframework.cloud.netflix.eureka.config.DiscoveryClientOptionalArgsConfiguration [main] Eureka HTTP Client uses Jersey
2022-08-22 11:24:42,854 INFO org.springframework.boot.actuate.endpoint.web.EndpointLinksResolver [main] Exposing 2 endpoint(s) beneath base path '/actuator'
2022-08-22 11:24:43,002 INFO springfox.documentation.spring.web.PropertySourcedRequestMappingHandlerMapping [main] Mapped URL path [/v2/api-docs] onto method [springfox.documentation.swagger2.web.Swagger2Controller#getDocumentation(String, HttpServletRequest)]
2022-08-22 11:24:43,478 INFO org.springframework.security.web.DefaultSecurityFilterChain [main] Creating filter chain: any request, [org.springframework.security.web.context.request.async.WebAsyncManagerIntegrationFilter@4a49919c, org.springframework.security.web.context.SecurityContextPersistenceFilter@4fc256ec, org.springframework.security.web.header.HeaderWriterFilter@362c48c, org.springframework.web.filter.CorsFilter@3e5b2630, org.springframework.security.web.authentication.logout.LogoutFilter@78aa1753, com.rps.gateway.config.AuthTokenFilter@774c5e5c, org.springframework.security.web.savedrequest.RequestCacheAwareFilter@78bce1c4, org.springframework.security.web.servletapi.SecurityContextHolderAwareRequestFilter@126ff1a1, org.springframework.security.web.authentication.AnonymousAuthenticationFilter@1c22642d, org.springframework.security.web.session.SessionManagementFilter@225ac5e7, org.springframework.security.web.access.ExceptionTranslationFilter@15ee8861, org.springframework.security.web.access.intercept.FilterSecurityInterceptor@3d5f08d4]
2022-08-22 11:24:43,508 WARN com.netflix.config.sources.URLConfigurationSource [main] No URLs will be polled as dynamic configuration sources.
2022-08-22 11:24:43,508 INFO com.netflix.config.sources.URLConfigurationSource [main] To enable URLs as dynamic configuration sources, define System property archaius.configurationSource.additionalUrls or make config.properties available on classpath.
2022-08-22 11:24:43,604 INFO org.springframework.scheduling.concurrent.ThreadPoolTaskExecutor [main] Initializing ExecutorService 'applicationTaskExecutor'
2022-08-22 11:24:44,194 WARN org.springframework.cloud.loadbalancer.config.BlockingLoadBalancerClientAutoConfiguration$BlockingLoadBalancerClientRibbonWarnLogger [main] You already have RibbonLoadBalancerClient on your classpath. It will be used by default. As Spring Cloud Ribbon is in maintenance mode. We recommend switching to BlockingLoadBalancerClient instead. In order to use it, set the value of `spring.cloud.loadbalancer.ribbon.enabled` to `false` or remove spring-cloud-starter-netflix-ribbon from your project.
2022-08-22 11:24:44,399 INFO org.springframework.cloud.netflix.zuul.ZuulFilterInitializer [main] Starting filter initializer
2022-08-22 11:24:44,596 INFO org.springframework.cloud.netflix.eureka.InstanceInfoFactory [main] Setting initial instance status as: STARTING
2022-08-22 11:24:44,671 INFO com.netflix.discovery.DiscoveryClient [main] Initializing Eureka in region us-east-1
2022-08-22 11:24:44,751 INFO com.netflix.discovery.provider.DiscoveryJerseyProvider [main] Using JSON encoding codec LegacyJacksonJson
2022-08-22 11:24:44,752 INFO com.netflix.discovery.provider.DiscoveryJerseyProvider [main] Using JSON decoding codec LegacyJacksonJson
2022-08-22 11:24:44,915 INFO com.netflix.discovery.provider.DiscoveryJerseyProvider [main] Using XML encoding codec XStreamXml
2022-08-22 11:24:44,916 INFO com.netflix.discovery.provider.DiscoveryJerseyProvider [main] Using XML decoding codec XStreamXml
2022-08-22 11:24:45,209 INFO com.netflix.discovery.shared.resolver.aws.ConfigClusterResolver [main] Resolving eureka endpoints via configuration
2022-08-22 11:24:45,239 INFO com.netflix.discovery.DiscoveryClient [main] Disable delta property : false
2022-08-22 11:24:45,240 INFO com.netflix.discovery.DiscoveryClient [main] Single vip registry refresh property : null
2022-08-22 11:24:45,240 INFO com.netflix.discovery.DiscoveryClient [main] Force full registry fetch : false
2022-08-22 11:24:45,240 INFO com.netflix.discovery.DiscoveryClient [main] Application is null : false
2022-08-22 11:24:45,240 INFO com.netflix.discovery.DiscoveryClient [main] Registered Applications size is zero : true
2022-08-22 11:24:45,240 INFO com.netflix.discovery.DiscoveryClient [main] Application version is -1: true
2022-08-22 11:24:45,240 INFO com.netflix.discovery.DiscoveryClient [main] Getting all instance registry info from the eureka server
2022-08-22 11:24:45,449 INFO com.netflix.discovery.DiscoveryClient [main] The response status is 200
2022-08-22 11:24:45,454 INFO com.netflix.discovery.DiscoveryClient [main] Starting heartbeat executor: renew interval is: 30
2022-08-22 11:24:45,457 INFO com.netflix.discovery.InstanceInfoReplicator [main] InstanceInfoReplicator onDemand update allowed rate per min is 4
2022-08-22 11:24:45,463 INFO com.netflix.discovery.DiscoveryClient [main] Discovery Client initialized at timestamp 1661147685460 with initial instances count: 1
2022-08-22 11:24:45,472 INFO org.springframework.cloud.netflix.eureka.serviceregistry.EurekaServiceRegistry [main] Registering application GATEWAY with eureka with status UP
2022-08-22 11:24:45,473 INFO com.netflix.discovery.DiscoveryClient [main] Saw local status change event StatusChangeEvent [timestamp=1661147685473, current=UP, previous=STARTING]
2022-08-22 11:24:45,476 INFO com.netflix.discovery.DiscoveryClient [DiscoveryClient-InstanceInfoReplicator-0] DiscoveryClient_GATEWAY/WINDOWS-UNR7VLH:gateway:9080: registering service...
2022-08-22 11:24:45,553 INFO org.springframework.boot.web.embedded.tomcat.TomcatWebServer [main] Tomcat started on port(s): 9080 (http) with context path '/sbp'
2022-08-22 11:24:45,555 INFO org.springframework.cloud.netflix.eureka.serviceregistry.EurekaAutoServiceRegistration [main] Updating port to 9080
2022-08-22 11:24:45,574 INFO com.netflix.discovery.DiscoveryClient [DiscoveryClient-InstanceInfoReplicator-0] DiscoveryClient_GATEWAY/WINDOWS-UNR7VLH:gateway:9080 - registration status: 204
2022-08-22 11:24:45,669 INFO springfox.documentation.spring.web.plugins.DocumentationPluginsBootstrapper [main] Context refreshed
2022-08-22 11:24:45,690 INFO springfox.documentation.spring.web.plugins.DocumentationPluginsBootstrapper [main] Found 1 custom documentation plugin(s)
2022-08-22 11:24:45,753 INFO springfox.documentation.spring.web.scanners.ApiListingReferenceScanner [main] Scanning for api listing references
2022-08-22 11:24:45,987 INFO com.rps.gateway.GatewayServiceApplication [main] Started GatewayServiceApplication in 14.799 seconds (JVM running for 17.089)
2022-08-22 11:27:13,866 INFO org.apache.catalina.core.ContainerBase.[Tomcat].[localhost].[/sbp] [http-nio-9080-exec-6] Initializing Spring DispatcherServlet 'dispatcherServlet'
2022-08-22 11:27:13,867 INFO org.springframework.web.servlet.DispatcherServlet [http-nio-9080-exec-6] Initializing Servlet 'dispatcherServlet'
2022-08-22 11:27:13,903 INFO org.springframework.web.servlet.DispatcherServlet [http-nio-9080-exec-6] Completed initialization in 35 ms
2022-08-22 11:27:14,066 ERROR com.rps.gateway.config.JwtTokenUtils [http-nio-9080-exec-6] JWT claims string is empty: JWT String argument cannot be null or empty.
2022-08-22 11:27:15,102 DEBUG org.hibernate.SQL [http-nio-9080-exec-6] select userinfo0_.id as id1_1_, userinfo0_.createdDate as createdd2_1_, userinfo0_.employeeId as employee3_1_, userinfo0_.firstName as firstnam4_1_, userinfo0_.lastName as lastname5_1_, userinfo0_.password as password6_1_, userinfo0_.roleId as roleid8_1_, userinfo0_.userName as username7_1_ from UserInfo userinfo0_ where userinfo0_.userName=?
2022-08-22 11:27:15,162 TRACE org.hibernate.type.descriptor.sql.BasicBinder [http-nio-9080-exec-6] binding parameter [1] as [VARCHAR] - [kalaiv]
2022-08-22 11:27:15,252 DEBUG org.hibernate.SQL [http-nio-9080-exec-6] select roleinfo0_.id as id1_0_0_, roleinfo0_.roleName as rolename2_0_0_ from RoleInfo roleinfo0_ where roleinfo0_.id=?
2022-08-22 11:27:15,254 TRACE org.hibernate.type.descriptor.sql.BasicBinder [http-nio-9080-exec-6] binding parameter [1] as [INTEGER] - [1]
2022-08-22 11:27:15,972 DEBUG org.hibernate.SQL [http-nio-9080-exec-6] select userinfo0_.id as id1_1_, userinfo0_.createdDate as createdd2_1_, userinfo0_.employeeId as employee3_1_, userinfo0_.firstName as firstnam4_1_, userinfo0_.lastName as lastname5_1_, userinfo0_.password as password6_1_, userinfo0_.roleId as roleid8_1_, userinfo0_.userName as username7_1_ from UserInfo userinfo0_ where userinfo0_.userName=?
2022-08-22 11:27:15,974 TRACE org.hibernate.type.descriptor.sql.BasicBinder [http-nio-9080-exec-6] binding parameter [1] as [VARCHAR] - [kalaiv]
2022-08-22 11:27:17,168 DEBUG org.hibernate.SQL [http-nio-9080-exec-5] select userinfo0_.id as id1_1_, userinfo0_.createdDate as createdd2_1_, userinfo0_.employeeId as employee3_1_, userinfo0_.firstName as firstnam4_1_, userinfo0_.lastName as lastname5_1_, userinfo0_.password as password6_1_, userinfo0_.roleId as roleid8_1_, userinfo0_.userName as username7_1_ from UserInfo userinfo0_ where userinfo0_.userName=?
2022-08-22 11:27:17,173 TRACE org.hibernate.type.descriptor.sql.BasicBinder [http-nio-9080-exec-5] binding parameter [1] as [VARCHAR] - [KalaiV]
2022-08-22 11:27:17,178 DEBUG org.hibernate.SQL [http-nio-9080-exec-5] select roleinfo0_.id as id1_0_0_, roleinfo0_.roleName as rolename2_0_0_ from RoleInfo roleinfo0_ where roleinfo0_.id=?
2022-08-22 11:27:17,179 TRACE org.hibernate.type.descriptor.sql.BasicBinder [http-nio-9080-exec-5] binding parameter [1] as [INTEGER] - [1]
2022-08-22 11:28:49,081 DEBUG org.hibernate.SQL [http-nio-9080-exec-3] select userinfo0_.id as id1_1_, userinfo0_.createdDate as createdd2_1_, userinfo0_.employeeId as employee3_1_, userinfo0_.firstName as firstnam4_1_, userinfo0_.lastName as lastname5_1_, userinfo0_.password as password6_1_, userinfo0_.roleId as roleid8_1_, userinfo0_.userName as username7_1_ from UserInfo userinfo0_ where userinfo0_.userName=?
2022-08-22 11:28:49,083 TRACE org.hibernate.type.descriptor.sql.BasicBinder [http-nio-9080-exec-3] binding parameter [1] as [VARCHAR] - [KalaiV]
2022-08-22 11:28:49,086 DEBUG org.hibernate.SQL [http-nio-9080-exec-3] select roleinfo0_.id as id1_0_0_, roleinfo0_.roleName as rolename2_0_0_ from RoleInfo roleinfo0_ where roleinfo0_.id=?
2022-08-22 11:28:49,086 TRACE org.hibernate.type.descriptor.sql.BasicBinder [http-nio-9080-exec-3] binding parameter [1] as [INTEGER] - [1]
2022-08-22 11:29:31,225 DEBUG org.hibernate.SQL [http-nio-9080-exec-2] select userinfo0_.id as id1_1_, userinfo0_.createdDate as createdd2_1_, userinfo0_.employeeId as employee3_1_, userinfo0_.firstName as firstnam4_1_, userinfo0_.lastName as lastname5_1_, userinfo0_.password as password6_1_, userinfo0_.roleId as roleid8_1_, userinfo0_.userName as username7_1_ from UserInfo userinfo0_ where userinfo0_.userName=?
2022-08-22 11:29:31,226 TRACE org.hibernate.type.descriptor.sql.BasicBinder [http-nio-9080-exec-2] binding parameter [1] as [VARCHAR] - [KalaiV]
2022-08-22 11:29:31,230 DEBUG org.hibernate.SQL [http-nio-9080-exec-2] select roleinfo0_.id as id1_0_0_, roleinfo0_.roleName as rolename2_0_0_ from RoleInfo roleinfo0_ where roleinfo0_.id=?
2022-08-22 11:29:31,230 TRACE org.hibernate.type.descriptor.sql.BasicBinder [http-nio-9080-exec-2] binding parameter [1] as [INTEGER] - [1]
2022-08-22 11:29:45,250 INFO com.netflix.discovery.shared.resolver.aws.ConfigClusterResolver [AsyncResolver-bootstrap-executor-0] Resolving eureka endpoints via configuration
2022-08-22 11:30:16,234 DEBUG org.hibernate.SQL [http-nio-9080-exec-1] select userinfo0_.id as id1_1_, userinfo0_.createdDate as createdd2_1_, userinfo0_.employeeId as employee3_1_, userinfo0_.firstName as firstnam4_1_, userinfo0_.lastName as lastname5_1_, userinfo0_.password as password6_1_, userinfo0_.roleId as roleid8_1_, userinfo0_.userName as username7_1_ from UserInfo userinfo0_ where userinfo0_.userName=?
2022-08-22 11:30:16,236 TRACE org.hibernate.type.descriptor.sql.BasicBinder [http-nio-9080-exec-1] binding parameter [1] as [VARCHAR] - [KalaiV]
2022-08-22 11:30:16,238 DEBUG org.hibernate.SQL [http-nio-9080-exec-1] select roleinfo0_.id as id1_0_0_, roleinfo0_.roleName as rolename2_0_0_ from RoleInfo roleinfo0_ where roleinfo0_.id=?
2022-08-22 11:30:16,238 TRACE org.hibernate.type.descriptor.sql.BasicBinder [http-nio-9080-exec-1] binding parameter [1] as [INTEGER] - [1]
2022-08-22 11:34:45,262 INFO com.netflix.discovery.shared.resolver.aws.ConfigClusterResolver [AsyncResolver-bootstrap-executor-0] Resolving eureka endpoints via configuration
2022-08-22 11:39:45,270 INFO com.netflix.discovery.shared.resolver.aws.ConfigClusterResolver [AsyncResolver-bootstrap-executor-0] Resolving eureka endpoints via configuration
2022-08-22 11:44:45,276 INFO com.netflix.discovery.shared.resolver.aws.ConfigClusterResolver [AsyncResolver-bootstrap-executor-0] Resolving eureka endpoints via configuration
2022-08-22 11:49:45,284 INFO com.netflix.discovery.shared.resolver.aws.ConfigClusterResolver [AsyncResolver-bootstrap-executor-0] Resolving eureka endpoints via configuration
2022-08-22 11:54:45,299 INFO com.netflix.discovery.shared.resolver.aws.ConfigClusterResolver [AsyncResolver-bootstrap-executor-0] Resolving eureka endpoints via configuration
2022-08-22 11:59:45,306 INFO com.netflix.discovery.shared.resolver.aws.ConfigClusterResolver [AsyncResolver-bootstrap-executor-0] Resolving eureka endpoints via configuration
2022-08-22 12:04:45,311 INFO com.netflix.discovery.shared.resolver.aws.ConfigClusterResolver [AsyncResolver-bootstrap-executor-0] Resolving eureka endpoints via configuration
2022-08-22 12:09:45,313 INFO com.netflix.discovery.shared.resolver.aws.ConfigClusterResolver [AsyncResolver-bootstrap-executor-0] Resolving eureka endpoints via configuration
2022-08-22 12:14:45,319 INFO com.netflix.discovery.shared.resolver.aws.ConfigClusterResolver [AsyncResolver-bootstrap-executor-0] Resolving eureka endpoints via configuration
2022-08-22 12:19:45,332 INFO com.netflix.discovery.shared.resolver.aws.ConfigClusterResolver [AsyncResolver-bootstrap-executor-0] Resolving eureka endpoints via configuration
2022-08-22 12:24:45,341 INFO com.netflix.discovery.shared.resolver.aws.ConfigClusterResolver [AsyncResolver-bootstrap-executor-0] Resolving eureka endpoints via configuration
2022-08-22 12:29:45,345 INFO com.netflix.discovery.shared.resolver.aws.ConfigClusterResolver [AsyncResolver-bootstrap-executor-0] Resolving eureka endpoints via configuration
2022-08-22 12:34:45,362 INFO com.netflix.discovery.shared.resolver.aws.ConfigClusterResolver [AsyncResolver-bootstrap-executor-0] Resolving eureka endpoints via configuration
2022-08-22 12:39:45,364 INFO com.netflix.discovery.shared.resolver.aws.ConfigClusterResolver [AsyncResolver-bootstrap-executor-0] Resolving eureka endpoints via configuration
2022-08-22 12:44:45,373 INFO com.netflix.discovery.shared.resolver.aws.ConfigClusterResolver [AsyncResolver-bootstrap-executor-0] Resolving eureka endpoints via configuration
2022-08-22 12:49:45,387 INFO com.netflix.discovery.shared.resolver.aws.ConfigClusterResolver [AsyncResolver-bootstrap-executor-0] Resolving eureka endpoints via configuration
2022-08-22 12:54:45,393 INFO com.netflix.discovery.shared.resolver.aws.ConfigClusterResolver [AsyncResolver-bootstrap-executor-0] Resolving eureka endpoints via configuration
2022-08-22 12:59:45,400 INFO com.netflix.discovery.shared.resolver.aws.ConfigClusterResolver [AsyncResolver-bootstrap-executor-0] Resolving eureka endpoints via configuration
2022-08-22 13:04:45,411 INFO com.netflix.discovery.shared.resolver.aws.ConfigClusterResolver [AsyncResolver-bootstrap-executor-0] Resolving eureka endpoints via configuration
2022-08-22 13:09:45,428 INFO com.netflix.discovery.shared.resolver.aws.ConfigClusterResolver [AsyncResolver-bootstrap-executor-0] Resolving eureka endpoints via configuration
2022-08-22 13:14:45,432 INFO com.netflix.discovery.shared.resolver.aws.ConfigClusterResolver [AsyncResolver-bootstrap-executor-0] Resolving eureka endpoints via configuration
2022-08-22 13:19:45,448 INFO com.netflix.discovery.shared.resolver.aws.ConfigClusterResolver [AsyncResolver-bootstrap-executor-0] Resolving eureka endpoints via configuration
2022-08-22 13:24:45,454 INFO com.netflix.discovery.shared.resolver.aws.ConfigClusterResolver [AsyncResolver-bootstrap-executor-0] Resolving eureka endpoints via configuration
2022-08-22 13:29:45,461 INFO com.netflix.discovery.shared.resolver.aws.ConfigClusterResolver [AsyncResolver-bootstrap-executor-0] Resolving eureka endpoints via configuration
2022-08-22 13:34:45,473 INFO com.netflix.discovery.shared.resolver.aws.ConfigClusterResolver [AsyncResolver-bootstrap-executor-0] Resolving eureka endpoints via configuration
2022-08-22 13:39:45,482 INFO com.netflix.discovery.shared.resolver.aws.ConfigClusterResolver [AsyncResolver-bootstrap-executor-0] Resolving eureka endpoints via configuration
2022-08-22 13:44:45,496 INFO com.netflix.discovery.shared.resolver.aws.ConfigClusterResolver [AsyncResolver-bootstrap-executor-0] Resolving eureka endpoints via configuration
2022-08-22 13:49:45,511 INFO com.netflix.discovery.shared.resolver.aws.ConfigClusterResolver [AsyncResolver-bootstrap-executor-0] Resolving eureka endpoints via configuration
2022-08-22 13:54:45,528 INFO com.netflix.discovery.shared.resolver.aws.ConfigClusterResolver [AsyncResolver-bootstrap-executor-0] Resolving eureka endpoints via configuration
2022-08-22 13:59:45,541 INFO com.netflix.discovery.shared.resolver.aws.ConfigClusterResolver [AsyncResolver-bootstrap-executor-0] Resolving eureka endpoints via configuration
2022-08-22 14:04:45,550 INFO com.netflix.discovery.shared.resolver.aws.ConfigClusterResolver [AsyncResolver-bootstrap-executor-0] Resolving eureka endpoints via configuration
2022-08-22 14:09:45,559 INFO com.netflix.discovery.shared.resolver.aws.ConfigClusterResolver [AsyncResolver-bootstrap-executor-0] Resolving eureka endpoints via configuration
2022-08-22 14:14:45,569 INFO com.netflix.discovery.shared.resolver.aws.ConfigClusterResolver [AsyncResolver-bootstrap-executor-0] Resolving eureka endpoints via configuration
2022-08-22 14:19:45,573 INFO com.netflix.discovery.shared.resolver.aws.ConfigClusterResolver [AsyncResolver-bootstrap-executor-0] Resolving eureka endpoints via configuration
2022-08-22 14:24:45,583 INFO com.netflix.discovery.shared.resolver.aws.ConfigClusterResolver [AsyncResolver-bootstrap-executor-0] Resolving eureka endpoints via configuration
2022-08-22 14:29:45,599 INFO com.netflix.discovery.shared.resolver.aws.ConfigClusterResolver [AsyncResolver-bootstrap-executor-0] Resolving eureka endpoints via configuration
2022-08-22 14:34:45,606 INFO com.netflix.discovery.shared.resolver.aws.ConfigClusterResolver [AsyncResolver-bootstrap-executor-0] Resolving eureka endpoints via configuration
2022-08-22 14:39:45,621 INFO com.netflix.discovery.shared.resolver.aws.ConfigClusterResolver [AsyncResolver-bootstrap-executor-0] Resolving eureka endpoints via configuration
2022-08-22 14:44:45,634 INFO com.netflix.discovery.shared.resolver.aws.ConfigClusterResolver [AsyncResolver-bootstrap-executor-0] Resolving eureka endpoints via configuration
2022-08-22 14:49:45,642 INFO com.netflix.discovery.shared.resolver.aws.ConfigClusterResolver [AsyncResolver-bootstrap-executor-0] Resolving eureka endpoints via configuration
2022-08-22 14:54:45,654 INFO com.netflix.discovery.shared.resolver.aws.ConfigClusterResolver [AsyncResolver-bootstrap-executor-0] Resolving eureka endpoints via configuration
2022-08-22 14:59:45,660 INFO com.netflix.discovery.shared.resolver.aws.ConfigClusterResolver [AsyncResolver-bootstrap-executor-0] Resolving eureka endpoints via configuration
2022-08-22 15:04:45,663 INFO com.netflix.discovery.shared.resolver.aws.ConfigClusterResolver [AsyncResolver-bootstrap-executor-0] Resolving eureka endpoints via configuration
2022-08-22 15:09:45,680 INFO com.netflix.discovery.shared.resolver.aws.ConfigClusterResolver [AsyncResolver-bootstrap-executor-0] Resolving eureka endpoints via configuration
2022-08-22 15:14:45,696 INFO com.netflix.discovery.shared.resolver.aws.ConfigClusterResolver [AsyncResolver-bootstrap-executor-0] Resolving eureka endpoints via configuration
2022-08-22 15:19:45,702 INFO com.netflix.discovery.shared.resolver.aws.ConfigClusterResolver [AsyncResolver-bootstrap-executor-0] Resolving eureka endpoints via configuration
2022-08-22 15:24:45,708 INFO com.netflix.discovery.shared.resolver.aws.ConfigClusterResolver [AsyncResolver-bootstrap-executor-0] Resolving eureka endpoints via configuration
2022-08-22 15:29:45,714 INFO com.netflix.discovery.shared.resolver.aws.ConfigClusterResolver [AsyncResolver-bootstrap-executor-0] Resolving eureka endpoints via configuration
2022-08-22 15:34:45,719 INFO com.netflix.discovery.shared.resolver.aws.ConfigClusterResolver [AsyncResolver-bootstrap-executor-0] Resolving eureka endpoints via configuration
2022-08-22 15:39:45,724 INFO com.netflix.discovery.shared.resolver.aws.ConfigClusterResolver [AsyncResolver-bootstrap-executor-0] Resolving eureka endpoints via configuration
2022-08-22 15:44:45,730 INFO com.netflix.discovery.shared.resolver.aws.ConfigClusterResolver [AsyncResolver-bootstrap-executor-0] Resolving eureka endpoints via configuration
2022-08-22 15:49:45,743 INFO com.netflix.discovery.shared.resolver.aws.ConfigClusterResolver [AsyncResolver-bootstrap-executor-0] Resolving eureka endpoints via configuration
2022-08-22 15:54:45,758 INFO com.netflix.discovery.shared.resolver.aws.ConfigClusterResolver [AsyncResolver-bootstrap-executor-0] Resolving eureka endpoints via configuration
2022-08-22 15:59:45,769 INFO com.netflix.discovery.shared.resolver.aws.ConfigClusterResolver [AsyncResolver-bootstrap-executor-0] Resolving eureka endpoints via configuration
2022-08-22 16:04:45,782 INFO com.netflix.discovery.shared.resolver.aws.ConfigClusterResolver [AsyncResolver-bootstrap-executor-0] Resolving eureka endpoints via configuration
2022-08-22 16:09:45,795 INFO com.netflix.discovery.shared.resolver.aws.ConfigClusterResolver [AsyncResolver-bootstrap-executor-0] Resolving eureka endpoints via configuration
2022-08-22 16:14:45,802 INFO com.netflix.discovery.shared.resolver.aws.ConfigClusterResolver [AsyncResolver-bootstrap-executor-0] Resolving eureka endpoints via configuration
2022-08-22 16:19:45,806 INFO com.netflix.discovery.shared.resolver.aws.ConfigClusterResolver [AsyncResolver-bootstrap-executor-0] Resolving eureka endpoints via configuration
2022-08-22 16:24:45,821 INFO com.netflix.discovery.shared.resolver.aws.ConfigClusterResolver [AsyncResolver-bootstrap-executor-0] Resolving eureka endpoints via configuration
2022-08-22 16:29:45,825 INFO com.netflix.discovery.shared.resolver.aws.ConfigClusterResolver [AsyncResolver-bootstrap-executor-0] Resolving eureka endpoints via configuration
2022-08-22 16:34:45,833 INFO com.netflix.discovery.shared.resolver.aws.ConfigClusterResolver [AsyncResolver-bootstrap-executor-0] Resolving eureka endpoints via configuration
2022-08-22 16:39:45,835 INFO com.netflix.discovery.shared.resolver.aws.ConfigClusterResolver [AsyncResolver-bootstrap-executor-0] Resolving eureka endpoints via configuration
2022-08-22 16:44:45,841 INFO com.netflix.discovery.shared.resolver.aws.ConfigClusterResolver [AsyncResolver-bootstrap-executor-0] Resolving eureka endpoints via configuration
2022-08-22 16:49:45,857 INFO com.netflix.discovery.shared.resolver.aws.ConfigClusterResolver [AsyncResolver-bootstrap-executor-0] Resolving eureka endpoints via configuration
2022-08-22 16:54:45,861 INFO com.netflix.discovery.shared.resolver.aws.ConfigClusterResolver [AsyncResolver-bootstrap-executor-0] Resolving eureka endpoints via configuration
2022-08-22 16:59:45,865 INFO com.netflix.discovery.shared.resolver.aws.ConfigClusterResolver [AsyncResolver-bootstrap-executor-0] Resolving eureka endpoints via configuration
2022-08-22 17:04:45,882 INFO com.netflix.discovery.shared.resolver.aws.ConfigClusterResolver [AsyncResolver-bootstrap-executor-0] Resolving eureka endpoints via configuration
2022-08-22 17:09:45,898 INFO com.netflix.discovery.shared.resolver.aws.ConfigClusterResolver [AsyncResolver-bootstrap-executor-0] Resolving eureka endpoints via configuration
2022-08-22 17:14:45,905 INFO com.netflix.discovery.shared.resolver.aws.ConfigClusterResolver [AsyncResolver-bootstrap-executor-0] Resolving eureka endpoints via configuration
2022-08-22 17:19:45,921 INFO com.netflix.discovery.shared.resolver.aws.ConfigClusterResolver [AsyncResolver-bootstrap-executor-0] Resolving eureka endpoints via configuration
2022-08-22 17:24:45,935 INFO com.netflix.discovery.shared.resolver.aws.ConfigClusterResolver [AsyncResolver-bootstrap-executor-0] Resolving eureka endpoints via configuration
2022-08-22 17:29:45,953 INFO com.netflix.discovery.shared.resolver.aws.ConfigClusterResolver [AsyncResolver-bootstrap-executor-0] Resolving eureka endpoints via configuration
2022-08-22 17:34:45,968 INFO com.netflix.discovery.shared.resolver.aws.ConfigClusterResolver [AsyncResolver-bootstrap-executor-0] Resolving eureka endpoints via configuration
2022-08-22 17:39:45,984 INFO com.netflix.discovery.shared.resolver.aws.ConfigClusterResolver [AsyncResolver-bootstrap-executor-0] Resolving eureka endpoints via configuration
2022-08-22 17:44:45,986 INFO com.netflix.discovery.shared.resolver.aws.ConfigClusterResolver [AsyncResolver-bootstrap-executor-0] Resolving eureka endpoints via configuration
2022-08-22 17:49:46,000 INFO com.netflix.discovery.shared.resolver.aws.ConfigClusterResolver [AsyncResolver-bootstrap-executor-0] Resolving eureka endpoints via configuration
2022-08-22 17:54:46,011 INFO com.netflix.discovery.shared.resolver.aws.ConfigClusterResolver [AsyncResolver-bootstrap-executor-0] Resolving eureka endpoints via configuration
2022-08-22 17:59:46,014 INFO com.netflix.discovery.shared.resolver.aws.ConfigClusterResolver [AsyncResolver-bootstrap-executor-0] Resolving eureka endpoints via configuration
2022-08-22 18:04:46,028 INFO com.netflix.discovery.shared.resolver.aws.ConfigClusterResolver [AsyncResolver-bootstrap-executor-0] Resolving eureka endpoints via configuration
2022-08-22 18:09:46,036 INFO com.netflix.discovery.shared.resolver.aws.ConfigClusterResolver [AsyncResolver-bootstrap-executor-0] Resolving eureka endpoints via configuration
2022-08-22 18:14:46,045 INFO com.netflix.discovery.shared.resolver.aws.ConfigClusterResolver [AsyncResolver-bootstrap-executor-0] Resolving eureka endpoints via configuration
2022-08-22 18:19:46,055 INFO com.netflix.discovery.shared.resolver.aws.ConfigClusterResolver [AsyncResolver-bootstrap-executor-0] Resolving eureka endpoints via configuration
2022-08-22 18:24:46,065 INFO com.netflix.discovery.shared.resolver.aws.ConfigClusterResolver [AsyncResolver-bootstrap-executor-0] Resolving eureka endpoints via configuration
2022-08-22 18:29:46,080 INFO com.netflix.discovery.shared.resolver.aws.ConfigClusterResolver [AsyncResolver-bootstrap-executor-0] Resolving eureka endpoints via configuration
2022-08-22 18:34:46,097 INFO com.netflix.discovery.shared.resolver.aws.ConfigClusterResolver [AsyncResolver-bootstrap-executor-0] Resolving eureka endpoints via configuration
2022-08-22 18:39:46,107 INFO com.netflix.discovery.shared.resolver.aws.ConfigClusterResolver [AsyncResolver-bootstrap-executor-0] Resolving eureka endpoints via configuration
2022-08-22 18:44:46,125 INFO com.netflix.discovery.shared.resolver.aws.ConfigClusterResolver [AsyncResolver-bootstrap-executor-0] Resolving eureka endpoints via configuration
2022-08-22 18:49:46,138 INFO com.netflix.discovery.shared.resolver.aws.ConfigClusterResolver [AsyncResolver-bootstrap-executor-0] Resolving eureka endpoints via configuration
2022-08-22 18:54:46,152 INFO com.netflix.discovery.shared.resolver.aws.ConfigClusterResolver [AsyncResolver-bootstrap-executor-0] Resolving eureka endpoints via configuration
2022-08-22 18:59:46,166 INFO com.netflix.discovery.shared.resolver.aws.ConfigClusterResolver [AsyncResolver-bootstrap-executor-0] Resolving eureka endpoints via configuration
2022-08-22 19:04:46,173 INFO com.netflix.discovery.shared.resolver.aws.ConfigClusterResolver [AsyncResolver-bootstrap-executor-0] Resolving eureka endpoints via configuration
2022-08-22 19:09:46,179 INFO com.netflix.discovery.shared.resolver.aws.ConfigClusterResolver [AsyncResolver-bootstrap-executor-0] Resolving eureka endpoints via configuration
2022-08-22 19:14:46,187 INFO com.netflix.discovery.shared.resolver.aws.ConfigClusterResolver [AsyncResolver-bootstrap-executor-0] Resolving eureka endpoints via configuration
2022-08-22 19:19:46,201 INFO com.netflix.discovery.shared.resolver.aws.ConfigClusterResolver [AsyncResolver-bootstrap-executor-0] Resolving eureka endpoints via configuration
2022-08-22 19:24:46,210 INFO com.netflix.discovery.shared.resolver.aws.ConfigClusterResolver [AsyncResolver-bootstrap-executor-0] Resolving eureka endpoints via configuration
2022-08-22 19:29:46,228 INFO com.netflix.discovery.shared.resolver.aws.ConfigClusterResolver [AsyncResolver-bootstrap-executor-0] Resolving eureka endpoints via configuration
2022-08-22 19:34:46,238 INFO com.netflix.discovery.shared.resolver.aws.ConfigClusterResolver [AsyncResolver-bootstrap-executor-0] Resolving eureka endpoints via configuration
2022-08-22 19:39:46,252 INFO com.netflix.discovery.shared.resolver.aws.ConfigClusterResolver [AsyncResolver-bootstrap-executor-0] Resolving eureka endpoints via configuration
2022-08-22 19:44:46,258 INFO com.netflix.discovery.shared.resolver.aws.ConfigClusterResolver [AsyncResolver-bootstrap-executor-0] Resolving eureka endpoints via configuration
2022-08-22 19:49:46,269 INFO com.netflix.discovery.shared.resolver.aws.ConfigClusterResolver [AsyncResolver-bootstrap-executor-0] Resolving eureka endpoints via configuration
2022-08-22 19:54:46,282 INFO com.netflix.discovery.shared.resolver.aws.ConfigClusterResolver [AsyncResolver-bootstrap-executor-0] Resolving eureka endpoints via configuration
2022-08-22 19:59:46,294 INFO com.netflix.discovery.shared.resolver.aws.ConfigClusterResolver [AsyncResolver-bootstrap-executor-0] Resolving eureka endpoints via configuration
2022-08-22 20:04:46,303 INFO com.netflix.discovery.shared.resolver.aws.ConfigClusterResolver [AsyncResolver-bootstrap-executor-0] Resolving eureka endpoints via configuration
2022-08-22 20:09:46,314 INFO com.netflix.discovery.shared.resolver.aws.ConfigClusterResolver [AsyncResolver-bootstrap-executor-0] Resolving eureka endpoints via configuration
2022-08-22 20:14:46,320 INFO com.netflix.discovery.shared.resolver.aws.ConfigClusterResolver [AsyncResolver-bootstrap-executor-0] Resolving eureka endpoints via configuration
2022-08-22 20:19:46,327 INFO com.netflix.discovery.shared.resolver.aws.ConfigClusterResolver [AsyncResolver-bootstrap-executor-0] Resolving eureka endpoints via configuration
2022-08-22 20:24:46,332 INFO com.netflix.discovery.shared.resolver.aws.ConfigClusterResolver [AsyncResolver-bootstrap-executor-0] Resolving eureka endpoints via configuration
2022-08-22 20:29:46,337 INFO com.netflix.discovery.shared.resolver.aws.ConfigClusterResolver [AsyncResolver-bootstrap-executor-0] Resolving eureka endpoints via configuration
2022-08-22 20:34:46,343 INFO com.netflix.discovery.shared.resolver.aws.ConfigClusterResolver [AsyncResolver-bootstrap-executor-0] Resolving eureka endpoints via configuration
2022-08-22 20:39:46,350 INFO com.netflix.discovery.shared.resolver.aws.ConfigClusterResolver [AsyncResolver-bootstrap-executor-0] Resolving eureka endpoints via configuration
2022-08-22 20:44:46,358 INFO com.netflix.discovery.shared.resolver.aws.ConfigClusterResolver [AsyncResolver-bootstrap-executor-0] Resolving eureka endpoints via configuration
2022-08-22 20:49:46,369 INFO com.netflix.discovery.shared.resolver.aws.ConfigClusterResolver [AsyncResolver-bootstrap-executor-0] Resolving eureka endpoints via configuration
2022-08-22 20:54:46,384 INFO com.netflix.discovery.shared.resolver.aws.ConfigClusterResolver [AsyncResolver-bootstrap-executor-0] Resolving eureka endpoints via configuration
2022-08-22 20:59:46,386 INFO com.netflix.discovery.shared.resolver.aws.ConfigClusterResolver [AsyncResolver-bootstrap-executor-0] Resolving eureka endpoints via configuration
2022-08-22 21:04:46,400 INFO com.netflix.discovery.shared.resolver.aws.ConfigClusterResolver [AsyncResolver-bootstrap-executor-0] Resolving eureka endpoints via configuration
2022-08-22 21:09:46,407 INFO com.netflix.discovery.shared.resolver.aws.ConfigClusterResolver [AsyncResolver-bootstrap-executor-0] Resolving eureka endpoints via configuration
2022-08-22 21:14:46,416 INFO com.netflix.discovery.shared.resolver.aws.ConfigClusterResolver [AsyncResolver-bootstrap-executor-0] Resolving eureka endpoints via configuration
2022-08-22 21:19:46,422 INFO com.netflix.discovery.shared.resolver.aws.ConfigClusterResolver [AsyncResolver-bootstrap-executor-0] Resolving eureka endpoints via configuration
2022-08-22 21:24:46,427 INFO com.netflix.discovery.shared.resolver.aws.ConfigClusterResolver [AsyncResolver-bootstrap-executor-0] Resolving eureka endpoints via configuration
2022-08-22 21:29:46,432 INFO com.netflix.discovery.shared.resolver.aws.ConfigClusterResolver [AsyncResolver-bootstrap-executor-0] Resolving eureka endpoints via configuration
2022-08-22 21:34:46,437 INFO com.netflix.discovery.shared.resolver.aws.ConfigClusterResolver [AsyncResolver-bootstrap-executor-0] Resolving eureka endpoints via configuration
2022-08-22 21:39:46,445 INFO com.netflix.discovery.shared.resolver.aws.ConfigClusterResolver [AsyncResolver-bootstrap-executor-0] Resolving eureka endpoints via configuration
2022-08-22 21:44:46,456 INFO com.netflix.discovery.shared.resolver.aws.ConfigClusterResolver [AsyncResolver-bootstrap-executor-0] Resolving eureka endpoints via configuration
2022-08-22 21:49:46,460 INFO com.netflix.discovery.shared.resolver.aws.ConfigClusterResolver [AsyncResolver-bootstrap-executor-0] Resolving eureka endpoints via configuration
2022-08-22 21:54:46,474 INFO com.netflix.discovery.shared.resolver.aws.ConfigClusterResolver [AsyncResolver-bootstrap-executor-0] Resolving eureka endpoints via configuration
2022-08-22 21:59:46,489 INFO com.netflix.discovery.shared.resolver.aws.ConfigClusterResolver [AsyncResolver-bootstrap-executor-0] Resolving eureka endpoints via configuration
2022-08-22 22:04:46,505 INFO com.netflix.discovery.shared.resolver.aws.ConfigClusterResolver [AsyncResolver-bootstrap-executor-0] Resolving eureka endpoints via configuration
2022-08-22 22:09:46,516 INFO com.netflix.discovery.shared.resolver.aws.ConfigClusterResolver [AsyncResolver-bootstrap-executor-0] Resolving eureka endpoints via configuration
2022-08-22 22:14:46,524 INFO com.netflix.discovery.shared.resolver.aws.ConfigClusterResolver [AsyncResolver-bootstrap-executor-0] Resolving eureka endpoints via configuration
2022-08-22 22:19:46,531 INFO com.netflix.discovery.shared.resolver.aws.ConfigClusterResolver [AsyncResolver-bootstrap-executor-0] Resolving eureka endpoints via configuration
2022-08-22 22:24:46,533 INFO com.netflix.discovery.shared.resolver.aws.ConfigClusterResolver [AsyncResolver-bootstrap-executor-0] Resolving eureka endpoints via configuration
2022-08-22 22:29:46,541 INFO com.netflix.discovery.shared.resolver.aws.ConfigClusterResolver [AsyncResolver-bootstrap-executor-0] Resolving eureka endpoints via configuration
2022-08-22 22:34:46,560 INFO com.netflix.discovery.shared.resolver.aws.ConfigClusterResolver [AsyncResolver-bootstrap-executor-0] Resolving eureka endpoints via configuration
2022-08-22 22:39:46,572 INFO com.netflix.discovery.shared.resolver.aws.ConfigClusterResolver [AsyncResolver-bootstrap-executor-0] Resolving eureka endpoints via configuration
2022-08-22 22:44:46,576 INFO com.netflix.discovery.shared.resolver.aws.ConfigClusterResolver [AsyncResolver-bootstrap-executor-0] Resolving eureka endpoints via configuration
2022-08-22 22:49:46,585 INFO com.netflix.discovery.shared.resolver.aws.ConfigClusterResolver [AsyncResolver-bootstrap-executor-0] Resolving eureka endpoints via configuration
2022-08-22 22:54:46,594 INFO com.netflix.discovery.shared.resolver.aws.ConfigClusterResolver [AsyncResolver-bootstrap-executor-0] Resolving eureka endpoints via configuration
2022-08-22 22:59:46,598 INFO com.netflix.discovery.shared.resolver.aws.ConfigClusterResolver [AsyncResolver-bootstrap-executor-0] Resolving eureka endpoints via configuration
2022-08-22 23:04:46,612 INFO com.netflix.discovery.shared.resolver.aws.ConfigClusterResolver [AsyncResolver-bootstrap-executor-0] Resolving eureka endpoints via configuration
2022-08-22 23:09:46,626 INFO com.netflix.discovery.shared.resolver.aws.ConfigClusterResolver [AsyncResolver-bootstrap-executor-0] Resolving eureka endpoints via configuration
2022-08-22 23:14:46,632 INFO com.netflix.discovery.shared.resolver.aws.ConfigClusterResolver [AsyncResolver-bootstrap-executor-0] Resolving eureka endpoints via configuration
2022-08-22 23:19:46,637 INFO com.netflix.discovery.shared.resolver.aws.ConfigClusterResolver [AsyncResolver-bootstrap-executor-0] Resolving eureka endpoints via configuration
2022-08-22 23:24:46,642 INFO com.netflix.discovery.shared.resolver.aws.ConfigClusterResolver [AsyncResolver-bootstrap-executor-0] Resolving eureka endpoints via configuration
2022-08-22 23:29:46,649 INFO com.netflix.discovery.shared.resolver.aws.ConfigClusterResolver [AsyncResolver-bootstrap-executor-0] Resolving eureka endpoints via configuration
2022-08-22 23:34:46,654 INFO com.netflix.discovery.shared.resolver.aws.ConfigClusterResolver [AsyncResolver-bootstrap-executor-0] Resolving eureka endpoints via configuration
2022-08-22 23:39:46,658 INFO com.netflix.discovery.shared.resolver.aws.ConfigClusterResolver [AsyncResolver-bootstrap-executor-0] Resolving eureka endpoints via configuration
2022-08-22 23:44:46,668 INFO com.netflix.discovery.shared.resolver.aws.ConfigClusterResolver [AsyncResolver-bootstrap-executor-0] Resolving eureka endpoints via configuration
2022-08-22 23:49:46,675 INFO com.netflix.discovery.shared.resolver.aws.ConfigClusterResolver [AsyncResolver-bootstrap-executor-0] Resolving eureka endpoints via configuration
2022-08-22 23:54:46,682 INFO com.netflix.discovery.shared.resolver.aws.ConfigClusterResolver [AsyncResolver-bootstrap-executor-0] Resolving eureka endpoints via configuration
2022-08-22 23:59:46,695 INFO com.netflix.discovery.shared.resolver.aws.ConfigClusterResolver [AsyncResolver-bootstrap-executor-0] Resolving eureka endpoints via configuration
