2022-08-26 00:02:02,184 INFO com.netflix.discovery.shared.resolver.aws.ConfigClusterResolver [AsyncResolver-bootstrap-executor-0] Resolving eureka endpoints via configuration
2022-08-26 00:07:02,192 INFO com.netflix.discovery.shared.resolver.aws.ConfigClusterResolver [AsyncResolver-bootstrap-executor-0] Resolving eureka endpoints via configuration
2022-08-26 00:12:02,205 INFO com.netflix.discovery.shared.resolver.aws.ConfigClusterResolver [AsyncResolver-bootstrap-executor-0] Resolving eureka endpoints via configuration
2022-08-26 00:17:02,218 INFO com.netflix.discovery.shared.resolver.aws.ConfigClusterResolver [AsyncResolver-bootstrap-executor-0] Resolving eureka endpoints via configuration
2022-08-26 00:22:02,225 INFO com.netflix.discovery.shared.resolver.aws.ConfigClusterResolver [AsyncResolver-bootstrap-executor-0] Resolving eureka endpoints via configuration
2022-08-26 00:27:02,240 INFO com.netflix.discovery.shared.resolver.aws.ConfigClusterResolver [AsyncResolver-bootstrap-executor-0] Resolving eureka endpoints via configuration
2022-08-26 00:32:02,245 INFO com.netflix.discovery.shared.resolver.aws.ConfigClusterResolver [AsyncResolver-bootstrap-executor-0] Resolving eureka endpoints via configuration
2022-08-26 00:37:02,248 INFO com.netflix.discovery.shared.resolver.aws.ConfigClusterResolver [AsyncResolver-bootstrap-executor-0] Resolving eureka endpoints via configuration
2022-08-26 00:42:02,263 INFO com.netflix.discovery.shared.resolver.aws.ConfigClusterResolver [AsyncResolver-bootstrap-executor-0] Resolving eureka endpoints via configuration
2022-08-26 00:47:02,273 INFO com.netflix.discovery.shared.resolver.aws.ConfigClusterResolver [AsyncResolver-bootstrap-executor-0] Resolving eureka endpoints via configuration
2022-08-26 00:52:02,284 INFO com.netflix.discovery.shared.resolver.aws.ConfigClusterResolver [AsyncResolver-bootstrap-executor-0] Resolving eureka endpoints via configuration
2022-08-26 00:57:02,297 INFO com.netflix.discovery.shared.resolver.aws.ConfigClusterResolver [AsyncResolver-bootstrap-executor-0] Resolving eureka endpoints via configuration
2022-08-26 01:02:02,302 INFO com.netflix.discovery.shared.resolver.aws.ConfigClusterResolver [AsyncResolver-bootstrap-executor-0] Resolving eureka endpoints via configuration
2022-08-26 01:07:02,312 INFO com.netflix.discovery.shared.resolver.aws.ConfigClusterResolver [AsyncResolver-bootstrap-executor-0] Resolving eureka endpoints via configuration
2022-08-26 01:12:02,319 INFO com.netflix.discovery.shared.resolver.aws.ConfigClusterResolver [AsyncResolver-bootstrap-executor-0] Resolving eureka endpoints via configuration
2022-08-26 01:17:02,321 INFO com.netflix.discovery.shared.resolver.aws.ConfigClusterResolver [AsyncResolver-bootstrap-executor-0] Resolving eureka endpoints via configuration
2022-08-26 01:22:02,334 INFO com.netflix.discovery.shared.resolver.aws.ConfigClusterResolver [AsyncResolver-bootstrap-executor-0] Resolving eureka endpoints via configuration
2022-08-26 01:27:02,351 INFO com.netflix.discovery.shared.resolver.aws.ConfigClusterResolver [AsyncResolver-bootstrap-executor-0] Resolving eureka endpoints via configuration
2022-08-26 01:32:02,355 INFO com.netflix.discovery.shared.resolver.aws.ConfigClusterResolver [AsyncResolver-bootstrap-executor-0] Resolving eureka endpoints via configuration
2022-08-26 01:37:02,372 INFO com.netflix.discovery.shared.resolver.aws.ConfigClusterResolver [AsyncResolver-bootstrap-executor-0] Resolving eureka endpoints via configuration
2022-08-26 01:42:02,383 INFO com.netflix.discovery.shared.resolver.aws.ConfigClusterResolver [AsyncResolver-bootstrap-executor-0] Resolving eureka endpoints via configuration
2022-08-26 01:47:02,397 INFO com.netflix.discovery.shared.resolver.aws.ConfigClusterResolver [AsyncResolver-bootstrap-executor-0] Resolving eureka endpoints via configuration
2022-08-26 01:52:02,409 INFO com.netflix.discovery.shared.resolver.aws.ConfigClusterResolver [AsyncResolver-bootstrap-executor-0] Resolving eureka endpoints via configuration
2022-08-26 01:57:02,422 INFO com.netflix.discovery.shared.resolver.aws.ConfigClusterResolver [AsyncResolver-bootstrap-executor-0] Resolving eureka endpoints via configuration
2022-08-26 02:02:02,426 INFO com.netflix.discovery.shared.resolver.aws.ConfigClusterResolver [AsyncResolver-bootstrap-executor-0] Resolving eureka endpoints via configuration
2022-08-26 02:07:02,444 INFO com.netflix.discovery.shared.resolver.aws.ConfigClusterResolver [AsyncResolver-bootstrap-executor-0] Resolving eureka endpoints via configuration
2022-08-26 02:12:02,454 INFO com.netflix.discovery.shared.resolver.aws.ConfigClusterResolver [AsyncResolver-bootstrap-executor-0] Resolving eureka endpoints via configuration
2022-08-26 02:17:02,461 INFO com.netflix.discovery.shared.resolver.aws.ConfigClusterResolver [AsyncResolver-bootstrap-executor-0] Resolving eureka endpoints via configuration
2022-08-26 02:22:02,469 INFO com.netflix.discovery.shared.resolver.aws.ConfigClusterResolver [AsyncResolver-bootstrap-executor-0] Resolving eureka endpoints via configuration
2022-08-26 02:27:02,476 INFO com.netflix.discovery.shared.resolver.aws.ConfigClusterResolver [AsyncResolver-bootstrap-executor-0] Resolving eureka endpoints via configuration
2022-08-26 02:32:02,484 INFO com.netflix.discovery.shared.resolver.aws.ConfigClusterResolver [AsyncResolver-bootstrap-executor-0] Resolving eureka endpoints via configuration
2022-08-26 02:37:02,496 INFO com.netflix.discovery.shared.resolver.aws.ConfigClusterResolver [AsyncResolver-bootstrap-executor-0] Resolving eureka endpoints via configuration
2022-08-26 02:42:02,509 INFO com.netflix.discovery.shared.resolver.aws.ConfigClusterResolver [AsyncResolver-bootstrap-executor-0] Resolving eureka endpoints via configuration
2022-08-26 02:47:02,523 INFO com.netflix.discovery.shared.resolver.aws.ConfigClusterResolver [AsyncResolver-bootstrap-executor-0] Resolving eureka endpoints via configuration
2022-08-26 02:52:02,539 INFO com.netflix.discovery.shared.resolver.aws.ConfigClusterResolver [AsyncResolver-bootstrap-executor-0] Resolving eureka endpoints via configuration
2022-08-26 02:57:02,550 INFO com.netflix.discovery.shared.resolver.aws.ConfigClusterResolver [AsyncResolver-bootstrap-executor-0] Resolving eureka endpoints via configuration
2022-08-26 03:02:02,557 INFO com.netflix.discovery.shared.resolver.aws.ConfigClusterResolver [AsyncResolver-bootstrap-executor-0] Resolving eureka endpoints via configuration
2022-08-26 03:07:02,568 INFO com.netflix.discovery.shared.resolver.aws.ConfigClusterResolver [AsyncResolver-bootstrap-executor-0] Resolving eureka endpoints via configuration
2022-08-26 03:12:02,585 INFO com.netflix.discovery.shared.resolver.aws.ConfigClusterResolver [AsyncResolver-bootstrap-executor-0] Resolving eureka endpoints via configuration
2022-08-26 03:17:02,592 INFO com.netflix.discovery.shared.resolver.aws.ConfigClusterResolver [AsyncResolver-bootstrap-executor-0] Resolving eureka endpoints via configuration
2022-08-26 03:22:02,606 INFO com.netflix.discovery.shared.resolver.aws.ConfigClusterResolver [AsyncResolver-bootstrap-executor-0] Resolving eureka endpoints via configuration
2022-08-26 03:27:02,621 INFO com.netflix.discovery.shared.resolver.aws.ConfigClusterResolver [AsyncResolver-bootstrap-executor-0] Resolving eureka endpoints via configuration
2022-08-26 03:32:02,626 INFO com.netflix.discovery.shared.resolver.aws.ConfigClusterResolver [AsyncResolver-bootstrap-executor-0] Resolving eureka endpoints via configuration
2022-08-26 03:37:02,643 INFO com.netflix.discovery.shared.resolver.aws.ConfigClusterResolver [AsyncResolver-bootstrap-executor-0] Resolving eureka endpoints via configuration
2022-08-26 03:42:02,650 INFO com.netflix.discovery.shared.resolver.aws.ConfigClusterResolver [AsyncResolver-bootstrap-executor-0] Resolving eureka endpoints via configuration
2022-08-26 03:47:02,662 INFO com.netflix.discovery.shared.resolver.aws.ConfigClusterResolver [AsyncResolver-bootstrap-executor-0] Resolving eureka endpoints via configuration
2022-08-26 03:52:02,672 INFO com.netflix.discovery.shared.resolver.aws.ConfigClusterResolver [AsyncResolver-bootstrap-executor-0] Resolving eureka endpoints via configuration
2022-08-26 03:57:02,689 INFO com.netflix.discovery.shared.resolver.aws.ConfigClusterResolver [AsyncResolver-bootstrap-executor-0] Resolving eureka endpoints via configuration
2022-08-26 04:02:02,694 INFO com.netflix.discovery.shared.resolver.aws.ConfigClusterResolver [AsyncResolver-bootstrap-executor-0] Resolving eureka endpoints via configuration
2022-08-26 04:07:02,709 INFO com.netflix.discovery.shared.resolver.aws.ConfigClusterResolver [AsyncResolver-bootstrap-executor-0] Resolving eureka endpoints via configuration
2022-08-26 04:12:02,724 INFO com.netflix.discovery.shared.resolver.aws.ConfigClusterResolver [AsyncResolver-bootstrap-executor-0] Resolving eureka endpoints via configuration
2022-08-26 04:17:02,732 INFO com.netflix.discovery.shared.resolver.aws.ConfigClusterResolver [AsyncResolver-bootstrap-executor-0] Resolving eureka endpoints via configuration
2022-08-26 04:22:02,736 INFO com.netflix.discovery.shared.resolver.aws.ConfigClusterResolver [AsyncResolver-bootstrap-executor-0] Resolving eureka endpoints via configuration
2022-08-26 04:27:02,742 INFO com.netflix.discovery.shared.resolver.aws.ConfigClusterResolver [AsyncResolver-bootstrap-executor-0] Resolving eureka endpoints via configuration
2022-08-26 04:32:02,751 INFO com.netflix.discovery.shared.resolver.aws.ConfigClusterResolver [AsyncResolver-bootstrap-executor-0] Resolving eureka endpoints via configuration
2022-08-26 04:37:02,760 INFO com.netflix.discovery.shared.resolver.aws.ConfigClusterResolver [AsyncResolver-bootstrap-executor-0] Resolving eureka endpoints via configuration
2022-08-26 04:42:02,775 INFO com.netflix.discovery.shared.resolver.aws.ConfigClusterResolver [AsyncResolver-bootstrap-executor-0] Resolving eureka endpoints via configuration
2022-08-26 04:47:02,793 INFO com.netflix.discovery.shared.resolver.aws.ConfigClusterResolver [AsyncResolver-bootstrap-executor-0] Resolving eureka endpoints via configuration
2022-08-26 04:52:02,803 INFO com.netflix.discovery.shared.resolver.aws.ConfigClusterResolver [AsyncResolver-bootstrap-executor-0] Resolving eureka endpoints via configuration
2022-08-26 04:57:02,813 INFO com.netflix.discovery.shared.resolver.aws.ConfigClusterResolver [AsyncResolver-bootstrap-executor-0] Resolving eureka endpoints via configuration
2022-08-26 05:02:02,828 INFO com.netflix.discovery.shared.resolver.aws.ConfigClusterResolver [AsyncResolver-bootstrap-executor-0] Resolving eureka endpoints via configuration
2022-08-26 05:07:02,837 INFO com.netflix.discovery.shared.resolver.aws.ConfigClusterResolver [AsyncResolver-bootstrap-executor-0] Resolving eureka endpoints via configuration
2022-08-26 05:12:02,840 INFO com.netflix.discovery.shared.resolver.aws.ConfigClusterResolver [AsyncResolver-bootstrap-executor-0] Resolving eureka endpoints via configuration
2022-08-26 05:17:02,845 INFO com.netflix.discovery.shared.resolver.aws.ConfigClusterResolver [AsyncResolver-bootstrap-executor-0] Resolving eureka endpoints via configuration
2022-08-26 05:22:02,856 INFO com.netflix.discovery.shared.resolver.aws.ConfigClusterResolver [AsyncResolver-bootstrap-executor-0] Resolving eureka endpoints via configuration
2022-08-26 05:27:02,870 INFO com.netflix.discovery.shared.resolver.aws.ConfigClusterResolver [AsyncResolver-bootstrap-executor-0] Resolving eureka endpoints via configuration
2022-08-26 05:32:02,886 INFO com.netflix.discovery.shared.resolver.aws.ConfigClusterResolver [AsyncResolver-bootstrap-executor-0] Resolving eureka endpoints via configuration
2022-08-26 05:37:02,895 INFO com.netflix.discovery.shared.resolver.aws.ConfigClusterResolver [AsyncResolver-bootstrap-executor-0] Resolving eureka endpoints via configuration
2022-08-26 05:42:02,897 INFO com.netflix.discovery.shared.resolver.aws.ConfigClusterResolver [AsyncResolver-bootstrap-executor-0] Resolving eureka endpoints via configuration
2022-08-26 05:47:02,903 INFO com.netflix.discovery.shared.resolver.aws.ConfigClusterResolver [AsyncResolver-bootstrap-executor-0] Resolving eureka endpoints via configuration
2022-08-26 05:52:02,916 INFO com.netflix.discovery.shared.resolver.aws.ConfigClusterResolver [AsyncResolver-bootstrap-executor-0] Resolving eureka endpoints via configuration
2022-08-26 05:57:02,924 INFO com.netflix.discovery.shared.resolver.aws.ConfigClusterResolver [AsyncResolver-bootstrap-executor-0] Resolving eureka endpoints via configuration
2022-08-26 06:02:02,936 INFO com.netflix.discovery.shared.resolver.aws.ConfigClusterResolver [AsyncResolver-bootstrap-executor-0] Resolving eureka endpoints via configuration
2022-08-26 06:07:02,951 INFO com.netflix.discovery.shared.resolver.aws.ConfigClusterResolver [AsyncResolver-bootstrap-executor-0] Resolving eureka endpoints via configuration
2022-08-26 06:12:02,960 INFO com.netflix.discovery.shared.resolver.aws.ConfigClusterResolver [AsyncResolver-bootstrap-executor-0] Resolving eureka endpoints via configuration
2022-08-26 06:17:02,965 INFO com.netflix.discovery.shared.resolver.aws.ConfigClusterResolver [AsyncResolver-bootstrap-executor-0] Resolving eureka endpoints via configuration
2022-08-26 06:22:02,979 INFO com.netflix.discovery.shared.resolver.aws.ConfigClusterResolver [AsyncResolver-bootstrap-executor-0] Resolving eureka endpoints via configuration
2022-08-26 06:27:02,984 INFO com.netflix.discovery.shared.resolver.aws.ConfigClusterResolver [AsyncResolver-bootstrap-executor-0] Resolving eureka endpoints via configuration
2022-08-26 06:32:02,991 INFO com.netflix.discovery.shared.resolver.aws.ConfigClusterResolver [AsyncResolver-bootstrap-executor-0] Resolving eureka endpoints via configuration
2022-08-26 06:37:02,996 INFO com.netflix.discovery.shared.resolver.aws.ConfigClusterResolver [AsyncResolver-bootstrap-executor-0] Resolving eureka endpoints via configuration
2022-08-26 06:42:03,007 INFO com.netflix.discovery.shared.resolver.aws.ConfigClusterResolver [AsyncResolver-bootstrap-executor-0] Resolving eureka endpoints via configuration
2022-08-26 06:47:03,021 INFO com.netflix.discovery.shared.resolver.aws.ConfigClusterResolver [AsyncResolver-bootstrap-executor-0] Resolving eureka endpoints via configuration
2022-08-26 06:52:03,034 INFO com.netflix.discovery.shared.resolver.aws.ConfigClusterResolver [AsyncResolver-bootstrap-executor-0] Resolving eureka endpoints via configuration
2022-08-26 06:57:03,049 INFO com.netflix.discovery.shared.resolver.aws.ConfigClusterResolver [AsyncResolver-bootstrap-executor-0] Resolving eureka endpoints via configuration
2022-08-26 07:02:03,062 INFO com.netflix.discovery.shared.resolver.aws.ConfigClusterResolver [AsyncResolver-bootstrap-executor-0] Resolving eureka endpoints via configuration
2022-08-26 07:07:03,071 INFO com.netflix.discovery.shared.resolver.aws.ConfigClusterResolver [AsyncResolver-bootstrap-executor-0] Resolving eureka endpoints via configuration
2022-08-26 07:12:03,079 INFO com.netflix.discovery.shared.resolver.aws.ConfigClusterResolver [AsyncResolver-bootstrap-executor-0] Resolving eureka endpoints via configuration
2022-08-26 07:17:03,086 INFO com.netflix.discovery.shared.resolver.aws.ConfigClusterResolver [AsyncResolver-bootstrap-executor-0] Resolving eureka endpoints via configuration
2022-08-26 07:22:03,100 INFO com.netflix.discovery.shared.resolver.aws.ConfigClusterResolver [AsyncResolver-bootstrap-executor-0] Resolving eureka endpoints via configuration
2022-08-26 07:27:03,103 INFO com.netflix.discovery.shared.resolver.aws.ConfigClusterResolver [AsyncResolver-bootstrap-executor-0] Resolving eureka endpoints via configuration
2022-08-26 07:32:03,119 INFO com.netflix.discovery.shared.resolver.aws.ConfigClusterResolver [AsyncResolver-bootstrap-executor-0] Resolving eureka endpoints via configuration
2022-08-26 07:37:03,124 INFO com.netflix.discovery.shared.resolver.aws.ConfigClusterResolver [AsyncResolver-bootstrap-executor-0] Resolving eureka endpoints via configuration
2022-08-26 07:42:03,131 INFO com.netflix.discovery.shared.resolver.aws.ConfigClusterResolver [AsyncResolver-bootstrap-executor-0] Resolving eureka endpoints via configuration
2022-08-26 07:47:03,143 INFO com.netflix.discovery.shared.resolver.aws.ConfigClusterResolver [AsyncResolver-bootstrap-executor-0] Resolving eureka endpoints via configuration
2022-08-26 07:52:03,150 INFO com.netflix.discovery.shared.resolver.aws.ConfigClusterResolver [AsyncResolver-bootstrap-executor-0] Resolving eureka endpoints via configuration
2022-08-26 07:57:03,161 INFO com.netflix.discovery.shared.resolver.aws.ConfigClusterResolver [AsyncResolver-bootstrap-executor-0] Resolving eureka endpoints via configuration
2022-08-26 08:02:03,164 INFO com.netflix.discovery.shared.resolver.aws.ConfigClusterResolver [AsyncResolver-bootstrap-executor-0] Resolving eureka endpoints via configuration
2022-08-26 08:07:03,175 INFO com.netflix.discovery.shared.resolver.aws.ConfigClusterResolver [AsyncResolver-bootstrap-executor-0] Resolving eureka endpoints via configuration
2022-08-26 08:12:03,179 INFO com.netflix.discovery.shared.resolver.aws.ConfigClusterResolver [AsyncResolver-bootstrap-executor-0] Resolving eureka endpoints via configuration
2022-08-26 08:17:03,186 INFO com.netflix.discovery.shared.resolver.aws.ConfigClusterResolver [AsyncResolver-bootstrap-executor-0] Resolving eureka endpoints via configuration
2022-08-26 08:22:03,198 INFO com.netflix.discovery.shared.resolver.aws.ConfigClusterResolver [AsyncResolver-bootstrap-executor-0] Resolving eureka endpoints via configuration
2022-08-26 08:27:03,209 INFO com.netflix.discovery.shared.resolver.aws.ConfigClusterResolver [AsyncResolver-bootstrap-executor-0] Resolving eureka endpoints via configuration
2022-08-26 08:32:03,212 INFO com.netflix.discovery.shared.resolver.aws.ConfigClusterResolver [AsyncResolver-bootstrap-executor-0] Resolving eureka endpoints via configuration
2022-08-26 08:37:03,219 INFO com.netflix.discovery.shared.resolver.aws.ConfigClusterResolver [AsyncResolver-bootstrap-executor-0] Resolving eureka endpoints via configuration
2022-08-26 08:42:03,232 INFO com.netflix.discovery.shared.resolver.aws.ConfigClusterResolver [AsyncResolver-bootstrap-executor-0] Resolving eureka endpoints via configuration
2022-08-26 08:47:03,245 INFO com.netflix.discovery.shared.resolver.aws.ConfigClusterResolver [AsyncResolver-bootstrap-executor-0] Resolving eureka endpoints via configuration
2022-08-26 08:52:03,253 INFO com.netflix.discovery.shared.resolver.aws.ConfigClusterResolver [AsyncResolver-bootstrap-executor-0] Resolving eureka endpoints via configuration
2022-08-26 08:57:03,265 INFO com.netflix.discovery.shared.resolver.aws.ConfigClusterResolver [AsyncResolver-bootstrap-executor-0] Resolving eureka endpoints via configuration
2022-08-26 09:02:03,266 INFO com.netflix.discovery.shared.resolver.aws.ConfigClusterResolver [AsyncResolver-bootstrap-executor-0] Resolving eureka endpoints via configuration
2022-08-26 09:07:03,279 INFO com.netflix.discovery.shared.resolver.aws.ConfigClusterResolver [AsyncResolver-bootstrap-executor-0] Resolving eureka endpoints via configuration
2022-08-26 09:12:03,286 INFO com.netflix.discovery.shared.resolver.aws.ConfigClusterResolver [AsyncResolver-bootstrap-executor-0] Resolving eureka endpoints via configuration
2022-08-26 09:17:03,297 INFO com.netflix.discovery.shared.resolver.aws.ConfigClusterResolver [AsyncResolver-bootstrap-executor-0] Resolving eureka endpoints via configuration
2022-08-26 09:22:03,312 INFO com.netflix.discovery.shared.resolver.aws.ConfigClusterResolver [AsyncResolver-bootstrap-executor-0] Resolving eureka endpoints via configuration
2022-08-26 09:27:03,324 INFO com.netflix.discovery.shared.resolver.aws.ConfigClusterResolver [AsyncResolver-bootstrap-executor-0] Resolving eureka endpoints via configuration
2022-08-26 09:32:03,331 INFO com.netflix.discovery.shared.resolver.aws.ConfigClusterResolver [AsyncResolver-bootstrap-executor-0] Resolving eureka endpoints via configuration
2022-08-26 09:37:03,345 INFO com.netflix.discovery.shared.resolver.aws.ConfigClusterResolver [AsyncResolver-bootstrap-executor-0] Resolving eureka endpoints via configuration
2022-08-26 09:42:03,352 INFO com.netflix.discovery.shared.resolver.aws.ConfigClusterResolver [AsyncResolver-bootstrap-executor-0] Resolving eureka endpoints via configuration
2022-08-26 09:47:03,369 INFO com.netflix.discovery.shared.resolver.aws.ConfigClusterResolver [AsyncResolver-bootstrap-executor-0] Resolving eureka endpoints via configuration
2022-08-26 09:52:03,382 INFO com.netflix.discovery.shared.resolver.aws.ConfigClusterResolver [AsyncResolver-bootstrap-executor-0] Resolving eureka endpoints via configuration
2022-08-26 09:57:03,395 INFO com.netflix.discovery.shared.resolver.aws.ConfigClusterResolver [AsyncResolver-bootstrap-executor-0] Resolving eureka endpoints via configuration
2022-08-26 10:02:03,398 INFO com.netflix.discovery.shared.resolver.aws.ConfigClusterResolver [AsyncResolver-bootstrap-executor-0] Resolving eureka endpoints via configuration
2022-08-26 10:07:03,407 INFO com.netflix.discovery.shared.resolver.aws.ConfigClusterResolver [AsyncResolver-bootstrap-executor-0] Resolving eureka endpoints via configuration
2022-08-26 10:12:03,422 INFO com.netflix.discovery.shared.resolver.aws.ConfigClusterResolver [AsyncResolver-bootstrap-executor-0] Resolving eureka endpoints via configuration
2022-08-26 10:17:03,437 INFO com.netflix.discovery.shared.resolver.aws.ConfigClusterResolver [AsyncResolver-bootstrap-executor-0] Resolving eureka endpoints via configuration
2022-08-26 10:22:03,454 INFO com.netflix.discovery.shared.resolver.aws.ConfigClusterResolver [AsyncResolver-bootstrap-executor-0] Resolving eureka endpoints via configuration
2022-08-26 10:26:25,281 ERROR com.rps.gateway.config.JwtTokenUtils [http-nio-9080-exec-4] JWT token is expired: JWT expired at 2022-08-25T23:34:38Z. Current time: 2022-08-26T10:26:25Z, a difference of 39107280 milliseconds.  Allowed clock skew: 0 milliseconds.
2022-08-26 10:26:25,283 ERROR com.rps.gateway.config.AuthTokenFilter [http-nio-9080-exec-4] token expired
2022-08-26 10:26:27,807 ERROR com.rps.gateway.config.JwtTokenUtils [http-nio-9080-exec-6] JWT token is expired: JWT expired at 2022-08-25T23:34:38Z. Current time: 2022-08-26T10:26:27Z, a difference of 39109807 milliseconds.  Allowed clock skew: 0 milliseconds.
2022-08-26 10:26:27,808 ERROR com.rps.gateway.config.AuthTokenFilter [http-nio-9080-exec-6] token expired
2022-08-26 10:26:29,610 ERROR com.rps.gateway.config.JwtTokenUtils [http-nio-9080-exec-7] JWT token is expired: JWT expired at 2022-08-25T23:34:38Z. Current time: 2022-08-26T10:26:29Z, a difference of 39111609 milliseconds.  Allowed clock skew: 0 milliseconds.
2022-08-26 10:26:29,610 ERROR com.rps.gateway.config.AuthTokenFilter [http-nio-9080-exec-7] token expired
2022-08-26 10:26:42,481 ERROR com.rps.gateway.config.JwtTokenUtils [http-nio-9080-exec-8] JWT token is expired: JWT expired at 2022-08-25T23:34:38Z. Current time: 2022-08-26T10:26:42Z, a difference of 39124480 milliseconds.  Allowed clock skew: 0 milliseconds.
2022-08-26 10:26:42,490 ERROR com.rps.gateway.config.AuthTokenFilter [http-nio-9080-exec-8] token expired
2022-08-26 10:26:43,453 ERROR com.rps.gateway.config.JwtTokenUtils [http-nio-9080-exec-9] JWT token is expired: JWT expired at 2022-08-25T23:34:38Z. Current time: 2022-08-26T10:26:43Z, a difference of 39125452 milliseconds.  Allowed clock skew: 0 milliseconds.
2022-08-26 10:26:43,453 ERROR com.rps.gateway.config.AuthTokenFilter [http-nio-9080-exec-9] token expired
2022-08-26 10:26:46,153 ERROR com.rps.gateway.config.JwtTokenUtils [http-nio-9080-exec-10] JWT token is expired: JWT expired at 2022-08-25T23:34:38Z. Current time: 2022-08-26T10:26:46Z, a difference of 39128152 milliseconds.  Allowed clock skew: 0 milliseconds.
2022-08-26 10:26:46,154 ERROR com.rps.gateway.config.AuthTokenFilter [http-nio-9080-exec-10] token expired
2022-08-26 10:26:49,583 ERROR com.rps.gateway.config.JwtTokenUtils [http-nio-9080-exec-1] JWT token is expired: JWT expired at 2022-08-25T23:34:38Z. Current time: 2022-08-26T10:26:49Z, a difference of 39131582 milliseconds.  Allowed clock skew: 0 milliseconds.
2022-08-26 10:26:49,583 ERROR com.rps.gateway.config.AuthTokenFilter [http-nio-9080-exec-1] token expired
2022-08-26 10:26:51,996 ERROR com.rps.gateway.config.JwtTokenUtils [http-nio-9080-exec-2] JWT token is expired: JWT expired at 2022-08-25T23:34:38Z. Current time: 2022-08-26T10:26:51Z, a difference of 39133996 milliseconds.  Allowed clock skew: 0 milliseconds.
2022-08-26 10:26:51,998 ERROR com.rps.gateway.config.AuthTokenFilter [http-nio-9080-exec-2] token expired
2022-08-26 10:27:03,471 INFO com.netflix.discovery.shared.resolver.aws.ConfigClusterResolver [AsyncResolver-bootstrap-executor-0] Resolving eureka endpoints via configuration
2022-08-26 10:27:18,894 ERROR com.rps.gateway.config.JwtTokenUtils [http-nio-9080-exec-3] JWT token is expired: JWT expired at 2022-08-25T23:34:38Z. Current time: 2022-08-26T10:27:18Z, a difference of 39160894 milliseconds.  Allowed clock skew: 0 milliseconds.
2022-08-26 10:27:18,894 ERROR com.rps.gateway.config.AuthTokenFilter [http-nio-9080-exec-3] token expired
2022-08-26 10:27:45,526 ERROR com.rps.gateway.config.JwtTokenUtils [http-nio-9080-exec-5] JWT token is expired: JWT expired at 2022-08-25T23:34:38Z. Current time: 2022-08-26T10:27:45Z, a difference of 39187526 milliseconds.  Allowed clock skew: 0 milliseconds.
2022-08-26 10:27:45,526 ERROR com.rps.gateway.config.AuthTokenFilter [http-nio-9080-exec-5] token expired
2022-08-26 10:32:03,486 INFO com.netflix.discovery.shared.resolver.aws.ConfigClusterResolver [AsyncResolver-bootstrap-executor-0] Resolving eureka endpoints via configuration
2022-08-26 10:37:03,495 INFO com.netflix.discovery.shared.resolver.aws.ConfigClusterResolver [AsyncResolver-bootstrap-executor-0] Resolving eureka endpoints via configuration
2022-08-26 10:42:03,505 INFO com.netflix.discovery.shared.resolver.aws.ConfigClusterResolver [AsyncResolver-bootstrap-executor-0] Resolving eureka endpoints via configuration
2022-08-26 10:47:03,515 INFO com.netflix.discovery.shared.resolver.aws.ConfigClusterResolver [AsyncResolver-bootstrap-executor-0] Resolving eureka endpoints via configuration
2022-08-26 10:52:03,528 INFO com.netflix.discovery.shared.resolver.aws.ConfigClusterResolver [AsyncResolver-bootstrap-executor-0] Resolving eureka endpoints via configuration
2022-08-26 10:57:03,542 INFO com.netflix.discovery.shared.resolver.aws.ConfigClusterResolver [AsyncResolver-bootstrap-executor-0] Resolving eureka endpoints via configuration
2022-08-26 11:02:03,560 INFO com.netflix.discovery.shared.resolver.aws.ConfigClusterResolver [AsyncResolver-bootstrap-executor-0] Resolving eureka endpoints via configuration
2022-08-26 11:07:03,572 INFO com.netflix.discovery.shared.resolver.aws.ConfigClusterResolver [AsyncResolver-bootstrap-executor-0] Resolving eureka endpoints via configuration
2022-08-26 11:12:03,578 INFO com.netflix.discovery.shared.resolver.aws.ConfigClusterResolver [AsyncResolver-bootstrap-executor-0] Resolving eureka endpoints via configuration
2022-08-26 11:17:03,587 INFO com.netflix.discovery.shared.resolver.aws.ConfigClusterResolver [AsyncResolver-bootstrap-executor-0] Resolving eureka endpoints via configuration
2022-08-26 11:22:03,601 INFO com.netflix.discovery.shared.resolver.aws.ConfigClusterResolver [AsyncResolver-bootstrap-executor-0] Resolving eureka endpoints via configuration
2022-08-26 11:27:03,613 INFO com.netflix.discovery.shared.resolver.aws.ConfigClusterResolver [AsyncResolver-bootstrap-executor-0] Resolving eureka endpoints via configuration
2022-08-26 11:32:03,619 INFO com.netflix.discovery.shared.resolver.aws.ConfigClusterResolver [AsyncResolver-bootstrap-executor-0] Resolving eureka endpoints via configuration
2022-08-26 11:37:03,628 INFO com.netflix.discovery.shared.resolver.aws.ConfigClusterResolver [AsyncResolver-bootstrap-executor-0] Resolving eureka endpoints via configuration
2022-08-26 11:42:03,631 INFO com.netflix.discovery.shared.resolver.aws.ConfigClusterResolver [AsyncResolver-bootstrap-executor-0] Resolving eureka endpoints via configuration
2022-08-26 11:47:03,646 INFO com.netflix.discovery.shared.resolver.aws.ConfigClusterResolver [AsyncResolver-bootstrap-executor-0] Resolving eureka endpoints via configuration
2022-08-26 11:52:03,667 INFO com.netflix.discovery.shared.resolver.aws.ConfigClusterResolver [AsyncResolver-bootstrap-executor-0] Resolving eureka endpoints via configuration
2022-08-26 11:57:03,678 INFO com.netflix.discovery.shared.resolver.aws.ConfigClusterResolver [AsyncResolver-bootstrap-executor-0] Resolving eureka endpoints via configuration
2022-08-26 11:59:56,975 ERROR com.rps.gateway.config.JwtTokenUtils [http-nio-9080-exec-6] JWT claims string is empty: JWT String argument cannot be null or empty.
2022-08-26 11:59:57,234 DEBUG org.hibernate.SQL [http-nio-9080-exec-6] select userinfo0_.id as id1_1_, userinfo0_.createdDate as createdd2_1_, userinfo0_.employeeId as employee3_1_, userinfo0_.firstName as firstnam4_1_, userinfo0_.lastName as lastname5_1_, userinfo0_.password as password6_1_, userinfo0_.roleId as roleid8_1_, userinfo0_.userName as username7_1_ from UserInfo userinfo0_ where userinfo0_.userName=?
2022-08-26 11:59:57,255 TRACE org.hibernate.type.descriptor.sql.BasicBinder [http-nio-9080-exec-6] binding parameter [1] as [VARCHAR] - [client]
2022-08-26 11:59:57,289 DEBUG org.hibernate.SQL [http-nio-9080-exec-6] select roleinfo0_.id as id1_0_0_, roleinfo0_.roleName as rolename2_0_0_ from RoleInfo roleinfo0_ where roleinfo0_.id=?
2022-08-26 11:59:57,290 TRACE org.hibernate.type.descriptor.sql.BasicBinder [http-nio-9080-exec-6] binding parameter [1] as [INTEGER] - [2]
2022-08-26 11:59:57,690 DEBUG org.hibernate.SQL [http-nio-9080-exec-6] select userinfo0_.id as id1_1_, userinfo0_.createdDate as createdd2_1_, userinfo0_.employeeId as employee3_1_, userinfo0_.firstName as firstnam4_1_, userinfo0_.lastName as lastname5_1_, userinfo0_.password as password6_1_, userinfo0_.roleId as roleid8_1_, userinfo0_.userName as username7_1_ from UserInfo userinfo0_ where userinfo0_.userName=?
2022-08-26 11:59:57,691 TRACE org.hibernate.type.descriptor.sql.BasicBinder [http-nio-9080-exec-6] binding parameter [1] as [VARCHAR] - [client]
2022-08-26 11:59:57,828 DEBUG org.hibernate.SQL [http-nio-9080-exec-8] select userinfo0_.id as id1_1_, userinfo0_.createdDate as createdd2_1_, userinfo0_.employeeId as employee3_1_, userinfo0_.firstName as firstnam4_1_, userinfo0_.lastName as lastname5_1_, userinfo0_.password as password6_1_, userinfo0_.roleId as roleid8_1_, userinfo0_.userName as username7_1_ from UserInfo userinfo0_ where userinfo0_.userName=?
2022-08-26 11:59:57,829 TRACE org.hibernate.type.descriptor.sql.BasicBinder [http-nio-9080-exec-8] binding parameter [1] as [VARCHAR] - [client]
2022-08-26 11:59:57,831 DEBUG org.hibernate.SQL [http-nio-9080-exec-8] select roleinfo0_.id as id1_0_0_, roleinfo0_.roleName as rolename2_0_0_ from RoleInfo roleinfo0_ where roleinfo0_.id=?
2022-08-26 11:59:57,831 TRACE org.hibernate.type.descriptor.sql.BasicBinder [http-nio-9080-exec-8] binding parameter [1] as [INTEGER] - [2]
2022-08-26 12:00:09,146 DEBUG org.hibernate.SQL [http-nio-9080-exec-9] select userinfo0_.id as id1_1_, userinfo0_.createdDate as createdd2_1_, userinfo0_.employeeId as employee3_1_, userinfo0_.firstName as firstnam4_1_, userinfo0_.lastName as lastname5_1_, userinfo0_.password as password6_1_, userinfo0_.roleId as roleid8_1_, userinfo0_.userName as username7_1_ from UserInfo userinfo0_ where userinfo0_.userName=?
2022-08-26 12:00:09,149 TRACE org.hibernate.type.descriptor.sql.BasicBinder [http-nio-9080-exec-9] binding parameter [1] as [VARCHAR] - [client]
2022-08-26 12:00:09,152 DEBUG org.hibernate.SQL [http-nio-9080-exec-9] select roleinfo0_.id as id1_0_0_, roleinfo0_.roleName as rolename2_0_0_ from RoleInfo roleinfo0_ where roleinfo0_.id=?
2022-08-26 12:00:09,153 TRACE org.hibernate.type.descriptor.sql.BasicBinder [http-nio-9080-exec-9] binding parameter [1] as [INTEGER] - [2]
2022-08-26 12:02:03,690 INFO com.netflix.discovery.shared.resolver.aws.ConfigClusterResolver [AsyncResolver-bootstrap-executor-0] Resolving eureka endpoints via configuration
2022-08-26 12:07:03,694 INFO com.netflix.discovery.shared.resolver.aws.ConfigClusterResolver [AsyncResolver-bootstrap-executor-0] Resolving eureka endpoints via configuration
2022-08-26 12:11:11,838 ERROR com.rps.gateway.config.JwtTokenUtils [http-nio-9080-exec-1] JWT claims string is empty: JWT String argument cannot be null or empty.
2022-08-26 12:11:11,868 DEBUG org.hibernate.SQL [http-nio-9080-exec-1] select userinfo0_.id as id1_1_, userinfo0_.createdDate as createdd2_1_, userinfo0_.employeeId as employee3_1_, userinfo0_.firstName as firstnam4_1_, userinfo0_.lastName as lastname5_1_, userinfo0_.password as password6_1_, userinfo0_.roleId as roleid8_1_, userinfo0_.userName as username7_1_ from UserInfo userinfo0_ where userinfo0_.userName=?
2022-08-26 12:11:11,871 TRACE org.hibernate.type.descriptor.sql.BasicBinder [http-nio-9080-exec-1] binding parameter [1] as [VARCHAR] - [client]
2022-08-26 12:11:11,882 DEBUG org.hibernate.SQL [http-nio-9080-exec-1] select roleinfo0_.id as id1_0_0_, roleinfo0_.roleName as rolename2_0_0_ from RoleInfo roleinfo0_ where roleinfo0_.id=?
2022-08-26 12:11:11,883 TRACE org.hibernate.type.descriptor.sql.BasicBinder [http-nio-9080-exec-1] binding parameter [1] as [INTEGER] - [2]
2022-08-26 12:11:12,782 DEBUG org.hibernate.SQL [http-nio-9080-exec-1] select userinfo0_.id as id1_1_, userinfo0_.createdDate as createdd2_1_, userinfo0_.employeeId as employee3_1_, userinfo0_.firstName as firstnam4_1_, userinfo0_.lastName as lastname5_1_, userinfo0_.password as password6_1_, userinfo0_.roleId as roleid8_1_, userinfo0_.userName as username7_1_ from UserInfo userinfo0_ where userinfo0_.userName=?
2022-08-26 12:11:12,782 TRACE org.hibernate.type.descriptor.sql.BasicBinder [http-nio-9080-exec-1] binding parameter [1] as [VARCHAR] - [client]
2022-08-26 12:11:12,907 DEBUG org.hibernate.SQL [http-nio-9080-exec-2] select userinfo0_.id as id1_1_, userinfo0_.createdDate as createdd2_1_, userinfo0_.employeeId as employee3_1_, userinfo0_.firstName as firstnam4_1_, userinfo0_.lastName as lastname5_1_, userinfo0_.password as password6_1_, userinfo0_.roleId as roleid8_1_, userinfo0_.userName as username7_1_ from UserInfo userinfo0_ where userinfo0_.userName=?
2022-08-26 12:11:12,907 TRACE org.hibernate.type.descriptor.sql.BasicBinder [http-nio-9080-exec-2] binding parameter [1] as [VARCHAR] - [client]
2022-08-26 12:11:12,910 DEBUG org.hibernate.SQL [http-nio-9080-exec-2] select roleinfo0_.id as id1_0_0_, roleinfo0_.roleName as rolename2_0_0_ from RoleInfo roleinfo0_ where roleinfo0_.id=?
2022-08-26 12:11:12,910 TRACE org.hibernate.type.descriptor.sql.BasicBinder [http-nio-9080-exec-2] binding parameter [1] as [INTEGER] - [2]
2022-08-26 12:12:03,706 INFO com.netflix.discovery.shared.resolver.aws.ConfigClusterResolver [AsyncResolver-bootstrap-executor-0] Resolving eureka endpoints via configuration
2022-08-26 12:17:03,719 INFO com.netflix.discovery.shared.resolver.aws.ConfigClusterResolver [AsyncResolver-bootstrap-executor-0] Resolving eureka endpoints via configuration
2022-08-26 12:20:39,298 ERROR com.rps.gateway.config.JwtTokenUtils [http-nio-9080-exec-5] JWT claims string is empty: JWT String argument cannot be null or empty.
2022-08-26 12:20:39,311 DEBUG org.hibernate.SQL [http-nio-9080-exec-5] select userinfo0_.id as id1_1_, userinfo0_.createdDate as createdd2_1_, userinfo0_.employeeId as employee3_1_, userinfo0_.firstName as firstnam4_1_, userinfo0_.lastName as lastname5_1_, userinfo0_.password as password6_1_, userinfo0_.roleId as roleid8_1_, userinfo0_.userName as username7_1_ from UserInfo userinfo0_ where userinfo0_.userName=?
2022-08-26 12:20:39,315 TRACE org.hibernate.type.descriptor.sql.BasicBinder [http-nio-9080-exec-5] binding parameter [1] as [VARCHAR] - [kalaiv]
2022-08-26 12:20:39,322 DEBUG org.hibernate.SQL [http-nio-9080-exec-5] select roleinfo0_.id as id1_0_0_, roleinfo0_.roleName as rolename2_0_0_ from RoleInfo roleinfo0_ where roleinfo0_.id=?
2022-08-26 12:20:39,325 TRACE org.hibernate.type.descriptor.sql.BasicBinder [http-nio-9080-exec-5] binding parameter [1] as [INTEGER] - [1]
2022-08-26 12:20:40,233 DEBUG org.hibernate.SQL [http-nio-9080-exec-5] select userinfo0_.id as id1_1_, userinfo0_.createdDate as createdd2_1_, userinfo0_.employeeId as employee3_1_, userinfo0_.firstName as firstnam4_1_, userinfo0_.lastName as lastname5_1_, userinfo0_.password as password6_1_, userinfo0_.roleId as roleid8_1_, userinfo0_.userName as username7_1_ from UserInfo userinfo0_ where userinfo0_.userName=?
2022-08-26 12:20:40,235 TRACE org.hibernate.type.descriptor.sql.BasicBinder [http-nio-9080-exec-5] binding parameter [1] as [VARCHAR] - [kalaiv]
2022-08-26 12:20:40,660 DEBUG org.hibernate.SQL [http-nio-9080-exec-6] select userinfo0_.id as id1_1_, userinfo0_.createdDate as createdd2_1_, userinfo0_.employeeId as employee3_1_, userinfo0_.firstName as firstnam4_1_, userinfo0_.lastName as lastname5_1_, userinfo0_.password as password6_1_, userinfo0_.roleId as roleid8_1_, userinfo0_.userName as username7_1_ from UserInfo userinfo0_ where userinfo0_.userName=?
2022-08-26 12:20:40,663 TRACE org.hibernate.type.descriptor.sql.BasicBinder [http-nio-9080-exec-6] binding parameter [1] as [VARCHAR] - [KalaiV]
2022-08-26 12:20:40,666 DEBUG org.hibernate.SQL [http-nio-9080-exec-6] select roleinfo0_.id as id1_0_0_, roleinfo0_.roleName as rolename2_0_0_ from RoleInfo roleinfo0_ where roleinfo0_.id=?
2022-08-26 12:20:40,667 TRACE org.hibernate.type.descriptor.sql.BasicBinder [http-nio-9080-exec-6] binding parameter [1] as [INTEGER] - [1]
2022-08-26 12:20:43,550 DEBUG org.hibernate.SQL [http-nio-9080-exec-7] select userinfo0_.id as id1_1_, userinfo0_.createdDate as createdd2_1_, userinfo0_.employeeId as employee3_1_, userinfo0_.firstName as firstnam4_1_, userinfo0_.lastName as lastname5_1_, userinfo0_.password as password6_1_, userinfo0_.roleId as roleid8_1_, userinfo0_.userName as username7_1_ from UserInfo userinfo0_ where userinfo0_.userName=?
2022-08-26 12:20:43,552 TRACE org.hibernate.type.descriptor.sql.BasicBinder [http-nio-9080-exec-7] binding parameter [1] as [VARCHAR] - [KalaiV]
2022-08-26 12:20:43,558 DEBUG org.hibernate.SQL [http-nio-9080-exec-7] select roleinfo0_.id as id1_0_0_, roleinfo0_.roleName as rolename2_0_0_ from RoleInfo roleinfo0_ where roleinfo0_.id=?
2022-08-26 12:20:43,558 TRACE org.hibernate.type.descriptor.sql.BasicBinder [http-nio-9080-exec-7] binding parameter [1] as [INTEGER] - [1]
2022-08-26 12:22:03,727 INFO com.netflix.discovery.shared.resolver.aws.ConfigClusterResolver [AsyncResolver-bootstrap-executor-0] Resolving eureka endpoints via configuration
2022-08-26 12:27:03,732 INFO com.netflix.discovery.shared.resolver.aws.ConfigClusterResolver [AsyncResolver-bootstrap-executor-0] Resolving eureka endpoints via configuration
2022-08-26 12:32:03,740 INFO com.netflix.discovery.shared.resolver.aws.ConfigClusterResolver [AsyncResolver-bootstrap-executor-0] Resolving eureka endpoints via configuration
2022-08-26 12:37:03,744 INFO com.netflix.discovery.shared.resolver.aws.ConfigClusterResolver [AsyncResolver-bootstrap-executor-0] Resolving eureka endpoints via configuration
2022-08-26 12:42:03,758 INFO com.netflix.discovery.shared.resolver.aws.ConfigClusterResolver [AsyncResolver-bootstrap-executor-0] Resolving eureka endpoints via configuration
2022-08-26 12:47:03,766 INFO com.netflix.discovery.shared.resolver.aws.ConfigClusterResolver [AsyncResolver-bootstrap-executor-0] Resolving eureka endpoints via configuration
2022-08-26 12:52:03,773 INFO com.netflix.discovery.shared.resolver.aws.ConfigClusterResolver [AsyncResolver-bootstrap-executor-0] Resolving eureka endpoints via configuration
2022-08-26 12:57:03,781 INFO com.netflix.discovery.shared.resolver.aws.ConfigClusterResolver [AsyncResolver-bootstrap-executor-0] Resolving eureka endpoints via configuration
2022-08-26 13:02:03,792 INFO com.netflix.discovery.shared.resolver.aws.ConfigClusterResolver [AsyncResolver-bootstrap-executor-0] Resolving eureka endpoints via configuration
2022-08-26 13:07:03,797 INFO com.netflix.discovery.shared.resolver.aws.ConfigClusterResolver [AsyncResolver-bootstrap-executor-0] Resolving eureka endpoints via configuration
2022-08-26 13:12:03,812 INFO com.netflix.discovery.shared.resolver.aws.ConfigClusterResolver [AsyncResolver-bootstrap-executor-0] Resolving eureka endpoints via configuration
2022-08-26 13:17:03,816 INFO com.netflix.discovery.shared.resolver.aws.ConfigClusterResolver [AsyncResolver-bootstrap-executor-0] Resolving eureka endpoints via configuration
2022-08-26 13:22:03,833 INFO com.netflix.discovery.shared.resolver.aws.ConfigClusterResolver [AsyncResolver-bootstrap-executor-0] Resolving eureka endpoints via configuration
2022-08-26 13:27:03,850 INFO com.netflix.discovery.shared.resolver.aws.ConfigClusterResolver [AsyncResolver-bootstrap-executor-0] Resolving eureka endpoints via configuration
2022-08-26 13:32:03,867 INFO com.netflix.discovery.shared.resolver.aws.ConfigClusterResolver [AsyncResolver-bootstrap-executor-0] Resolving eureka endpoints via configuration
2022-08-26 13:37:03,878 INFO com.netflix.discovery.shared.resolver.aws.ConfigClusterResolver [AsyncResolver-bootstrap-executor-0] Resolving eureka endpoints via configuration
2022-08-26 13:42:03,888 INFO com.netflix.discovery.shared.resolver.aws.ConfigClusterResolver [AsyncResolver-bootstrap-executor-0] Resolving eureka endpoints via configuration
2022-08-26 13:47:03,895 INFO com.netflix.discovery.shared.resolver.aws.ConfigClusterResolver [AsyncResolver-bootstrap-executor-0] Resolving eureka endpoints via configuration
2022-08-26 13:52:03,898 INFO com.netflix.discovery.shared.resolver.aws.ConfigClusterResolver [AsyncResolver-bootstrap-executor-0] Resolving eureka endpoints via configuration
2022-08-26 13:57:03,914 INFO com.netflix.discovery.shared.resolver.aws.ConfigClusterResolver [AsyncResolver-bootstrap-executor-0] Resolving eureka endpoints via configuration
2022-08-26 14:02:03,916 INFO com.netflix.discovery.shared.resolver.aws.ConfigClusterResolver [AsyncResolver-bootstrap-executor-0] Resolving eureka endpoints via configuration
2022-08-26 14:07:03,935 INFO com.netflix.discovery.shared.resolver.aws.ConfigClusterResolver [AsyncResolver-bootstrap-executor-0] Resolving eureka endpoints via configuration
2022-08-26 14:12:03,942 INFO com.netflix.discovery.shared.resolver.aws.ConfigClusterResolver [AsyncResolver-bootstrap-executor-0] Resolving eureka endpoints via configuration
2022-08-26 14:17:03,948 INFO com.netflix.discovery.shared.resolver.aws.ConfigClusterResolver [AsyncResolver-bootstrap-executor-0] Resolving eureka endpoints via configuration
2022-08-26 14:22:03,965 INFO com.netflix.discovery.shared.resolver.aws.ConfigClusterResolver [AsyncResolver-bootstrap-executor-0] Resolving eureka endpoints via configuration
2022-08-26 14:27:03,975 INFO com.netflix.discovery.shared.resolver.aws.ConfigClusterResolver [AsyncResolver-bootstrap-executor-0] Resolving eureka endpoints via configuration
2022-08-26 14:32:03,980 INFO com.netflix.discovery.shared.resolver.aws.ConfigClusterResolver [AsyncResolver-bootstrap-executor-0] Resolving eureka endpoints via configuration
2022-08-26 14:37:03,982 INFO com.netflix.discovery.shared.resolver.aws.ConfigClusterResolver [AsyncResolver-bootstrap-executor-0] Resolving eureka endpoints via configuration
2022-08-26 14:42:03,993 INFO com.netflix.discovery.shared.resolver.aws.ConfigClusterResolver [AsyncResolver-bootstrap-executor-0] Resolving eureka endpoints via configuration
2022-08-26 14:47:03,996 INFO com.netflix.discovery.shared.resolver.aws.ConfigClusterResolver [AsyncResolver-bootstrap-executor-0] Resolving eureka endpoints via configuration
2022-08-26 14:52:04,000 INFO com.netflix.discovery.shared.resolver.aws.ConfigClusterResolver [AsyncResolver-bootstrap-executor-0] Resolving eureka endpoints via configuration
2022-08-26 14:57:04,012 INFO com.netflix.discovery.shared.resolver.aws.ConfigClusterResolver [AsyncResolver-bootstrap-executor-0] Resolving eureka endpoints via configuration
2022-08-26 15:02:04,013 INFO com.netflix.discovery.shared.resolver.aws.ConfigClusterResolver [AsyncResolver-bootstrap-executor-0] Resolving eureka endpoints via configuration
2022-08-26 15:07:04,024 INFO com.netflix.discovery.shared.resolver.aws.ConfigClusterResolver [AsyncResolver-bootstrap-executor-0] Resolving eureka endpoints via configuration
2022-08-26 15:12:04,039 INFO com.netflix.discovery.shared.resolver.aws.ConfigClusterResolver [AsyncResolver-bootstrap-executor-0] Resolving eureka endpoints via configuration
2022-08-26 15:17:04,040 INFO com.netflix.discovery.shared.resolver.aws.ConfigClusterResolver [AsyncResolver-bootstrap-executor-0] Resolving eureka endpoints via configuration
2022-08-26 15:22:04,045 INFO com.netflix.discovery.shared.resolver.aws.ConfigClusterResolver [AsyncResolver-bootstrap-executor-0] Resolving eureka endpoints via configuration
2022-08-26 15:27:04,058 INFO com.netflix.discovery.shared.resolver.aws.ConfigClusterResolver [AsyncResolver-bootstrap-executor-0] Resolving eureka endpoints via configuration
2022-08-26 15:32:04,061 INFO com.netflix.discovery.shared.resolver.aws.ConfigClusterResolver [AsyncResolver-bootstrap-executor-0] Resolving eureka endpoints via configuration
2022-08-26 15:37:04,074 INFO com.netflix.discovery.shared.resolver.aws.ConfigClusterResolver [AsyncResolver-bootstrap-executor-0] Resolving eureka endpoints via configuration
2022-08-26 15:42:04,088 INFO com.netflix.discovery.shared.resolver.aws.ConfigClusterResolver [AsyncResolver-bootstrap-executor-0] Resolving eureka endpoints via configuration
2022-08-26 15:47:04,090 INFO com.netflix.discovery.shared.resolver.aws.ConfigClusterResolver [AsyncResolver-bootstrap-executor-0] Resolving eureka endpoints via configuration
2022-08-26 15:52:04,107 INFO com.netflix.discovery.shared.resolver.aws.ConfigClusterResolver [AsyncResolver-bootstrap-executor-0] Resolving eureka endpoints via configuration
2022-08-26 15:57:04,115 INFO com.netflix.discovery.shared.resolver.aws.ConfigClusterResolver [AsyncResolver-bootstrap-executor-0] Resolving eureka endpoints via configuration
2022-08-26 16:02:04,130 INFO com.netflix.discovery.shared.resolver.aws.ConfigClusterResolver [AsyncResolver-bootstrap-executor-0] Resolving eureka endpoints via configuration
2022-08-26 16:07:04,143 INFO com.netflix.discovery.shared.resolver.aws.ConfigClusterResolver [AsyncResolver-bootstrap-executor-0] Resolving eureka endpoints via configuration
2022-08-26 16:12:04,154 INFO com.netflix.discovery.shared.resolver.aws.ConfigClusterResolver [AsyncResolver-bootstrap-executor-0] Resolving eureka endpoints via configuration
2022-08-26 16:17:04,171 INFO com.netflix.discovery.shared.resolver.aws.ConfigClusterResolver [AsyncResolver-bootstrap-executor-0] Resolving eureka endpoints via configuration
2022-08-26 16:22:04,178 INFO com.netflix.discovery.shared.resolver.aws.ConfigClusterResolver [AsyncResolver-bootstrap-executor-0] Resolving eureka endpoints via configuration
2022-08-26 16:27:04,183 INFO com.netflix.discovery.shared.resolver.aws.ConfigClusterResolver [AsyncResolver-bootstrap-executor-0] Resolving eureka endpoints via configuration
2022-08-26 16:32:04,199 INFO com.netflix.discovery.shared.resolver.aws.ConfigClusterResolver [AsyncResolver-bootstrap-executor-0] Resolving eureka endpoints via configuration
2022-08-26 16:37:04,210 INFO com.netflix.discovery.shared.resolver.aws.ConfigClusterResolver [AsyncResolver-bootstrap-executor-0] Resolving eureka endpoints via configuration
2022-08-26 16:42:04,214 INFO com.netflix.discovery.shared.resolver.aws.ConfigClusterResolver [AsyncResolver-bootstrap-executor-0] Resolving eureka endpoints via configuration
2022-08-26 16:47:04,224 INFO com.netflix.discovery.shared.resolver.aws.ConfigClusterResolver [AsyncResolver-bootstrap-executor-0] Resolving eureka endpoints via configuration
2022-08-26 16:52:04,226 INFO com.netflix.discovery.shared.resolver.aws.ConfigClusterResolver [AsyncResolver-bootstrap-executor-0] Resolving eureka endpoints via configuration
2022-08-26 16:57:04,234 INFO com.netflix.discovery.shared.resolver.aws.ConfigClusterResolver [AsyncResolver-bootstrap-executor-0] Resolving eureka endpoints via configuration
2022-08-26 17:02:04,246 INFO com.netflix.discovery.shared.resolver.aws.ConfigClusterResolver [AsyncResolver-bootstrap-executor-0] Resolving eureka endpoints via configuration
2022-08-26 17:07:04,252 INFO com.netflix.discovery.shared.resolver.aws.ConfigClusterResolver [AsyncResolver-bootstrap-executor-0] Resolving eureka endpoints via configuration
2022-08-26 17:10:45,429 ERROR com.rps.gateway.config.JwtTokenUtils [http-nio-9080-exec-10] JWT claims string is empty: JWT String argument cannot be null or empty.
2022-08-26 17:10:45,435 DEBUG org.hibernate.SQL [http-nio-9080-exec-10] select userinfo0_.id as id1_1_, userinfo0_.createdDate as createdd2_1_, userinfo0_.employeeId as employee3_1_, userinfo0_.firstName as firstnam4_1_, userinfo0_.lastName as lastname5_1_, userinfo0_.password as password6_1_, userinfo0_.roleId as roleid8_1_, userinfo0_.userName as username7_1_ from UserInfo userinfo0_ where userinfo0_.userName=?
2022-08-26 17:10:45,440 TRACE org.hibernate.type.descriptor.sql.BasicBinder [http-nio-9080-exec-10] binding parameter [1] as [VARCHAR] - [client]
2022-08-26 17:10:45,443 DEBUG org.hibernate.SQL [http-nio-9080-exec-10] select roleinfo0_.id as id1_0_0_, roleinfo0_.roleName as rolename2_0_0_ from RoleInfo roleinfo0_ where roleinfo0_.id=?
2022-08-26 17:10:45,444 TRACE org.hibernate.type.descriptor.sql.BasicBinder [http-nio-9080-exec-10] binding parameter [1] as [INTEGER] - [2]
2022-08-26 17:10:45,756 DEBUG org.hibernate.SQL [http-nio-9080-exec-10] select userinfo0_.id as id1_1_, userinfo0_.createdDate as createdd2_1_, userinfo0_.employeeId as employee3_1_, userinfo0_.firstName as firstnam4_1_, userinfo0_.lastName as lastname5_1_, userinfo0_.password as password6_1_, userinfo0_.roleId as roleid8_1_, userinfo0_.userName as username7_1_ from UserInfo userinfo0_ where userinfo0_.userName=?
2022-08-26 17:10:45,756 TRACE org.hibernate.type.descriptor.sql.BasicBinder [http-nio-9080-exec-10] binding parameter [1] as [VARCHAR] - [client]
2022-08-26 17:10:45,906 DEBUG org.hibernate.SQL [http-nio-9080-exec-2] select userinfo0_.id as id1_1_, userinfo0_.createdDate as createdd2_1_, userinfo0_.employeeId as employee3_1_, userinfo0_.firstName as firstnam4_1_, userinfo0_.lastName as lastname5_1_, userinfo0_.password as password6_1_, userinfo0_.roleId as roleid8_1_, userinfo0_.userName as username7_1_ from UserInfo userinfo0_ where userinfo0_.userName=?
2022-08-26 17:10:45,906 TRACE org.hibernate.type.descriptor.sql.BasicBinder [http-nio-9080-exec-2] binding parameter [1] as [VARCHAR] - [client]
2022-08-26 17:10:45,909 DEBUG org.hibernate.SQL [http-nio-9080-exec-2] select roleinfo0_.id as id1_0_0_, roleinfo0_.roleName as rolename2_0_0_ from RoleInfo roleinfo0_ where roleinfo0_.id=?
2022-08-26 17:10:45,909 TRACE org.hibernate.type.descriptor.sql.BasicBinder [http-nio-9080-exec-2] binding parameter [1] as [INTEGER] - [2]
2022-08-26 17:10:56,760 DEBUG org.hibernate.SQL [http-nio-9080-exec-5] select userinfo0_.id as id1_1_, userinfo0_.createdDate as createdd2_1_, userinfo0_.employeeId as employee3_1_, userinfo0_.firstName as firstnam4_1_, userinfo0_.lastName as lastname5_1_, userinfo0_.password as password6_1_, userinfo0_.roleId as roleid8_1_, userinfo0_.userName as username7_1_ from UserInfo userinfo0_ where userinfo0_.userName=?
2022-08-26 17:10:56,762 TRACE org.hibernate.type.descriptor.sql.BasicBinder [http-nio-9080-exec-5] binding parameter [1] as [VARCHAR] - [client]
2022-08-26 17:10:56,766 DEBUG org.hibernate.SQL [http-nio-9080-exec-5] select roleinfo0_.id as id1_0_0_, roleinfo0_.roleName as rolename2_0_0_ from RoleInfo roleinfo0_ where roleinfo0_.id=?
2022-08-26 17:10:56,767 TRACE org.hibernate.type.descriptor.sql.BasicBinder [http-nio-9080-exec-5] binding parameter [1] as [INTEGER] - [2]
2022-08-26 17:11:05,063 DEBUG org.hibernate.SQL [http-nio-9080-exec-4] select userinfo0_.id as id1_1_, userinfo0_.createdDate as createdd2_1_, userinfo0_.employeeId as employee3_1_, userinfo0_.firstName as firstnam4_1_, userinfo0_.lastName as lastname5_1_, userinfo0_.password as password6_1_, userinfo0_.roleId as roleid8_1_, userinfo0_.userName as username7_1_ from UserInfo userinfo0_ where userinfo0_.userName=?
2022-08-26 17:11:05,067 TRACE org.hibernate.type.descriptor.sql.BasicBinder [http-nio-9080-exec-4] binding parameter [1] as [VARCHAR] - [client]
2022-08-26 17:11:05,072 DEBUG org.hibernate.SQL [http-nio-9080-exec-4] select roleinfo0_.id as id1_0_0_, roleinfo0_.roleName as rolename2_0_0_ from RoleInfo roleinfo0_ where roleinfo0_.id=?
2022-08-26 17:11:05,073 TRACE org.hibernate.type.descriptor.sql.BasicBinder [http-nio-9080-exec-4] binding parameter [1] as [INTEGER] - [2]
2022-08-26 17:12:04,261 INFO com.netflix.discovery.shared.resolver.aws.ConfigClusterResolver [AsyncResolver-bootstrap-executor-0] Resolving eureka endpoints via configuration
2022-08-26 17:12:47,168 DEBUG org.hibernate.SQL [http-nio-9080-exec-7] select userinfo0_.id as id1_1_, userinfo0_.createdDate as createdd2_1_, userinfo0_.employeeId as employee3_1_, userinfo0_.firstName as firstnam4_1_, userinfo0_.lastName as lastname5_1_, userinfo0_.password as password6_1_, userinfo0_.roleId as roleid8_1_, userinfo0_.userName as username7_1_ from UserInfo userinfo0_ where userinfo0_.userName=?
2022-08-26 17:12:47,170 TRACE org.hibernate.type.descriptor.sql.BasicBinder [http-nio-9080-exec-7] binding parameter [1] as [VARCHAR] - [client]
2022-08-26 17:12:47,172 DEBUG org.hibernate.SQL [http-nio-9080-exec-7] select roleinfo0_.id as id1_0_0_, roleinfo0_.roleName as rolename2_0_0_ from RoleInfo roleinfo0_ where roleinfo0_.id=?
2022-08-26 17:12:47,172 TRACE org.hibernate.type.descriptor.sql.BasicBinder [http-nio-9080-exec-7] binding parameter [1] as [INTEGER] - [2]
2022-08-26 17:12:53,303 DEBUG org.hibernate.SQL [http-nio-9080-exec-8] select userinfo0_.id as id1_1_, userinfo0_.createdDate as createdd2_1_, userinfo0_.employeeId as employee3_1_, userinfo0_.firstName as firstnam4_1_, userinfo0_.lastName as lastname5_1_, userinfo0_.password as password6_1_, userinfo0_.roleId as roleid8_1_, userinfo0_.userName as username7_1_ from UserInfo userinfo0_ where userinfo0_.userName=?
2022-08-26 17:12:53,306 TRACE org.hibernate.type.descriptor.sql.BasicBinder [http-nio-9080-exec-8] binding parameter [1] as [VARCHAR] - [client]
2022-08-26 17:12:53,308 DEBUG org.hibernate.SQL [http-nio-9080-exec-8] select roleinfo0_.id as id1_0_0_, roleinfo0_.roleName as rolename2_0_0_ from RoleInfo roleinfo0_ where roleinfo0_.id=?
2022-08-26 17:12:53,308 TRACE org.hibernate.type.descriptor.sql.BasicBinder [http-nio-9080-exec-8] binding parameter [1] as [INTEGER] - [2]
2022-08-26 17:17:04,272 INFO com.netflix.discovery.shared.resolver.aws.ConfigClusterResolver [AsyncResolver-bootstrap-executor-0] Resolving eureka endpoints via configuration
2022-08-26 17:22:04,278 INFO com.netflix.discovery.shared.resolver.aws.ConfigClusterResolver [AsyncResolver-bootstrap-executor-0] Resolving eureka endpoints via configuration
2022-08-26 17:27:04,279 INFO com.netflix.discovery.shared.resolver.aws.ConfigClusterResolver [AsyncResolver-bootstrap-executor-0] Resolving eureka endpoints via configuration
2022-08-26 17:32:04,290 INFO com.netflix.discovery.shared.resolver.aws.ConfigClusterResolver [AsyncResolver-bootstrap-executor-0] Resolving eureka endpoints via configuration
2022-08-26 17:37:04,297 INFO com.netflix.discovery.shared.resolver.aws.ConfigClusterResolver [AsyncResolver-bootstrap-executor-0] Resolving eureka endpoints via configuration
2022-08-26 17:42:04,309 INFO com.netflix.discovery.shared.resolver.aws.ConfigClusterResolver [AsyncResolver-bootstrap-executor-0] Resolving eureka endpoints via configuration
2022-08-26 17:47:04,322 INFO com.netflix.discovery.shared.resolver.aws.ConfigClusterResolver [AsyncResolver-bootstrap-executor-0] Resolving eureka endpoints via configuration
2022-08-26 17:52:04,334 INFO com.netflix.discovery.shared.resolver.aws.ConfigClusterResolver [AsyncResolver-bootstrap-executor-0] Resolving eureka endpoints via configuration
2022-08-26 17:57:04,345 INFO com.netflix.discovery.shared.resolver.aws.ConfigClusterResolver [AsyncResolver-bootstrap-executor-0] Resolving eureka endpoints via configuration
2022-08-26 18:02:04,357 INFO com.netflix.discovery.shared.resolver.aws.ConfigClusterResolver [AsyncResolver-bootstrap-executor-0] Resolving eureka endpoints via configuration
2022-08-26 18:07:04,361 INFO com.netflix.discovery.shared.resolver.aws.ConfigClusterResolver [AsyncResolver-bootstrap-executor-0] Resolving eureka endpoints via configuration
2022-08-26 18:12:04,369 INFO com.netflix.discovery.shared.resolver.aws.ConfigClusterResolver [AsyncResolver-bootstrap-executor-0] Resolving eureka endpoints via configuration
2022-08-26 18:17:04,376 INFO com.netflix.discovery.shared.resolver.aws.ConfigClusterResolver [AsyncResolver-bootstrap-executor-0] Resolving eureka endpoints via configuration
2022-08-26 18:22:04,381 INFO com.netflix.discovery.shared.resolver.aws.ConfigClusterResolver [AsyncResolver-bootstrap-executor-0] Resolving eureka endpoints via configuration
2022-08-26 18:27:04,395 INFO com.netflix.discovery.shared.resolver.aws.ConfigClusterResolver [AsyncResolver-bootstrap-executor-0] Resolving eureka endpoints via configuration
2022-08-26 18:32:04,408 INFO com.netflix.discovery.shared.resolver.aws.ConfigClusterResolver [AsyncResolver-bootstrap-executor-0] Resolving eureka endpoints via configuration
2022-08-26 18:37:04,412 INFO com.netflix.discovery.shared.resolver.aws.ConfigClusterResolver [AsyncResolver-bootstrap-executor-0] Resolving eureka endpoints via configuration
2022-08-26 18:42:04,420 INFO com.netflix.discovery.shared.resolver.aws.ConfigClusterResolver [AsyncResolver-bootstrap-executor-0] Resolving eureka endpoints via configuration
2022-08-26 18:47:04,434 INFO com.netflix.discovery.shared.resolver.aws.ConfigClusterResolver [AsyncResolver-bootstrap-executor-0] Resolving eureka endpoints via configuration
2022-08-26 18:52:04,437 INFO com.netflix.discovery.shared.resolver.aws.ConfigClusterResolver [AsyncResolver-bootstrap-executor-0] Resolving eureka endpoints via configuration
2022-08-26 18:57:04,442 INFO com.netflix.discovery.shared.resolver.aws.ConfigClusterResolver [AsyncResolver-bootstrap-executor-0] Resolving eureka endpoints via configuration
2022-08-26 19:02:04,443 INFO com.netflix.discovery.shared.resolver.aws.ConfigClusterResolver [AsyncResolver-bootstrap-executor-0] Resolving eureka endpoints via configuration
2022-08-26 19:07:04,459 INFO com.netflix.discovery.shared.resolver.aws.ConfigClusterResolver [AsyncResolver-bootstrap-executor-0] Resolving eureka endpoints via configuration
2022-08-26 19:12:04,468 INFO com.netflix.discovery.shared.resolver.aws.ConfigClusterResolver [AsyncResolver-bootstrap-executor-0] Resolving eureka endpoints via configuration
2022-08-26 19:17:04,471 INFO com.netflix.discovery.shared.resolver.aws.ConfigClusterResolver [AsyncResolver-bootstrap-executor-0] Resolving eureka endpoints via configuration
2022-08-26 19:22:04,478 INFO com.netflix.discovery.shared.resolver.aws.ConfigClusterResolver [AsyncResolver-bootstrap-executor-0] Resolving eureka endpoints via configuration
2022-08-26 19:27:04,490 INFO com.netflix.discovery.shared.resolver.aws.ConfigClusterResolver [AsyncResolver-bootstrap-executor-0] Resolving eureka endpoints via configuration
2022-08-26 19:32:04,506 INFO com.netflix.discovery.shared.resolver.aws.ConfigClusterResolver [AsyncResolver-bootstrap-executor-0] Resolving eureka endpoints via configuration
2022-08-26 19:37:04,515 INFO com.netflix.discovery.shared.resolver.aws.ConfigClusterResolver [AsyncResolver-bootstrap-executor-0] Resolving eureka endpoints via configuration
2022-08-26 19:42:04,532 INFO com.netflix.discovery.shared.resolver.aws.ConfigClusterResolver [AsyncResolver-bootstrap-executor-0] Resolving eureka endpoints via configuration
2022-08-26 19:47:04,547 INFO com.netflix.discovery.shared.resolver.aws.ConfigClusterResolver [AsyncResolver-bootstrap-executor-0] Resolving eureka endpoints via configuration
2022-08-26 19:52:04,550 INFO com.netflix.discovery.shared.resolver.aws.ConfigClusterResolver [AsyncResolver-bootstrap-executor-0] Resolving eureka endpoints via configuration
2022-08-26 19:57:04,562 INFO com.netflix.discovery.shared.resolver.aws.ConfigClusterResolver [AsyncResolver-bootstrap-executor-0] Resolving eureka endpoints via configuration
2022-08-26 20:02:04,567 INFO com.netflix.discovery.shared.resolver.aws.ConfigClusterResolver [AsyncResolver-bootstrap-executor-0] Resolving eureka endpoints via configuration
2022-08-26 20:07:04,583 INFO com.netflix.discovery.shared.resolver.aws.ConfigClusterResolver [AsyncResolver-bootstrap-executor-0] Resolving eureka endpoints via configuration
2022-08-26 20:12:04,589 INFO com.netflix.discovery.shared.resolver.aws.ConfigClusterResolver [AsyncResolver-bootstrap-executor-0] Resolving eureka endpoints via configuration
2022-08-26 20:17:04,597 INFO com.netflix.discovery.shared.resolver.aws.ConfigClusterResolver [AsyncResolver-bootstrap-executor-0] Resolving eureka endpoints via configuration
2022-08-26 20:22:04,610 INFO com.netflix.discovery.shared.resolver.aws.ConfigClusterResolver [AsyncResolver-bootstrap-executor-0] Resolving eureka endpoints via configuration
2022-08-26 20:27:04,625 INFO com.netflix.discovery.shared.resolver.aws.ConfigClusterResolver [AsyncResolver-bootstrap-executor-0] Resolving eureka endpoints via configuration
2022-08-26 20:32:04,632 INFO com.netflix.discovery.shared.resolver.aws.ConfigClusterResolver [AsyncResolver-bootstrap-executor-0] Resolving eureka endpoints via configuration
2022-08-26 20:37:04,635 INFO com.netflix.discovery.shared.resolver.aws.ConfigClusterResolver [AsyncResolver-bootstrap-executor-0] Resolving eureka endpoints via configuration
2022-08-26 20:42:04,643 INFO com.netflix.discovery.shared.resolver.aws.ConfigClusterResolver [AsyncResolver-bootstrap-executor-0] Resolving eureka endpoints via configuration
2022-08-26 20:47:04,658 INFO com.netflix.discovery.shared.resolver.aws.ConfigClusterResolver [AsyncResolver-bootstrap-executor-0] Resolving eureka endpoints via configuration
2022-08-26 20:52:04,669 INFO com.netflix.discovery.shared.resolver.aws.ConfigClusterResolver [AsyncResolver-bootstrap-executor-0] Resolving eureka endpoints via configuration
2022-08-26 20:57:04,680 INFO com.netflix.discovery.shared.resolver.aws.ConfigClusterResolver [AsyncResolver-bootstrap-executor-0] Resolving eureka endpoints via configuration
2022-08-26 21:02:04,685 INFO com.netflix.discovery.shared.resolver.aws.ConfigClusterResolver [AsyncResolver-bootstrap-executor-0] Resolving eureka endpoints via configuration
2022-08-26 21:07:04,701 INFO com.netflix.discovery.shared.resolver.aws.ConfigClusterResolver [AsyncResolver-bootstrap-executor-0] Resolving eureka endpoints via configuration
2022-08-26 21:12:04,704 INFO com.netflix.discovery.shared.resolver.aws.ConfigClusterResolver [AsyncResolver-bootstrap-executor-0] Resolving eureka endpoints via configuration
2022-08-26 21:17:04,708 INFO com.netflix.discovery.shared.resolver.aws.ConfigClusterResolver [AsyncResolver-bootstrap-executor-0] Resolving eureka endpoints via configuration
2022-08-26 21:22:04,710 INFO com.netflix.discovery.shared.resolver.aws.ConfigClusterResolver [AsyncResolver-bootstrap-executor-0] Resolving eureka endpoints via configuration
2022-08-26 21:27:04,721 INFO com.netflix.discovery.shared.resolver.aws.ConfigClusterResolver [AsyncResolver-bootstrap-executor-0] Resolving eureka endpoints via configuration
2022-08-26 21:32:04,736 INFO com.netflix.discovery.shared.resolver.aws.ConfigClusterResolver [AsyncResolver-bootstrap-executor-0] Resolving eureka endpoints via configuration
2022-08-26 21:37:04,744 INFO com.netflix.discovery.shared.resolver.aws.ConfigClusterResolver [AsyncResolver-bootstrap-executor-0] Resolving eureka endpoints via configuration
2022-08-26 21:42:04,747 INFO com.netflix.discovery.shared.resolver.aws.ConfigClusterResolver [AsyncResolver-bootstrap-executor-0] Resolving eureka endpoints via configuration
2022-08-26 21:47:04,751 INFO com.netflix.discovery.shared.resolver.aws.ConfigClusterResolver [AsyncResolver-bootstrap-executor-0] Resolving eureka endpoints via configuration
2022-08-26 21:52:04,762 INFO com.netflix.discovery.shared.resolver.aws.ConfigClusterResolver [AsyncResolver-bootstrap-executor-0] Resolving eureka endpoints via configuration
2022-08-26 21:57:04,769 INFO com.netflix.discovery.shared.resolver.aws.ConfigClusterResolver [AsyncResolver-bootstrap-executor-0] Resolving eureka endpoints via configuration
2022-08-26 22:02:04,779 INFO com.netflix.discovery.shared.resolver.aws.ConfigClusterResolver [AsyncResolver-bootstrap-executor-0] Resolving eureka endpoints via configuration
2022-08-26 22:07:04,783 INFO com.netflix.discovery.shared.resolver.aws.ConfigClusterResolver [AsyncResolver-bootstrap-executor-0] Resolving eureka endpoints via configuration
2022-08-26 22:12:04,786 INFO com.netflix.discovery.shared.resolver.aws.ConfigClusterResolver [AsyncResolver-bootstrap-executor-0] Resolving eureka endpoints via configuration
2022-08-26 22:17:04,790 INFO com.netflix.discovery.shared.resolver.aws.ConfigClusterResolver [AsyncResolver-bootstrap-executor-0] Resolving eureka endpoints via configuration
2022-08-26 22:22:04,805 INFO com.netflix.discovery.shared.resolver.aws.ConfigClusterResolver [AsyncResolver-bootstrap-executor-0] Resolving eureka endpoints via configuration
2022-08-26 22:27:04,818 INFO com.netflix.discovery.shared.resolver.aws.ConfigClusterResolver [AsyncResolver-bootstrap-executor-0] Resolving eureka endpoints via configuration
2022-08-26 22:32:04,829 INFO com.netflix.discovery.shared.resolver.aws.ConfigClusterResolver [AsyncResolver-bootstrap-executor-0] Resolving eureka endpoints via configuration
2022-08-26 22:37:04,832 INFO com.netflix.discovery.shared.resolver.aws.ConfigClusterResolver [AsyncResolver-bootstrap-executor-0] Resolving eureka endpoints via configuration
2022-08-26 22:42:04,845 INFO com.netflix.discovery.shared.resolver.aws.ConfigClusterResolver [AsyncResolver-bootstrap-executor-0] Resolving eureka endpoints via configuration
2022-08-26 22:47:04,851 INFO com.netflix.discovery.shared.resolver.aws.ConfigClusterResolver [AsyncResolver-bootstrap-executor-0] Resolving eureka endpoints via configuration
2022-08-26 22:52:04,868 INFO com.netflix.discovery.shared.resolver.aws.ConfigClusterResolver [AsyncResolver-bootstrap-executor-0] Resolving eureka endpoints via configuration
2022-08-26 22:57:04,874 INFO com.netflix.discovery.shared.resolver.aws.ConfigClusterResolver [AsyncResolver-bootstrap-executor-0] Resolving eureka endpoints via configuration
2022-08-26 23:02:04,888 INFO com.netflix.discovery.shared.resolver.aws.ConfigClusterResolver [AsyncResolver-bootstrap-executor-0] Resolving eureka endpoints via configuration
2022-08-26 23:07:04,903 INFO com.netflix.discovery.shared.resolver.aws.ConfigClusterResolver [AsyncResolver-bootstrap-executor-0] Resolving eureka endpoints via configuration
2022-08-26 23:12:04,914 INFO com.netflix.discovery.shared.resolver.aws.ConfigClusterResolver [AsyncResolver-bootstrap-executor-0] Resolving eureka endpoints via configuration
2022-08-26 23:17:04,921 INFO com.netflix.discovery.shared.resolver.aws.ConfigClusterResolver [AsyncResolver-bootstrap-executor-0] Resolving eureka endpoints via configuration
2022-08-26 23:22:04,930 INFO com.netflix.discovery.shared.resolver.aws.ConfigClusterResolver [AsyncResolver-bootstrap-executor-0] Resolving eureka endpoints via configuration
2022-08-26 23:27:04,937 INFO com.netflix.discovery.shared.resolver.aws.ConfigClusterResolver [AsyncResolver-bootstrap-executor-0] Resolving eureka endpoints via configuration
2022-08-26 23:32:04,951 INFO com.netflix.discovery.shared.resolver.aws.ConfigClusterResolver [AsyncResolver-bootstrap-executor-0] Resolving eureka endpoints via configuration
2022-08-26 23:37:04,956 INFO com.netflix.discovery.shared.resolver.aws.ConfigClusterResolver [AsyncResolver-bootstrap-executor-0] Resolving eureka endpoints via configuration
2022-08-26 23:42:04,961 INFO com.netflix.discovery.shared.resolver.aws.ConfigClusterResolver [AsyncResolver-bootstrap-executor-0] Resolving eureka endpoints via configuration
2022-08-26 23:47:04,967 INFO com.netflix.discovery.shared.resolver.aws.ConfigClusterResolver [AsyncResolver-bootstrap-executor-0] Resolving eureka endpoints via configuration
2022-08-26 23:52:04,972 INFO com.netflix.discovery.shared.resolver.aws.ConfigClusterResolver [AsyncResolver-bootstrap-executor-0] Resolving eureka endpoints via configuration
2022-08-26 23:57:04,979 INFO com.netflix.discovery.shared.resolver.aws.ConfigClusterResolver [AsyncResolver-bootstrap-executor-0] Resolving eureka endpoints via configuration
