2022-08-24 00:04:48,624 INFO com.netflix.discovery.shared.resolver.aws.ConfigClusterResolver [AsyncResolver-bootstrap-executor-0] Resolving eureka endpoints via configuration
2022-08-24 00:09:48,642 INFO com.netflix.discovery.shared.resolver.aws.ConfigClusterResolver [AsyncResolver-bootstrap-executor-0] Resolving eureka endpoints via configuration
2022-08-24 00:14:48,655 INFO com.netflix.discovery.shared.resolver.aws.ConfigClusterResolver [AsyncResolver-bootstrap-executor-0] Resolving eureka endpoints via configuration
2022-08-24 00:19:48,668 INFO com.netflix.discovery.shared.resolver.aws.ConfigClusterResolver [AsyncResolver-bootstrap-executor-0] Resolving eureka endpoints via configuration
2022-08-24 00:24:48,675 INFO com.netflix.discovery.shared.resolver.aws.ConfigClusterResolver [AsyncResolver-bootstrap-executor-0] Resolving eureka endpoints via configuration
2022-08-24 00:29:48,689 INFO com.netflix.discovery.shared.resolver.aws.ConfigClusterResolver [AsyncResolver-bootstrap-executor-0] Resolving eureka endpoints via configuration
2022-08-24 00:34:48,706 INFO com.netflix.discovery.shared.resolver.aws.ConfigClusterResolver [AsyncResolver-bootstrap-executor-0] Resolving eureka endpoints via configuration
2022-08-24 00:39:48,715 INFO com.netflix.discovery.shared.resolver.aws.ConfigClusterResolver [AsyncResolver-bootstrap-executor-0] Resolving eureka endpoints via configuration
2022-08-24 00:44:48,718 INFO com.netflix.discovery.shared.resolver.aws.ConfigClusterResolver [AsyncResolver-bootstrap-executor-0] Resolving eureka endpoints via configuration
2022-08-24 00:49:48,733 INFO com.netflix.discovery.shared.resolver.aws.ConfigClusterResolver [AsyncResolver-bootstrap-executor-0] Resolving eureka endpoints via configuration
2022-08-24 00:54:48,737 INFO com.netflix.discovery.shared.resolver.aws.ConfigClusterResolver [AsyncResolver-bootstrap-executor-0] Resolving eureka endpoints via configuration
2022-08-24 00:59:48,744 INFO com.netflix.discovery.shared.resolver.aws.ConfigClusterResolver [AsyncResolver-bootstrap-executor-0] Resolving eureka endpoints via configuration
2022-08-24 01:04:48,747 INFO com.netflix.discovery.shared.resolver.aws.ConfigClusterResolver [AsyncResolver-bootstrap-executor-0] Resolving eureka endpoints via configuration
2022-08-24 01:09:48,763 INFO com.netflix.discovery.shared.resolver.aws.ConfigClusterResolver [AsyncResolver-bootstrap-executor-0] Resolving eureka endpoints via configuration
2022-08-24 01:14:48,780 INFO com.netflix.discovery.shared.resolver.aws.ConfigClusterResolver [AsyncResolver-bootstrap-executor-0] Resolving eureka endpoints via configuration
2022-08-24 01:19:48,785 INFO com.netflix.discovery.shared.resolver.aws.ConfigClusterResolver [AsyncResolver-bootstrap-executor-0] Resolving eureka endpoints via configuration
2022-08-24 01:24:48,787 INFO com.netflix.discovery.shared.resolver.aws.ConfigClusterResolver [AsyncResolver-bootstrap-executor-0] Resolving eureka endpoints via configuration
2022-08-24 01:29:48,795 INFO com.netflix.discovery.shared.resolver.aws.ConfigClusterResolver [AsyncResolver-bootstrap-executor-0] Resolving eureka endpoints via configuration
2022-08-24 01:34:48,807 INFO com.netflix.discovery.shared.resolver.aws.ConfigClusterResolver [AsyncResolver-bootstrap-executor-0] Resolving eureka endpoints via configuration
2022-08-24 01:39:48,815 INFO com.netflix.discovery.shared.resolver.aws.ConfigClusterResolver [AsyncResolver-bootstrap-executor-0] Resolving eureka endpoints via configuration
2022-08-24 01:44:48,826 INFO com.netflix.discovery.shared.resolver.aws.ConfigClusterResolver [AsyncResolver-bootstrap-executor-0] Resolving eureka endpoints via configuration
2022-08-24 01:49:48,838 INFO com.netflix.discovery.shared.resolver.aws.ConfigClusterResolver [AsyncResolver-bootstrap-executor-0] Resolving eureka endpoints via configuration
2022-08-24 01:54:48,847 INFO com.netflix.discovery.shared.resolver.aws.ConfigClusterResolver [AsyncResolver-bootstrap-executor-0] Resolving eureka endpoints via configuration
2022-08-24 01:59:48,849 INFO com.netflix.discovery.shared.resolver.aws.ConfigClusterResolver [AsyncResolver-bootstrap-executor-0] Resolving eureka endpoints via configuration
2022-08-24 02:04:48,859 INFO com.netflix.discovery.shared.resolver.aws.ConfigClusterResolver [AsyncResolver-bootstrap-executor-0] Resolving eureka endpoints via configuration
2022-08-24 02:09:48,873 INFO com.netflix.discovery.shared.resolver.aws.ConfigClusterResolver [AsyncResolver-bootstrap-executor-0] Resolving eureka endpoints via configuration
2022-08-24 02:14:48,886 INFO com.netflix.discovery.shared.resolver.aws.ConfigClusterResolver [AsyncResolver-bootstrap-executor-0] Resolving eureka endpoints via configuration
2022-08-24 02:19:48,901 INFO com.netflix.discovery.shared.resolver.aws.ConfigClusterResolver [AsyncResolver-bootstrap-executor-0] Resolving eureka endpoints via configuration
2022-08-24 02:24:48,913 INFO com.netflix.discovery.shared.resolver.aws.ConfigClusterResolver [AsyncResolver-bootstrap-executor-0] Resolving eureka endpoints via configuration
2022-08-24 02:29:48,925 INFO com.netflix.discovery.shared.resolver.aws.ConfigClusterResolver [AsyncResolver-bootstrap-executor-0] Resolving eureka endpoints via configuration
2022-08-24 02:34:48,930 INFO com.netflix.discovery.shared.resolver.aws.ConfigClusterResolver [AsyncResolver-bootstrap-executor-0] Resolving eureka endpoints via configuration
2022-08-24 02:39:48,938 INFO com.netflix.discovery.shared.resolver.aws.ConfigClusterResolver [AsyncResolver-bootstrap-executor-0] Resolving eureka endpoints via configuration
2022-08-24 02:44:48,951 INFO com.netflix.discovery.shared.resolver.aws.ConfigClusterResolver [AsyncResolver-bootstrap-executor-0] Resolving eureka endpoints via configuration
2022-08-24 02:49:48,962 INFO com.netflix.discovery.shared.resolver.aws.ConfigClusterResolver [AsyncResolver-bootstrap-executor-0] Resolving eureka endpoints via configuration
2022-08-24 02:54:48,972 INFO com.netflix.discovery.shared.resolver.aws.ConfigClusterResolver [AsyncResolver-bootstrap-executor-0] Resolving eureka endpoints via configuration
2022-08-24 02:59:48,976 INFO com.netflix.discovery.shared.resolver.aws.ConfigClusterResolver [AsyncResolver-bootstrap-executor-0] Resolving eureka endpoints via configuration
2022-08-24 03:04:48,990 INFO com.netflix.discovery.shared.resolver.aws.ConfigClusterResolver [AsyncResolver-bootstrap-executor-0] Resolving eureka endpoints via configuration
2022-08-24 03:09:48,997 INFO com.netflix.discovery.shared.resolver.aws.ConfigClusterResolver [AsyncResolver-bootstrap-executor-0] Resolving eureka endpoints via configuration
2022-08-24 03:14:49,001 INFO com.netflix.discovery.shared.resolver.aws.ConfigClusterResolver [AsyncResolver-bootstrap-executor-0] Resolving eureka endpoints via configuration
2022-08-24 03:19:49,015 INFO com.netflix.discovery.shared.resolver.aws.ConfigClusterResolver [AsyncResolver-bootstrap-executor-0] Resolving eureka endpoints via configuration
2022-08-24 03:24:49,025 INFO com.netflix.discovery.shared.resolver.aws.ConfigClusterResolver [AsyncResolver-bootstrap-executor-0] Resolving eureka endpoints via configuration
2022-08-24 03:29:49,036 INFO com.netflix.discovery.shared.resolver.aws.ConfigClusterResolver [AsyncResolver-bootstrap-executor-0] Resolving eureka endpoints via configuration
2022-08-24 03:34:49,049 INFO com.netflix.discovery.shared.resolver.aws.ConfigClusterResolver [AsyncResolver-bootstrap-executor-0] Resolving eureka endpoints via configuration
2022-08-24 03:39:49,055 INFO com.netflix.discovery.shared.resolver.aws.ConfigClusterResolver [AsyncResolver-bootstrap-executor-0] Resolving eureka endpoints via configuration
2022-08-24 03:44:49,070 INFO com.netflix.discovery.shared.resolver.aws.ConfigClusterResolver [AsyncResolver-bootstrap-executor-0] Resolving eureka endpoints via configuration
2022-08-24 03:49:49,073 INFO com.netflix.discovery.shared.resolver.aws.ConfigClusterResolver [AsyncResolver-bootstrap-executor-0] Resolving eureka endpoints via configuration
2022-08-24 03:54:49,083 INFO com.netflix.discovery.shared.resolver.aws.ConfigClusterResolver [AsyncResolver-bootstrap-executor-0] Resolving eureka endpoints via configuration
2022-08-24 03:59:49,094 INFO com.netflix.discovery.shared.resolver.aws.ConfigClusterResolver [AsyncResolver-bootstrap-executor-0] Resolving eureka endpoints via configuration
2022-08-24 04:04:49,100 INFO com.netflix.discovery.shared.resolver.aws.ConfigClusterResolver [AsyncResolver-bootstrap-executor-0] Resolving eureka endpoints via configuration
2022-08-24 04:09:49,107 INFO com.netflix.discovery.shared.resolver.aws.ConfigClusterResolver [AsyncResolver-bootstrap-executor-0] Resolving eureka endpoints via configuration
2022-08-24 04:14:49,115 INFO com.netflix.discovery.shared.resolver.aws.ConfigClusterResolver [AsyncResolver-bootstrap-executor-0] Resolving eureka endpoints via configuration
2022-08-24 04:19:49,126 INFO com.netflix.discovery.shared.resolver.aws.ConfigClusterResolver [AsyncResolver-bootstrap-executor-0] Resolving eureka endpoints via configuration
2022-08-24 04:24:49,138 INFO com.netflix.discovery.shared.resolver.aws.ConfigClusterResolver [AsyncResolver-bootstrap-executor-0] Resolving eureka endpoints via configuration
2022-08-24 04:29:49,142 INFO com.netflix.discovery.shared.resolver.aws.ConfigClusterResolver [AsyncResolver-bootstrap-executor-0] Resolving eureka endpoints via configuration
2022-08-24 04:34:49,145 INFO com.netflix.discovery.shared.resolver.aws.ConfigClusterResolver [AsyncResolver-bootstrap-executor-0] Resolving eureka endpoints via configuration
2022-08-24 04:39:49,147 INFO com.netflix.discovery.shared.resolver.aws.ConfigClusterResolver [AsyncResolver-bootstrap-executor-0] Resolving eureka endpoints via configuration
2022-08-24 04:44:49,164 INFO com.netflix.discovery.shared.resolver.aws.ConfigClusterResolver [AsyncResolver-bootstrap-executor-0] Resolving eureka endpoints via configuration
2022-08-24 04:49:49,178 INFO com.netflix.discovery.shared.resolver.aws.ConfigClusterResolver [AsyncResolver-bootstrap-executor-0] Resolving eureka endpoints via configuration
2022-08-24 04:54:49,189 INFO com.netflix.discovery.shared.resolver.aws.ConfigClusterResolver [AsyncResolver-bootstrap-executor-0] Resolving eureka endpoints via configuration
2022-08-24 04:59:49,195 INFO com.netflix.discovery.shared.resolver.aws.ConfigClusterResolver [AsyncResolver-bootstrap-executor-0] Resolving eureka endpoints via configuration
2022-08-24 05:04:49,197 INFO com.netflix.discovery.shared.resolver.aws.ConfigClusterResolver [AsyncResolver-bootstrap-executor-0] Resolving eureka endpoints via configuration
2022-08-24 05:09:49,200 INFO com.netflix.discovery.shared.resolver.aws.ConfigClusterResolver [AsyncResolver-bootstrap-executor-0] Resolving eureka endpoints via configuration
2022-08-24 05:14:49,216 INFO com.netflix.discovery.shared.resolver.aws.ConfigClusterResolver [AsyncResolver-bootstrap-executor-0] Resolving eureka endpoints via configuration
2022-08-24 05:19:49,219 INFO com.netflix.discovery.shared.resolver.aws.ConfigClusterResolver [AsyncResolver-bootstrap-executor-0] Resolving eureka endpoints via configuration
2022-08-24 05:24:49,233 INFO com.netflix.discovery.shared.resolver.aws.ConfigClusterResolver [AsyncResolver-bootstrap-executor-0] Resolving eureka endpoints via configuration
2022-08-24 05:29:49,239 INFO com.netflix.discovery.shared.resolver.aws.ConfigClusterResolver [AsyncResolver-bootstrap-executor-0] Resolving eureka endpoints via configuration
2022-08-24 05:34:49,252 INFO com.netflix.discovery.shared.resolver.aws.ConfigClusterResolver [AsyncResolver-bootstrap-executor-0] Resolving eureka endpoints via configuration
2022-08-24 05:39:49,257 INFO com.netflix.discovery.shared.resolver.aws.ConfigClusterResolver [AsyncResolver-bootstrap-executor-0] Resolving eureka endpoints via configuration
2022-08-24 05:44:49,266 INFO com.netflix.discovery.shared.resolver.aws.ConfigClusterResolver [AsyncResolver-bootstrap-executor-0] Resolving eureka endpoints via configuration
2022-08-24 05:49:49,282 INFO com.netflix.discovery.shared.resolver.aws.ConfigClusterResolver [AsyncResolver-bootstrap-executor-0] Resolving eureka endpoints via configuration
2022-08-24 05:54:49,292 INFO com.netflix.discovery.shared.resolver.aws.ConfigClusterResolver [AsyncResolver-bootstrap-executor-0] Resolving eureka endpoints via configuration
2022-08-24 05:59:49,302 INFO com.netflix.discovery.shared.resolver.aws.ConfigClusterResolver [AsyncResolver-bootstrap-executor-0] Resolving eureka endpoints via configuration
2022-08-24 06:04:49,313 INFO com.netflix.discovery.shared.resolver.aws.ConfigClusterResolver [AsyncResolver-bootstrap-executor-0] Resolving eureka endpoints via configuration
2022-08-24 06:09:49,321 INFO com.netflix.discovery.shared.resolver.aws.ConfigClusterResolver [AsyncResolver-bootstrap-executor-0] Resolving eureka endpoints via configuration
2022-08-24 06:14:49,332 INFO com.netflix.discovery.shared.resolver.aws.ConfigClusterResolver [AsyncResolver-bootstrap-executor-0] Resolving eureka endpoints via configuration
2022-08-24 06:19:49,341 INFO com.netflix.discovery.shared.resolver.aws.ConfigClusterResolver [AsyncResolver-bootstrap-executor-0] Resolving eureka endpoints via configuration
2022-08-24 06:24:49,345 INFO com.netflix.discovery.shared.resolver.aws.ConfigClusterResolver [AsyncResolver-bootstrap-executor-0] Resolving eureka endpoints via configuration
2022-08-24 06:29:49,361 INFO com.netflix.discovery.shared.resolver.aws.ConfigClusterResolver [AsyncResolver-bootstrap-executor-0] Resolving eureka endpoints via configuration
2022-08-24 06:34:49,375 INFO com.netflix.discovery.shared.resolver.aws.ConfigClusterResolver [AsyncResolver-bootstrap-executor-0] Resolving eureka endpoints via configuration
2022-08-24 06:39:49,379 INFO com.netflix.discovery.shared.resolver.aws.ConfigClusterResolver [AsyncResolver-bootstrap-executor-0] Resolving eureka endpoints via configuration
2022-08-24 06:44:49,392 INFO com.netflix.discovery.shared.resolver.aws.ConfigClusterResolver [AsyncResolver-bootstrap-executor-0] Resolving eureka endpoints via configuration
2022-08-24 06:49:49,397 INFO com.netflix.discovery.shared.resolver.aws.ConfigClusterResolver [AsyncResolver-bootstrap-executor-0] Resolving eureka endpoints via configuration
2022-08-24 06:54:49,401 INFO com.netflix.discovery.shared.resolver.aws.ConfigClusterResolver [AsyncResolver-bootstrap-executor-0] Resolving eureka endpoints via configuration
2022-08-24 06:59:49,409 INFO com.netflix.discovery.shared.resolver.aws.ConfigClusterResolver [AsyncResolver-bootstrap-executor-0] Resolving eureka endpoints via configuration
2022-08-24 07:04:49,423 INFO com.netflix.discovery.shared.resolver.aws.ConfigClusterResolver [AsyncResolver-bootstrap-executor-0] Resolving eureka endpoints via configuration
2022-08-24 07:09:49,438 INFO com.netflix.discovery.shared.resolver.aws.ConfigClusterResolver [AsyncResolver-bootstrap-executor-0] Resolving eureka endpoints via configuration
2022-08-24 07:14:49,451 INFO com.netflix.discovery.shared.resolver.aws.ConfigClusterResolver [AsyncResolver-bootstrap-executor-0] Resolving eureka endpoints via configuration
2022-08-24 07:19:49,453 INFO com.netflix.discovery.shared.resolver.aws.ConfigClusterResolver [AsyncResolver-bootstrap-executor-0] Resolving eureka endpoints via configuration
2022-08-24 07:24:49,468 INFO com.netflix.discovery.shared.resolver.aws.ConfigClusterResolver [AsyncResolver-bootstrap-executor-0] Resolving eureka endpoints via configuration
2022-08-24 07:29:49,479 INFO com.netflix.discovery.shared.resolver.aws.ConfigClusterResolver [AsyncResolver-bootstrap-executor-0] Resolving eureka endpoints via configuration
2022-08-24 07:34:49,491 INFO com.netflix.discovery.shared.resolver.aws.ConfigClusterResolver [AsyncResolver-bootstrap-executor-0] Resolving eureka endpoints via configuration
2022-08-24 07:39:49,495 INFO com.netflix.discovery.shared.resolver.aws.ConfigClusterResolver [AsyncResolver-bootstrap-executor-0] Resolving eureka endpoints via configuration
2022-08-24 07:44:49,511 INFO com.netflix.discovery.shared.resolver.aws.ConfigClusterResolver [AsyncResolver-bootstrap-executor-0] Resolving eureka endpoints via configuration
2022-08-24 07:49:49,527 INFO com.netflix.discovery.shared.resolver.aws.ConfigClusterResolver [AsyncResolver-bootstrap-executor-0] Resolving eureka endpoints via configuration
2022-08-24 07:54:49,535 INFO com.netflix.discovery.shared.resolver.aws.ConfigClusterResolver [AsyncResolver-bootstrap-executor-0] Resolving eureka endpoints via configuration
2022-08-24 07:59:49,551 INFO com.netflix.discovery.shared.resolver.aws.ConfigClusterResolver [AsyncResolver-bootstrap-executor-0] Resolving eureka endpoints via configuration
2022-08-24 08:04:49,565 INFO com.netflix.discovery.shared.resolver.aws.ConfigClusterResolver [AsyncResolver-bootstrap-executor-0] Resolving eureka endpoints via configuration
2022-08-24 08:09:49,571 INFO com.netflix.discovery.shared.resolver.aws.ConfigClusterResolver [AsyncResolver-bootstrap-executor-0] Resolving eureka endpoints via configuration
2022-08-24 08:14:49,575 INFO com.netflix.discovery.shared.resolver.aws.ConfigClusterResolver [AsyncResolver-bootstrap-executor-0] Resolving eureka endpoints via configuration
2022-08-24 08:19:49,586 INFO com.netflix.discovery.shared.resolver.aws.ConfigClusterResolver [AsyncResolver-bootstrap-executor-0] Resolving eureka endpoints via configuration
2022-08-24 08:24:49,598 INFO com.netflix.discovery.shared.resolver.aws.ConfigClusterResolver [AsyncResolver-bootstrap-executor-0] Resolving eureka endpoints via configuration
2022-08-24 08:29:49,604 INFO com.netflix.discovery.shared.resolver.aws.ConfigClusterResolver [AsyncResolver-bootstrap-executor-0] Resolving eureka endpoints via configuration
2022-08-24 08:34:49,614 INFO com.netflix.discovery.shared.resolver.aws.ConfigClusterResolver [AsyncResolver-bootstrap-executor-0] Resolving eureka endpoints via configuration
2022-08-24 08:39:49,619 INFO com.netflix.discovery.shared.resolver.aws.ConfigClusterResolver [AsyncResolver-bootstrap-executor-0] Resolving eureka endpoints via configuration
2022-08-24 08:44:49,624 INFO com.netflix.discovery.shared.resolver.aws.ConfigClusterResolver [AsyncResolver-bootstrap-executor-0] Resolving eureka endpoints via configuration
2022-08-24 08:49:49,639 INFO com.netflix.discovery.shared.resolver.aws.ConfigClusterResolver [AsyncResolver-bootstrap-executor-0] Resolving eureka endpoints via configuration
2022-08-24 08:54:49,651 INFO com.netflix.discovery.shared.resolver.aws.ConfigClusterResolver [AsyncResolver-bootstrap-executor-0] Resolving eureka endpoints via configuration
2022-08-24 08:59:49,661 INFO com.netflix.discovery.shared.resolver.aws.ConfigClusterResolver [AsyncResolver-bootstrap-executor-0] Resolving eureka endpoints via configuration
2022-08-24 09:04:49,676 INFO com.netflix.discovery.shared.resolver.aws.ConfigClusterResolver [AsyncResolver-bootstrap-executor-0] Resolving eureka endpoints via configuration
2022-08-24 09:09:49,684 INFO com.netflix.discovery.shared.resolver.aws.ConfigClusterResolver [AsyncResolver-bootstrap-executor-0] Resolving eureka endpoints via configuration
2022-08-24 09:14:49,698 INFO com.netflix.discovery.shared.resolver.aws.ConfigClusterResolver [AsyncResolver-bootstrap-executor-0] Resolving eureka endpoints via configuration
2022-08-24 09:19:49,709 INFO com.netflix.discovery.shared.resolver.aws.ConfigClusterResolver [AsyncResolver-bootstrap-executor-0] Resolving eureka endpoints via configuration
2022-08-24 09:24:49,721 INFO com.netflix.discovery.shared.resolver.aws.ConfigClusterResolver [AsyncResolver-bootstrap-executor-0] Resolving eureka endpoints via configuration
2022-08-24 09:29:49,727 INFO com.netflix.discovery.shared.resolver.aws.ConfigClusterResolver [AsyncResolver-bootstrap-executor-0] Resolving eureka endpoints via configuration
2022-08-24 09:34:49,739 INFO com.netflix.discovery.shared.resolver.aws.ConfigClusterResolver [AsyncResolver-bootstrap-executor-0] Resolving eureka endpoints via configuration
2022-08-24 09:39:49,749 INFO com.netflix.discovery.shared.resolver.aws.ConfigClusterResolver [AsyncResolver-bootstrap-executor-0] Resolving eureka endpoints via configuration
2022-08-24 09:44:49,759 INFO com.netflix.discovery.shared.resolver.aws.ConfigClusterResolver [AsyncResolver-bootstrap-executor-0] Resolving eureka endpoints via configuration
2022-08-24 09:49:49,774 INFO com.netflix.discovery.shared.resolver.aws.ConfigClusterResolver [AsyncResolver-bootstrap-executor-0] Resolving eureka endpoints via configuration
2022-08-24 09:54:49,786 INFO com.netflix.discovery.shared.resolver.aws.ConfigClusterResolver [AsyncResolver-bootstrap-executor-0] Resolving eureka endpoints via configuration
2022-08-24 09:59:49,793 INFO com.netflix.discovery.shared.resolver.aws.ConfigClusterResolver [AsyncResolver-bootstrap-executor-0] Resolving eureka endpoints via configuration
2022-08-24 10:04:49,795 INFO com.netflix.discovery.shared.resolver.aws.ConfigClusterResolver [AsyncResolver-bootstrap-executor-0] Resolving eureka endpoints via configuration
2022-08-24 10:09:49,807 INFO com.netflix.discovery.shared.resolver.aws.ConfigClusterResolver [AsyncResolver-bootstrap-executor-0] Resolving eureka endpoints via configuration
2022-08-24 10:14:49,813 INFO com.netflix.discovery.shared.resolver.aws.ConfigClusterResolver [AsyncResolver-bootstrap-executor-0] Resolving eureka endpoints via configuration
2022-08-24 10:19:49,830 INFO com.netflix.discovery.shared.resolver.aws.ConfigClusterResolver [AsyncResolver-bootstrap-executor-0] Resolving eureka endpoints via configuration
2022-08-24 10:24:49,845 INFO com.netflix.discovery.shared.resolver.aws.ConfigClusterResolver [AsyncResolver-bootstrap-executor-0] Resolving eureka endpoints via configuration
2022-08-24 10:29:49,849 INFO com.netflix.discovery.shared.resolver.aws.ConfigClusterResolver [AsyncResolver-bootstrap-executor-0] Resolving eureka endpoints via configuration
2022-08-24 10:34:49,863 INFO com.netflix.discovery.shared.resolver.aws.ConfigClusterResolver [AsyncResolver-bootstrap-executor-0] Resolving eureka endpoints via configuration
2022-08-24 10:39:49,879 INFO com.netflix.discovery.shared.resolver.aws.ConfigClusterResolver [AsyncResolver-bootstrap-executor-0] Resolving eureka endpoints via configuration
2022-08-24 10:44:49,886 INFO com.netflix.discovery.shared.resolver.aws.ConfigClusterResolver [AsyncResolver-bootstrap-executor-0] Resolving eureka endpoints via configuration
2022-08-24 10:49:49,899 INFO com.netflix.discovery.shared.resolver.aws.ConfigClusterResolver [AsyncResolver-bootstrap-executor-0] Resolving eureka endpoints via configuration
2022-08-24 10:54:49,903 INFO com.netflix.discovery.shared.resolver.aws.ConfigClusterResolver [AsyncResolver-bootstrap-executor-0] Resolving eureka endpoints via configuration
2022-08-24 10:59:49,916 INFO com.netflix.discovery.shared.resolver.aws.ConfigClusterResolver [AsyncResolver-bootstrap-executor-0] Resolving eureka endpoints via configuration
2022-08-24 11:04:49,918 INFO com.netflix.discovery.shared.resolver.aws.ConfigClusterResolver [AsyncResolver-bootstrap-executor-0] Resolving eureka endpoints via configuration
2022-08-24 11:09:49,930 INFO com.netflix.discovery.shared.resolver.aws.ConfigClusterResolver [AsyncResolver-bootstrap-executor-0] Resolving eureka endpoints via configuration
2022-08-24 11:14:49,931 INFO com.netflix.discovery.shared.resolver.aws.ConfigClusterResolver [AsyncResolver-bootstrap-executor-0] Resolving eureka endpoints via configuration
2022-08-24 11:19:49,944 INFO com.netflix.discovery.shared.resolver.aws.ConfigClusterResolver [AsyncResolver-bootstrap-executor-0] Resolving eureka endpoints via configuration
2022-08-24 11:24:49,951 INFO com.netflix.discovery.shared.resolver.aws.ConfigClusterResolver [AsyncResolver-bootstrap-executor-0] Resolving eureka endpoints via configuration
2022-08-24 11:29:49,960 INFO com.netflix.discovery.shared.resolver.aws.ConfigClusterResolver [AsyncResolver-bootstrap-executor-0] Resolving eureka endpoints via configuration
2022-08-24 11:34:49,969 INFO com.netflix.discovery.shared.resolver.aws.ConfigClusterResolver [AsyncResolver-bootstrap-executor-0] Resolving eureka endpoints via configuration
2022-08-24 11:39:49,976 INFO com.netflix.discovery.shared.resolver.aws.ConfigClusterResolver [AsyncResolver-bootstrap-executor-0] Resolving eureka endpoints via configuration
2022-08-24 11:44:49,984 INFO com.netflix.discovery.shared.resolver.aws.ConfigClusterResolver [AsyncResolver-bootstrap-executor-0] Resolving eureka endpoints via configuration
2022-08-24 11:49:49,986 INFO com.netflix.discovery.shared.resolver.aws.ConfigClusterResolver [AsyncResolver-bootstrap-executor-0] Resolving eureka endpoints via configuration
2022-08-24 11:54:50,003 INFO com.netflix.discovery.shared.resolver.aws.ConfigClusterResolver [AsyncResolver-bootstrap-executor-0] Resolving eureka endpoints via configuration
2022-08-24 11:59:50,014 INFO com.netflix.discovery.shared.resolver.aws.ConfigClusterResolver [AsyncResolver-bootstrap-executor-0] Resolving eureka endpoints via configuration
2022-08-24 12:04:50,026 INFO com.netflix.discovery.shared.resolver.aws.ConfigClusterResolver [AsyncResolver-bootstrap-executor-0] Resolving eureka endpoints via configuration
2022-08-24 12:09:50,027 INFO com.netflix.discovery.shared.resolver.aws.ConfigClusterResolver [AsyncResolver-bootstrap-executor-0] Resolving eureka endpoints via configuration
2022-08-24 12:14:50,036 INFO com.netflix.discovery.shared.resolver.aws.ConfigClusterResolver [AsyncResolver-bootstrap-executor-0] Resolving eureka endpoints via configuration
2022-08-24 12:19:50,045 INFO com.netflix.discovery.shared.resolver.aws.ConfigClusterResolver [AsyncResolver-bootstrap-executor-0] Resolving eureka endpoints via configuration
2022-08-24 12:24:50,051 INFO com.netflix.discovery.shared.resolver.aws.ConfigClusterResolver [AsyncResolver-bootstrap-executor-0] Resolving eureka endpoints via configuration
2022-08-24 12:29:50,066 INFO com.netflix.discovery.shared.resolver.aws.ConfigClusterResolver [AsyncResolver-bootstrap-executor-0] Resolving eureka endpoints via configuration
2022-08-24 12:34:50,079 INFO com.netflix.discovery.shared.resolver.aws.ConfigClusterResolver [AsyncResolver-bootstrap-executor-0] Resolving eureka endpoints via configuration
2022-08-24 12:39:50,085 INFO com.netflix.discovery.shared.resolver.aws.ConfigClusterResolver [AsyncResolver-bootstrap-executor-0] Resolving eureka endpoints via configuration
2022-08-24 12:44:50,099 INFO com.netflix.discovery.shared.resolver.aws.ConfigClusterResolver [AsyncResolver-bootstrap-executor-0] Resolving eureka endpoints via configuration
2022-08-24 12:49:50,112 INFO com.netflix.discovery.shared.resolver.aws.ConfigClusterResolver [AsyncResolver-bootstrap-executor-0] Resolving eureka endpoints via configuration
2022-08-24 12:54:50,121 INFO com.netflix.discovery.shared.resolver.aws.ConfigClusterResolver [AsyncResolver-bootstrap-executor-0] Resolving eureka endpoints via configuration
2022-08-24 12:59:50,137 INFO com.netflix.discovery.shared.resolver.aws.ConfigClusterResolver [AsyncResolver-bootstrap-executor-0] Resolving eureka endpoints via configuration
2022-08-24 13:04:50,138 INFO com.netflix.discovery.shared.resolver.aws.ConfigClusterResolver [AsyncResolver-bootstrap-executor-0] Resolving eureka endpoints via configuration
2022-08-24 13:09:50,143 INFO com.netflix.discovery.shared.resolver.aws.ConfigClusterResolver [AsyncResolver-bootstrap-executor-0] Resolving eureka endpoints via configuration
2022-08-24 13:14:50,149 INFO com.netflix.discovery.shared.resolver.aws.ConfigClusterResolver [AsyncResolver-bootstrap-executor-0] Resolving eureka endpoints via configuration
2022-08-24 13:19:50,152 INFO com.netflix.discovery.shared.resolver.aws.ConfigClusterResolver [AsyncResolver-bootstrap-executor-0] Resolving eureka endpoints via configuration
2022-08-24 13:24:50,158 INFO com.netflix.discovery.shared.resolver.aws.ConfigClusterResolver [AsyncResolver-bootstrap-executor-0] Resolving eureka endpoints via configuration
2022-08-24 13:29:50,175 INFO com.netflix.discovery.shared.resolver.aws.ConfigClusterResolver [AsyncResolver-bootstrap-executor-0] Resolving eureka endpoints via configuration
2022-08-24 13:34:50,176 INFO com.netflix.discovery.shared.resolver.aws.ConfigClusterResolver [AsyncResolver-bootstrap-executor-0] Resolving eureka endpoints via configuration
2022-08-24 13:39:50,184 INFO com.netflix.discovery.shared.resolver.aws.ConfigClusterResolver [AsyncResolver-bootstrap-executor-0] Resolving eureka endpoints via configuration
2022-08-24 13:44:50,193 INFO com.netflix.discovery.shared.resolver.aws.ConfigClusterResolver [AsyncResolver-bootstrap-executor-0] Resolving eureka endpoints via configuration
2022-08-24 13:49:50,202 INFO com.netflix.discovery.shared.resolver.aws.ConfigClusterResolver [AsyncResolver-bootstrap-executor-0] Resolving eureka endpoints via configuration
2022-08-24 13:54:50,206 INFO com.netflix.discovery.shared.resolver.aws.ConfigClusterResolver [AsyncResolver-bootstrap-executor-0] Resolving eureka endpoints via configuration
2022-08-24 13:59:50,218 INFO com.netflix.discovery.shared.resolver.aws.ConfigClusterResolver [AsyncResolver-bootstrap-executor-0] Resolving eureka endpoints via configuration
2022-08-24 14:04:50,230 INFO com.netflix.discovery.shared.resolver.aws.ConfigClusterResolver [AsyncResolver-bootstrap-executor-0] Resolving eureka endpoints via configuration
2022-08-24 14:09:50,238 INFO com.netflix.discovery.shared.resolver.aws.ConfigClusterResolver [AsyncResolver-bootstrap-executor-0] Resolving eureka endpoints via configuration
2022-08-24 14:14:50,252 INFO com.netflix.discovery.shared.resolver.aws.ConfigClusterResolver [AsyncResolver-bootstrap-executor-0] Resolving eureka endpoints via configuration
2022-08-24 14:19:48,957 INFO org.apache.catalina.core.ContainerBase.[Tomcat].[localhost].[/] [http-nio-9081-exec-9] Initializing Spring DispatcherServlet 'dispatcherServlet'
2022-08-24 14:19:48,959 INFO org.springframework.web.servlet.DispatcherServlet [http-nio-9081-exec-9] Initializing Servlet 'dispatcherServlet'
2022-08-24 14:19:48,996 INFO org.springframework.web.servlet.DispatcherServlet [http-nio-9081-exec-9] Completed initialization in 37 ms
2022-08-24 14:19:49,658 DEBUG org.hibernate.SQL [http-nio-9081-exec-9] insert into bookingdetails (address, bookingDate, employeeId, floorNumber, prefix, seatNumber, slot, status, userName) values (?, ?, ?, ?, ?, ?, ?, ?, ?)
2022-08-24 14:19:49,721 TRACE org.hibernate.type.descriptor.sql.BasicBinder [http-nio-9081-exec-9] binding parameter [1] as [VARCHAR] - [test,chennai]
2022-08-24 14:19:49,723 TRACE org.hibernate.type.descriptor.sql.BasicBinder [http-nio-9081-exec-9] binding parameter [2] as [TIMESTAMP] - [Wed Aug 24 14:19:49 IST 2022]
2022-08-24 14:19:49,733 TRACE org.hibernate.type.descriptor.sql.BasicBinder [http-nio-9081-exec-9] binding parameter [3] as [VARCHAR] - [2334]
2022-08-24 14:19:49,735 TRACE org.hibernate.type.descriptor.sql.BasicBinder [http-nio-9081-exec-9] binding parameter [4] as [INTEGER] - [1]
2022-08-24 14:19:49,736 TRACE org.hibernate.type.descriptor.sql.BasicBinder [http-nio-9081-exec-9] binding parameter [5] as [CHAR] - [B]
2022-08-24 14:19:49,736 TRACE org.hibernate.type.descriptor.sql.BasicBinder [http-nio-9081-exec-9] binding parameter [6] as [VARCHAR] - [f1]
2022-08-24 14:19:49,736 TRACE org.hibernate.type.descriptor.sql.BasicBinder [http-nio-9081-exec-9] binding parameter [7] as [VARCHAR] - [9am -6pm]
2022-08-24 14:19:49,737 TRACE org.hibernate.type.descriptor.sql.BasicBinder [http-nio-9081-exec-9] binding parameter [8] as [VARCHAR] - [null]
2022-08-24 14:19:49,737 TRACE org.hibernate.type.descriptor.sql.BasicBinder [http-nio-9081-exec-9] binding parameter [9] as [VARCHAR] - [null]
2022-08-24 14:19:50,258 INFO com.netflix.discovery.shared.resolver.aws.ConfigClusterResolver [AsyncResolver-bootstrap-executor-0] Resolving eureka endpoints via configuration
2022-08-24 14:24:50,261 INFO com.netflix.discovery.shared.resolver.aws.ConfigClusterResolver [AsyncResolver-bootstrap-executor-0] Resolving eureka endpoints via configuration
2022-08-24 14:29:50,274 INFO com.netflix.discovery.shared.resolver.aws.ConfigClusterResolver [AsyncResolver-bootstrap-executor-0] Resolving eureka endpoints via configuration
2022-08-24 14:33:15,578 DEBUG org.hibernate.SQL [http-nio-9081-exec-7] insert into bookingdetails (address, bookingDate, employeeId, floorNumber, prefix, seatNumber, slot, status, userName) values (?, ?, ?, ?, ?, ?, ?, ?, ?)
2022-08-24 14:33:15,580 TRACE org.hibernate.type.descriptor.sql.BasicBinder [http-nio-9081-exec-7] binding parameter [1] as [VARCHAR] - [test]
2022-08-24 14:33:15,581 TRACE org.hibernate.type.descriptor.sql.BasicBinder [http-nio-9081-exec-7] binding parameter [2] as [TIMESTAMP] - [Wed Aug 24 14:33:15 IST 2022]
2022-08-24 14:33:15,582 TRACE org.hibernate.type.descriptor.sql.BasicBinder [http-nio-9081-exec-7] binding parameter [3] as [VARCHAR] - [12334]
2022-08-24 14:33:15,582 TRACE org.hibernate.type.descriptor.sql.BasicBinder [http-nio-9081-exec-7] binding parameter [4] as [INTEGER] - [7]
2022-08-24 14:33:15,582 TRACE org.hibernate.type.descriptor.sql.BasicBinder [http-nio-9081-exec-7] binding parameter [5] as [CHAR] - [B]
2022-08-24 14:33:15,583 TRACE org.hibernate.type.descriptor.sql.BasicBinder [http-nio-9081-exec-7] binding parameter [6] as [VARCHAR] - [55]
2022-08-24 14:33:15,583 TRACE org.hibernate.type.descriptor.sql.BasicBinder [http-nio-9081-exec-7] binding parameter [7] as [VARCHAR] - [7-8]
2022-08-24 14:33:15,583 TRACE org.hibernate.type.descriptor.sql.BasicBinder [http-nio-9081-exec-7] binding parameter [8] as [VARCHAR] - [null]
2022-08-24 14:33:15,584 TRACE org.hibernate.type.descriptor.sql.BasicBinder [http-nio-9081-exec-7] binding parameter [9] as [VARCHAR] - [null]
2022-08-24 14:34:50,281 INFO com.netflix.discovery.shared.resolver.aws.ConfigClusterResolver [AsyncResolver-bootstrap-executor-0] Resolving eureka endpoints via configuration
2022-08-24 14:38:58,624 DEBUG org.hibernate.SQL [http-nio-9081-exec-5] insert into bookingdetails (address, bookingDate, employeeId, floorNumber, prefix, seatNumber, slot, status, userName) values (?, ?, ?, ?, ?, ?, ?, ?, ?)
2022-08-24 14:38:58,625 TRACE org.hibernate.type.descriptor.sql.BasicBinder [http-nio-9081-exec-5] binding parameter [1] as [VARCHAR] - [testing]
2022-08-24 14:38:58,625 TRACE org.hibernate.type.descriptor.sql.BasicBinder [http-nio-9081-exec-5] binding parameter [2] as [TIMESTAMP] - [Wed Aug 24 14:38:58 IST 2022]
2022-08-24 14:38:58,625 TRACE org.hibernate.type.descriptor.sql.BasicBinder [http-nio-9081-exec-5] binding parameter [3] as [VARCHAR] - [123455]
2022-08-24 14:38:58,626 TRACE org.hibernate.type.descriptor.sql.BasicBinder [http-nio-9081-exec-5] binding parameter [4] as [INTEGER] - [1]
2022-08-24 14:38:58,626 TRACE org.hibernate.type.descriptor.sql.BasicBinder [http-nio-9081-exec-5] binding parameter [5] as [CHAR] - [B]
2022-08-24 14:38:58,626 TRACE org.hibernate.type.descriptor.sql.BasicBinder [http-nio-9081-exec-5] binding parameter [6] as [VARCHAR] - [23]
2022-08-24 14:38:58,626 TRACE org.hibernate.type.descriptor.sql.BasicBinder [http-nio-9081-exec-5] binding parameter [7] as [VARCHAR] - [7-9]
2022-08-24 14:38:58,626 TRACE org.hibernate.type.descriptor.sql.BasicBinder [http-nio-9081-exec-5] binding parameter [8] as [VARCHAR] - [null]
2022-08-24 14:38:58,626 TRACE org.hibernate.type.descriptor.sql.BasicBinder [http-nio-9081-exec-5] binding parameter [9] as [VARCHAR] - [null]
2022-08-24 14:39:50,286 INFO com.netflix.discovery.shared.resolver.aws.ConfigClusterResolver [AsyncResolver-bootstrap-executor-0] Resolving eureka endpoints via configuration
2022-08-24 14:40:55,172 DEBUG org.hibernate.SQL [http-nio-9081-exec-3] insert into bookingdetails (address, bookingDate, employeeId, floorNumber, prefix, seatNumber, slot, status, userName) values (?, ?, ?, ?, ?, ?, ?, ?, ?)
2022-08-24 14:40:55,174 TRACE org.hibernate.type.descriptor.sql.BasicBinder [http-nio-9081-exec-3] binding parameter [1] as [VARCHAR] - [testsing]
2022-08-24 14:40:55,175 TRACE org.hibernate.type.descriptor.sql.BasicBinder [http-nio-9081-exec-3] binding parameter [2] as [TIMESTAMP] - [Wed Aug 24 14:40:55 IST 2022]
2022-08-24 14:40:55,176 TRACE org.hibernate.type.descriptor.sql.BasicBinder [http-nio-9081-exec-3] binding parameter [3] as [VARCHAR] - [3563]
2022-08-24 14:40:55,177 TRACE org.hibernate.type.descriptor.sql.BasicBinder [http-nio-9081-exec-3] binding parameter [4] as [INTEGER] - [1]
2022-08-24 14:40:55,177 TRACE org.hibernate.type.descriptor.sql.BasicBinder [http-nio-9081-exec-3] binding parameter [5] as [CHAR] - [B]
2022-08-24 14:40:55,177 TRACE org.hibernate.type.descriptor.sql.BasicBinder [http-nio-9081-exec-3] binding parameter [6] as [VARCHAR] - [2]
2022-08-24 14:40:55,177 TRACE org.hibernate.type.descriptor.sql.BasicBinder [http-nio-9081-exec-3] binding parameter [7] as [VARCHAR] - [1-9]
2022-08-24 14:40:55,178 TRACE org.hibernate.type.descriptor.sql.BasicBinder [http-nio-9081-exec-3] binding parameter [8] as [VARCHAR] - [null]
2022-08-24 14:40:55,178 TRACE org.hibernate.type.descriptor.sql.BasicBinder [http-nio-9081-exec-3] binding parameter [9] as [VARCHAR] - [null]
2022-08-24 14:42:26,444 DEBUG org.hibernate.SQL [http-nio-9081-exec-1] insert into bookingdetails (address, bookingDate, employeeId, floorNumber, prefix, seatNumber, slot, status, userName) values (?, ?, ?, ?, ?, ?, ?, ?, ?)
2022-08-24 14:42:26,446 TRACE org.hibernate.type.descriptor.sql.BasicBinder [http-nio-9081-exec-1] binding parameter [1] as [VARCHAR] - [tes]
2022-08-24 14:42:26,446 TRACE org.hibernate.type.descriptor.sql.BasicBinder [http-nio-9081-exec-1] binding parameter [2] as [TIMESTAMP] - [Wed Aug 24 14:42:26 IST 2022]
2022-08-24 14:42:26,447 TRACE org.hibernate.type.descriptor.sql.BasicBinder [http-nio-9081-exec-1] binding parameter [3] as [VARCHAR] - [1]
2022-08-24 14:42:26,447 TRACE org.hibernate.type.descriptor.sql.BasicBinder [http-nio-9081-exec-1] binding parameter [4] as [INTEGER] - [35]
2022-08-24 14:42:26,447 TRACE org.hibernate.type.descriptor.sql.BasicBinder [http-nio-9081-exec-1] binding parameter [5] as [CHAR] - [B]
2022-08-24 14:42:26,447 TRACE org.hibernate.type.descriptor.sql.BasicBinder [http-nio-9081-exec-1] binding parameter [6] as [VARCHAR] - [4]
2022-08-24 14:42:26,448 TRACE org.hibernate.type.descriptor.sql.BasicBinder [http-nio-9081-exec-1] binding parameter [7] as [VARCHAR] - [2]
2022-08-24 14:42:26,448 TRACE org.hibernate.type.descriptor.sql.BasicBinder [http-nio-9081-exec-1] binding parameter [8] as [VARCHAR] - [null]
2022-08-24 14:42:26,448 TRACE org.hibernate.type.descriptor.sql.BasicBinder [http-nio-9081-exec-1] binding parameter [9] as [VARCHAR] - [null]
2022-08-24 14:44:50,289 INFO com.netflix.discovery.shared.resolver.aws.ConfigClusterResolver [AsyncResolver-bootstrap-executor-0] Resolving eureka endpoints via configuration
2022-08-24 14:49:50,302 INFO com.netflix.discovery.shared.resolver.aws.ConfigClusterResolver [AsyncResolver-bootstrap-executor-0] Resolving eureka endpoints via configuration
2022-08-24 14:51:47,389 DEBUG org.hibernate.SQL [http-nio-9081-exec-10] insert into bookingdetails (address, bookingDate, employeeId, floorNumber, prefix, seatNumber, slot, status, userName) values (?, ?, ?, ?, ?, ?, ?, ?, ?)
2022-08-24 14:51:47,391 TRACE org.hibernate.type.descriptor.sql.BasicBinder [http-nio-9081-exec-10] binding parameter [1] as [VARCHAR] - [rree]
2022-08-24 14:51:47,392 TRACE org.hibernate.type.descriptor.sql.BasicBinder [http-nio-9081-exec-10] binding parameter [2] as [TIMESTAMP] - [Wed Aug 24 14:51:47 IST 2022]
2022-08-24 14:51:47,392 TRACE org.hibernate.type.descriptor.sql.BasicBinder [http-nio-9081-exec-10] binding parameter [3] as [VARCHAR] - [1]
2022-08-24 14:51:47,393 TRACE org.hibernate.type.descriptor.sql.BasicBinder [http-nio-9081-exec-10] binding parameter [4] as [INTEGER] - [45]
2022-08-24 14:51:47,393 TRACE org.hibernate.type.descriptor.sql.BasicBinder [http-nio-9081-exec-10] binding parameter [5] as [CHAR] - [B]
2022-08-24 14:51:47,393 TRACE org.hibernate.type.descriptor.sql.BasicBinder [http-nio-9081-exec-10] binding parameter [6] as [VARCHAR] - [4]
2022-08-24 14:51:47,393 TRACE org.hibernate.type.descriptor.sql.BasicBinder [http-nio-9081-exec-10] binding parameter [7] as [VARCHAR] - [4-6]
2022-08-24 14:51:47,394 TRACE org.hibernate.type.descriptor.sql.BasicBinder [http-nio-9081-exec-10] binding parameter [8] as [VARCHAR] - [null]
2022-08-24 14:51:47,394 TRACE org.hibernate.type.descriptor.sql.BasicBinder [http-nio-9081-exec-10] binding parameter [9] as [VARCHAR] - [null]
2022-08-24 14:54:32,537 DEBUG org.hibernate.SQL [http-nio-9081-exec-7] insert into bookingdetails (address, bookingDate, employeeId, floorNumber, prefix, seatNumber, slot, status, userName) values (?, ?, ?, ?, ?, ?, ?, ?, ?)
2022-08-24 14:54:32,540 TRACE org.hibernate.type.descriptor.sql.BasicBinder [http-nio-9081-exec-7] binding parameter [1] as [VARCHAR] - [4]
2022-08-24 14:54:32,540 TRACE org.hibernate.type.descriptor.sql.BasicBinder [http-nio-9081-exec-7] binding parameter [2] as [TIMESTAMP] - [Wed Aug 24 14:54:32 IST 2022]
2022-08-24 14:54:32,541 TRACE org.hibernate.type.descriptor.sql.BasicBinder [http-nio-9081-exec-7] binding parameter [3] as [VARCHAR] - [223]
2022-08-24 14:54:32,542 TRACE org.hibernate.type.descriptor.sql.BasicBinder [http-nio-9081-exec-7] binding parameter [4] as [INTEGER] - [6]
2022-08-24 14:54:32,542 TRACE org.hibernate.type.descriptor.sql.BasicBinder [http-nio-9081-exec-7] binding parameter [5] as [CHAR] - [B]
2022-08-24 14:54:32,543 TRACE org.hibernate.type.descriptor.sql.BasicBinder [http-nio-9081-exec-7] binding parameter [6] as [VARCHAR] - [5]
2022-08-24 14:54:32,543 TRACE org.hibernate.type.descriptor.sql.BasicBinder [http-nio-9081-exec-7] binding parameter [7] as [VARCHAR] - [5-9]
2022-08-24 14:54:32,544 TRACE org.hibernate.type.descriptor.sql.BasicBinder [http-nio-9081-exec-7] binding parameter [8] as [VARCHAR] - [null]
2022-08-24 14:54:32,544 TRACE org.hibernate.type.descriptor.sql.BasicBinder [http-nio-9081-exec-7] binding parameter [9] as [VARCHAR] - [kalaiv]
2022-08-24 14:54:50,307 INFO com.netflix.discovery.shared.resolver.aws.ConfigClusterResolver [AsyncResolver-bootstrap-executor-0] Resolving eureka endpoints via configuration
2022-08-24 14:59:50,315 INFO com.netflix.discovery.shared.resolver.aws.ConfigClusterResolver [AsyncResolver-bootstrap-executor-0] Resolving eureka endpoints via configuration
2022-08-24 15:04:50,332 INFO com.netflix.discovery.shared.resolver.aws.ConfigClusterResolver [AsyncResolver-bootstrap-executor-0] Resolving eureka endpoints via configuration
2022-08-24 15:09:50,343 INFO com.netflix.discovery.shared.resolver.aws.ConfigClusterResolver [AsyncResolver-bootstrap-executor-0] Resolving eureka endpoints via configuration
2022-08-24 15:14:50,349 INFO com.netflix.discovery.shared.resolver.aws.ConfigClusterResolver [AsyncResolver-bootstrap-executor-0] Resolving eureka endpoints via configuration
2022-08-24 15:19:50,363 INFO com.netflix.discovery.shared.resolver.aws.ConfigClusterResolver [AsyncResolver-bootstrap-executor-0] Resolving eureka endpoints via configuration
2022-08-24 15:24:50,374 INFO com.netflix.discovery.shared.resolver.aws.ConfigClusterResolver [AsyncResolver-bootstrap-executor-0] Resolving eureka endpoints via configuration
2022-08-24 15:29:50,380 INFO com.netflix.discovery.shared.resolver.aws.ConfigClusterResolver [AsyncResolver-bootstrap-executor-0] Resolving eureka endpoints via configuration
2022-08-24 15:34:50,393 INFO com.netflix.discovery.shared.resolver.aws.ConfigClusterResolver [AsyncResolver-bootstrap-executor-0] Resolving eureka endpoints via configuration
2022-08-24 15:39:50,402 INFO com.netflix.discovery.shared.resolver.aws.ConfigClusterResolver [AsyncResolver-bootstrap-executor-0] Resolving eureka endpoints via configuration
2022-08-24 15:44:50,410 INFO com.netflix.discovery.shared.resolver.aws.ConfigClusterResolver [AsyncResolver-bootstrap-executor-0] Resolving eureka endpoints via configuration
2022-08-24 15:49:50,417 INFO com.netflix.discovery.shared.resolver.aws.ConfigClusterResolver [AsyncResolver-bootstrap-executor-0] Resolving eureka endpoints via configuration
2022-08-24 15:54:50,433 INFO com.netflix.discovery.shared.resolver.aws.ConfigClusterResolver [AsyncResolver-bootstrap-executor-0] Resolving eureka endpoints via configuration
2022-08-24 15:59:50,446 INFO com.netflix.discovery.shared.resolver.aws.ConfigClusterResolver [AsyncResolver-bootstrap-executor-0] Resolving eureka endpoints via configuration
2022-08-24 16:04:50,461 INFO com.netflix.discovery.shared.resolver.aws.ConfigClusterResolver [AsyncResolver-bootstrap-executor-0] Resolving eureka endpoints via configuration
2022-08-24 16:09:50,474 INFO com.netflix.discovery.shared.resolver.aws.ConfigClusterResolver [AsyncResolver-bootstrap-executor-0] Resolving eureka endpoints via configuration
2022-08-24 16:14:50,486 INFO com.netflix.discovery.shared.resolver.aws.ConfigClusterResolver [AsyncResolver-bootstrap-executor-0] Resolving eureka endpoints via configuration
2022-08-24 16:19:50,488 INFO com.netflix.discovery.shared.resolver.aws.ConfigClusterResolver [AsyncResolver-bootstrap-executor-0] Resolving eureka endpoints via configuration
2022-08-24 16:24:50,504 INFO com.netflix.discovery.shared.resolver.aws.ConfigClusterResolver [AsyncResolver-bootstrap-executor-0] Resolving eureka endpoints via configuration
2022-08-24 16:29:50,522 INFO com.netflix.discovery.shared.resolver.aws.ConfigClusterResolver [AsyncResolver-bootstrap-executor-0] Resolving eureka endpoints via configuration
2022-08-24 16:33:53,028 DEBUG org.hibernate.SQL [http-nio-9081-exec-5] select bookingdet0_.id as id1_0_0_, bookingdet0_.address as address2_0_0_, bookingdet0_.bookingDate as bookingd3_0_0_, bookingdet0_.employeeId as employee4_0_0_, bookingdet0_.floorNumber as floornum5_0_0_, bookingdet0_.prefix as prefix6_0_0_, bookingdet0_.seatNumber as seatnumb7_0_0_, bookingdet0_.slot as slot8_0_0_, bookingdet0_.status as status9_0_0_, bookingdet0_.userName as usernam10_0_0_ from bookingdetails bookingdet0_ where bookingdet0_.id=?
2022-08-24 16:33:53,031 TRACE org.hibernate.type.descriptor.sql.BasicBinder [http-nio-9081-exec-5] binding parameter [1] as [INTEGER] - [1]
2022-08-24 16:33:53,092 DEBUG org.hibernate.SQL [http-nio-9081-exec-5] update bookingdetails set address=?, bookingDate=?, employeeId=?, floorNumber=?, prefix=?, seatNumber=?, slot=?, status=?, userName=? where id=?
2022-08-24 16:33:53,094 TRACE org.hibernate.type.descriptor.sql.BasicBinder [http-nio-9081-exec-5] binding parameter [1] as [VARCHAR] - [tes2]
2022-08-24 16:33:53,094 TRACE org.hibernate.type.descriptor.sql.BasicBinder [http-nio-9081-exec-5] binding parameter [2] as [TIMESTAMP] - [Wed Aug 24 16:33:52 IST 2022]
2022-08-24 16:33:53,095 TRACE org.hibernate.type.descriptor.sql.BasicBinder [http-nio-9081-exec-5] binding parameter [3] as [VARCHAR] - [1234]
2022-08-24 16:33:53,095 TRACE org.hibernate.type.descriptor.sql.BasicBinder [http-nio-9081-exec-5] binding parameter [4] as [INTEGER] - [1]
2022-08-24 16:33:53,096 TRACE org.hibernate.type.descriptor.sql.BasicBinder [http-nio-9081-exec-5] binding parameter [5] as [CHAR] - [B]
2022-08-24 16:33:53,096 TRACE org.hibernate.type.descriptor.sql.BasicBinder [http-nio-9081-exec-5] binding parameter [6] as [VARCHAR] - [23]
2022-08-24 16:33:53,096 TRACE org.hibernate.type.descriptor.sql.BasicBinder [http-nio-9081-exec-5] binding parameter [7] as [VARCHAR] - [9-10]
2022-08-24 16:33:53,096 TRACE org.hibernate.type.descriptor.sql.BasicBinder [http-nio-9081-exec-5] binding parameter [8] as [VARCHAR] - [Pending]
2022-08-24 16:33:53,096 TRACE org.hibernate.type.descriptor.sql.BasicBinder [http-nio-9081-exec-5] binding parameter [9] as [VARCHAR] - [kalaiv]
2022-08-24 16:33:53,097 TRACE org.hibernate.type.descriptor.sql.BasicBinder [http-nio-9081-exec-5] binding parameter [10] as [INTEGER] - [1]
2022-08-24 16:34:50,528 INFO com.netflix.discovery.shared.resolver.aws.ConfigClusterResolver [AsyncResolver-bootstrap-executor-0] Resolving eureka endpoints via configuration
2022-08-24 16:39:50,541 INFO com.netflix.discovery.shared.resolver.aws.ConfigClusterResolver [AsyncResolver-bootstrap-executor-0] Resolving eureka endpoints via configuration
2022-08-24 16:44:50,545 INFO com.netflix.discovery.shared.resolver.aws.ConfigClusterResolver [AsyncResolver-bootstrap-executor-0] Resolving eureka endpoints via configuration
2022-08-24 16:49:50,557 INFO com.netflix.discovery.shared.resolver.aws.ConfigClusterResolver [AsyncResolver-bootstrap-executor-0] Resolving eureka endpoints via configuration
2022-08-24 16:54:50,573 INFO com.netflix.discovery.shared.resolver.aws.ConfigClusterResolver [AsyncResolver-bootstrap-executor-0] Resolving eureka endpoints via configuration
2022-08-24 16:59:50,581 INFO com.netflix.discovery.shared.resolver.aws.ConfigClusterResolver [AsyncResolver-bootstrap-executor-0] Resolving eureka endpoints via configuration
2022-08-24 17:04:50,585 INFO com.netflix.discovery.shared.resolver.aws.ConfigClusterResolver [AsyncResolver-bootstrap-executor-0] Resolving eureka endpoints via configuration
2022-08-24 17:09:50,599 INFO com.netflix.discovery.shared.resolver.aws.ConfigClusterResolver [AsyncResolver-bootstrap-executor-0] Resolving eureka endpoints via configuration
2022-08-24 17:14:50,616 INFO com.netflix.discovery.shared.resolver.aws.ConfigClusterResolver [AsyncResolver-bootstrap-executor-0] Resolving eureka endpoints via configuration
2022-08-24 17:19:50,618 INFO com.netflix.discovery.shared.resolver.aws.ConfigClusterResolver [AsyncResolver-bootstrap-executor-0] Resolving eureka endpoints via configuration
2022-08-24 17:24:50,624 INFO com.netflix.discovery.shared.resolver.aws.ConfigClusterResolver [AsyncResolver-bootstrap-executor-0] Resolving eureka endpoints via configuration
2022-08-24 17:29:50,634 INFO com.netflix.discovery.shared.resolver.aws.ConfigClusterResolver [AsyncResolver-bootstrap-executor-0] Resolving eureka endpoints via configuration
2022-08-24 17:34:50,646 INFO com.netflix.discovery.shared.resolver.aws.ConfigClusterResolver [AsyncResolver-bootstrap-executor-0] Resolving eureka endpoints via configuration
2022-08-24 17:35:24,846 INFO org.springframework.boot.admin.SpringApplicationAdminMXBeanRegistrar$SpringApplicationAdmin [RMI TCP Connection(3259)-127.0.0.1] Application shutdown requested.
2022-08-24 17:35:24,851 INFO org.springframework.cloud.netflix.eureka.serviceregistry.EurekaServiceRegistry [RMI TCP Connection(3259)-127.0.0.1] Unregistering application BOOKING with eureka with status DOWN
2022-08-24 17:35:24,852 INFO com.netflix.discovery.DiscoveryClient [RMI TCP Connection(3259)-127.0.0.1] Saw local status change event StatusChangeEvent [timestamp=1661342724852, current=DOWN, previous=UP]
2022-08-24 17:35:24,853 INFO com.netflix.discovery.DiscoveryClient [DiscoveryClient-InstanceInfoReplicator-0] DiscoveryClient_BOOKING/WINDOWS-UNR7VLH:booking:9081: registering service...
2022-08-24 17:35:24,870 INFO com.netflix.discovery.DiscoveryClient [DiscoveryClient-InstanceInfoReplicator-0] DiscoveryClient_BOOKING/WINDOWS-UNR7VLH:booking:9081 - registration status: 204
2022-08-24 17:35:25,021 INFO org.apache.catalina.core.StandardService [RMI TCP Connection(3259)-127.0.0.1] Stopping service [Tomcat]
2022-08-24 17:35:25,036 INFO org.apache.catalina.core.ContainerBase.[Tomcat].[localhost].[/] [RMI TCP Connection(3259)-127.0.0.1] Destroying Spring FrameworkServlet 'dispatcherServlet'
2022-08-24 17:35:25,101 INFO org.springframework.scheduling.concurrent.ThreadPoolTaskExecutor [RMI TCP Connection(3259)-127.0.0.1] Shutting down ExecutorService 'applicationTaskExecutor'
2022-08-24 17:35:25,117 INFO org.springframework.orm.jpa.LocalContainerEntityManagerFactoryBean [RMI TCP Connection(3259)-127.0.0.1] Closing JPA EntityManagerFactory for persistence unit 'default'
2022-08-24 17:35:25,129 INFO com.zaxxer.hikari.HikariDataSource [RMI TCP Connection(3259)-127.0.0.1] HikariPool-1 - Shutdown initiated...
2022-08-24 17:35:25,175 INFO com.zaxxer.hikari.HikariDataSource [RMI TCP Connection(3259)-127.0.0.1] HikariPool-1 - Shutdown completed.
2022-08-24 17:35:25,177 INFO com.netflix.discovery.DiscoveryClient [RMI TCP Connection(3259)-127.0.0.1] Shutting down DiscoveryClient ...
2022-08-24 17:35:28,191 INFO com.netflix.discovery.DiscoveryClient [RMI TCP Connection(3259)-127.0.0.1] Unregistering ...
2022-08-24 17:35:28,205 INFO com.netflix.discovery.DiscoveryClient [RMI TCP Connection(3259)-127.0.0.1] DiscoveryClient_BOOKING/WINDOWS-UNR7VLH:booking:9081 - deregister  status: 200
2022-08-24 17:35:28,248 INFO com.netflix.discovery.DiscoveryClient [RMI TCP Connection(3259)-127.0.0.1] Completed shut down of DiscoveryClient
2022-08-24 17:36:07,196 INFO com.rps.booking.BookingServiceApplication [main] The following profiles are active: dev
2022-08-24 17:36:09,841 INFO org.springframework.data.repository.config.RepositoryConfigurationDelegate [main] Bootstrapping Spring Data JPA repositories in DEFAULT mode.
2022-08-24 17:36:09,903 INFO org.springframework.data.repository.config.RepositoryConfigurationDelegate [main] Finished Spring Data repository scanning in 41ms. Found 0 JPA repository interfaces.
2022-08-24 17:36:10,671 INFO org.springframework.cloud.context.scope.GenericScope [main] BeanFactory id=325c2693-3875-3b4b-bcd5-e3215af1eabb
2022-08-24 17:36:11,831 INFO org.springframework.boot.web.embedded.tomcat.TomcatWebServer [main] Tomcat initialized with port(s): 9081 (http)
2022-08-24 17:36:11,861 INFO org.apache.catalina.core.StandardService [main] Starting service [Tomcat]
2022-08-24 17:36:11,862 INFO org.apache.catalina.core.StandardEngine [main] Starting Servlet engine: [Apache Tomcat/9.0.46]
2022-08-24 17:36:12,387 INFO org.apache.catalina.core.ContainerBase.[Tomcat].[localhost].[/] [main] Initializing Spring embedded WebApplicationContext
2022-08-24 17:36:12,388 INFO org.springframework.boot.web.servlet.context.ServletWebServerApplicationContext [main] Root WebApplicationContext: initialization completed in 5126 ms
2022-08-24 17:36:12,915 INFO org.hibernate.jpa.internal.util.LogHelper [main] HHH000204: Processing PersistenceUnitInfo [name: default]
2022-08-24 17:36:13,224 INFO org.hibernate.Version [main] HHH000412: Hibernate ORM core version 5.4.32.Final
2022-08-24 17:36:13,609 INFO org.hibernate.annotations.common.Version [main] HCANN000001: Hibernate Commons Annotations {5.1.2.Final}
2022-08-24 17:36:13,933 INFO com.zaxxer.hikari.HikariDataSource [main] HikariPool-1 - Starting...
2022-08-24 17:36:15,271 INFO com.zaxxer.hikari.HikariDataSource [main] HikariPool-1 - Start completed.
2022-08-24 17:36:15,312 INFO org.hibernate.dialect.Dialect [main] HHH000400: Using dialect: org.hibernate.dialect.MySQL5InnoDBDialect
2022-08-24 17:36:17,429 INFO org.hibernate.engine.transaction.jta.platform.internal.JtaPlatformInitiator [main] HHH000490: Using JtaPlatform implementation: [org.hibernate.engine.transaction.jta.platform.internal.NoJtaPlatform]
2022-08-24 17:36:17,462 INFO org.springframework.orm.jpa.LocalContainerEntityManagerFactoryBean [main] Initialized JPA EntityManagerFactory for persistence unit 'default'
2022-08-24 17:36:18,478 WARN org.springframework.boot.autoconfigure.orm.jpa.JpaBaseConfiguration$JpaWebConfiguration [main] spring.jpa.open-in-view is enabled by default. Therefore, database queries may be performed during view rendering. Explicitly configure spring.jpa.open-in-view to disable this warning
2022-08-24 17:36:18,912 INFO springfox.documentation.spring.web.PropertySourcedRequestMappingHandlerMapping [main] Mapped URL path [/v2/api-docs] onto method [springfox.documentation.swagger2.web.Swagger2Controller#getDocumentation(String, HttpServletRequest)]
2022-08-24 17:36:18,975 WARN com.netflix.config.sources.URLConfigurationSource [main] No URLs will be polled as dynamic configuration sources.
2022-08-24 17:36:18,976 INFO com.netflix.config.sources.URLConfigurationSource [main] To enable URLs as dynamic configuration sources, define System property archaius.configurationSource.additionalUrls or make config.properties available on classpath.
2022-08-24 17:36:18,989 WARN com.netflix.config.sources.URLConfigurationSource [main] No URLs will be polled as dynamic configuration sources.
2022-08-24 17:36:18,989 INFO com.netflix.config.sources.URLConfigurationSource [main] To enable URLs as dynamic configuration sources, define System property archaius.configurationSource.additionalUrls or make config.properties available on classpath.
2022-08-24 17:36:19,403 INFO org.springframework.scheduling.concurrent.ThreadPoolTaskExecutor [main] Initializing ExecutorService 'applicationTaskExecutor'
2022-08-24 17:36:20,586 INFO org.springframework.cloud.netflix.eureka.config.DiscoveryClientOptionalArgsConfiguration [main] Eureka HTTP Client uses Jersey
2022-08-24 17:36:21,020 WARN org.springframework.cloud.loadbalancer.config.BlockingLoadBalancerClientAutoConfiguration$BlockingLoadBalancerClientRibbonWarnLogger [main] You already have RibbonLoadBalancerClient on your classpath. It will be used by default. As Spring Cloud Ribbon is in maintenance mode. We recommend switching to BlockingLoadBalancerClient instead. In order to use it, set the value of `spring.cloud.loadbalancer.ribbon.enabled` to `false` or remove spring-cloud-starter-netflix-ribbon from your project.
2022-08-24 17:36:21,423 INFO org.springframework.cloud.netflix.eureka.InstanceInfoFactory [main] Setting initial instance status as: STARTING
2022-08-24 17:36:21,523 INFO com.netflix.discovery.DiscoveryClient [main] Initializing Eureka in region us-east-1
2022-08-24 17:36:21,757 INFO com.netflix.discovery.provider.DiscoveryJerseyProvider [main] Using JSON encoding codec LegacyJacksonJson
2022-08-24 17:36:21,758 INFO com.netflix.discovery.provider.DiscoveryJerseyProvider [main] Using JSON decoding codec LegacyJacksonJson
2022-08-24 17:36:22,397 INFO com.netflix.discovery.provider.DiscoveryJerseyProvider [main] Using XML encoding codec XStreamXml
2022-08-24 17:36:22,397 INFO com.netflix.discovery.provider.DiscoveryJerseyProvider [main] Using XML decoding codec XStreamXml
2022-08-24 17:36:22,953 INFO com.netflix.discovery.shared.resolver.aws.ConfigClusterResolver [main] Resolving eureka endpoints via configuration
2022-08-24 17:36:23,012 INFO com.netflix.discovery.DiscoveryClient [main] Disable delta property : false
2022-08-24 17:36:23,013 INFO com.netflix.discovery.DiscoveryClient [main] Single vip registry refresh property : null
2022-08-24 17:36:23,013 INFO com.netflix.discovery.DiscoveryClient [main] Force full registry fetch : false
2022-08-24 17:36:23,013 INFO com.netflix.discovery.DiscoveryClient [main] Application is null : false
2022-08-24 17:36:23,014 INFO com.netflix.discovery.DiscoveryClient [main] Registered Applications size is zero : true
2022-08-24 17:36:23,014 INFO com.netflix.discovery.DiscoveryClient [main] Application version is -1: true
2022-08-24 17:36:23,014 INFO com.netflix.discovery.DiscoveryClient [main] Getting all instance registry info from the eureka server
2022-08-24 17:36:23,538 INFO com.netflix.discovery.DiscoveryClient [main] The response status is 200
2022-08-24 17:36:23,547 INFO com.netflix.discovery.DiscoveryClient [main] Starting heartbeat executor: renew interval is: 30
2022-08-24 17:36:23,557 INFO com.netflix.discovery.InstanceInfoReplicator [main] InstanceInfoReplicator onDemand update allowed rate per min is 4
2022-08-24 17:36:23,568 INFO com.netflix.discovery.DiscoveryClient [main] Discovery Client initialized at timestamp 1661342783565 with initial instances count: 3
2022-08-24 17:36:23,576 INFO org.springframework.cloud.netflix.eureka.serviceregistry.EurekaServiceRegistry [main] Registering application BOOKING with eureka with status UP
2022-08-24 17:36:23,579 INFO com.netflix.discovery.DiscoveryClient [main] Saw local status change event StatusChangeEvent [timestamp=1661342783579, current=UP, previous=STARTING]
2022-08-24 17:36:23,588 INFO com.netflix.discovery.DiscoveryClient [DiscoveryClient-InstanceInfoReplicator-0] DiscoveryClient_BOOKING/172.20.0.40:booking:9081: registering service...
2022-08-24 17:36:23,687 INFO org.springframework.boot.web.embedded.tomcat.TomcatWebServer [main] Tomcat started on port(s): 9081 (http) with context path ''
2022-08-24 17:36:23,691 INFO org.springframework.cloud.netflix.eureka.serviceregistry.EurekaAutoServiceRegistration [main] Updating port to 9081
2022-08-24 17:36:23,741 INFO com.netflix.discovery.DiscoveryClient [DiscoveryClient-InstanceInfoReplicator-0] DiscoveryClient_BOOKING/172.20.0.40:booking:9081 - registration status: 204
2022-08-24 17:36:24,041 INFO springfox.documentation.spring.web.plugins.DocumentationPluginsBootstrapper [main] Context refreshed
2022-08-24 17:36:24,083 INFO springfox.documentation.spring.web.plugins.DocumentationPluginsBootstrapper [main] Found 1 custom documentation plugin(s)
2022-08-24 17:36:24,221 INFO springfox.documentation.spring.web.scanners.ApiListingReferenceScanner [main] Scanning for api listing references
2022-08-24 17:36:24,698 INFO com.rps.booking.BookingServiceApplication [main] Started BookingServiceApplication in 21.258 seconds (JVM running for 23.214)
2022-08-24 17:41:23,029 INFO com.netflix.discovery.shared.resolver.aws.ConfigClusterResolver [AsyncResolver-bootstrap-executor-0] Resolving eureka endpoints via configuration
2022-08-24 17:46:23,043 INFO com.netflix.discovery.shared.resolver.aws.ConfigClusterResolver [AsyncResolver-bootstrap-executor-0] Resolving eureka endpoints via configuration
2022-08-24 17:51:23,057 INFO com.netflix.discovery.shared.resolver.aws.ConfigClusterResolver [AsyncResolver-bootstrap-executor-0] Resolving eureka endpoints via configuration
2022-08-24 17:56:23,077 INFO com.netflix.discovery.shared.resolver.aws.ConfigClusterResolver [AsyncResolver-bootstrap-executor-0] Resolving eureka endpoints via configuration
2022-08-24 18:01:23,088 INFO com.netflix.discovery.shared.resolver.aws.ConfigClusterResolver [AsyncResolver-bootstrap-executor-0] Resolving eureka endpoints via configuration
2022-08-24 18:06:23,100 INFO com.netflix.discovery.shared.resolver.aws.ConfigClusterResolver [AsyncResolver-bootstrap-executor-0] Resolving eureka endpoints via configuration
2022-08-24 18:11:23,107 INFO com.netflix.discovery.shared.resolver.aws.ConfigClusterResolver [AsyncResolver-bootstrap-executor-0] Resolving eureka endpoints via configuration
2022-08-24 18:16:23,121 INFO com.netflix.discovery.shared.resolver.aws.ConfigClusterResolver [AsyncResolver-bootstrap-executor-0] Resolving eureka endpoints via configuration
2022-08-24 18:21:23,134 INFO com.netflix.discovery.shared.resolver.aws.ConfigClusterResolver [AsyncResolver-bootstrap-executor-0] Resolving eureka endpoints via configuration
2022-08-24 18:26:23,148 INFO com.netflix.discovery.shared.resolver.aws.ConfigClusterResolver [AsyncResolver-bootstrap-executor-0] Resolving eureka endpoints via configuration
2022-08-24 18:31:23,163 INFO com.netflix.discovery.shared.resolver.aws.ConfigClusterResolver [AsyncResolver-bootstrap-executor-0] Resolving eureka endpoints via configuration
2022-08-24 18:36:23,178 INFO com.netflix.discovery.shared.resolver.aws.ConfigClusterResolver [AsyncResolver-bootstrap-executor-0] Resolving eureka endpoints via configuration
2022-08-24 18:41:23,181 INFO com.netflix.discovery.shared.resolver.aws.ConfigClusterResolver [AsyncResolver-bootstrap-executor-0] Resolving eureka endpoints via configuration
2022-08-24 18:46:23,199 INFO com.netflix.discovery.shared.resolver.aws.ConfigClusterResolver [AsyncResolver-bootstrap-executor-0] Resolving eureka endpoints via configuration
2022-08-24 18:51:23,207 INFO com.netflix.discovery.shared.resolver.aws.ConfigClusterResolver [AsyncResolver-bootstrap-executor-0] Resolving eureka endpoints via configuration
2022-08-24 18:56:23,221 INFO com.netflix.discovery.shared.resolver.aws.ConfigClusterResolver [AsyncResolver-bootstrap-executor-0] Resolving eureka endpoints via configuration
2022-08-24 19:01:23,234 INFO com.netflix.discovery.shared.resolver.aws.ConfigClusterResolver [AsyncResolver-bootstrap-executor-0] Resolving eureka endpoints via configuration
2022-08-24 19:06:23,247 INFO com.netflix.discovery.shared.resolver.aws.ConfigClusterResolver [AsyncResolver-bootstrap-executor-0] Resolving eureka endpoints via configuration
2022-08-24 19:11:23,253 INFO com.netflix.discovery.shared.resolver.aws.ConfigClusterResolver [AsyncResolver-bootstrap-executor-0] Resolving eureka endpoints via configuration
2022-08-24 19:16:23,256 INFO com.netflix.discovery.shared.resolver.aws.ConfigClusterResolver [AsyncResolver-bootstrap-executor-0] Resolving eureka endpoints via configuration
2022-08-24 19:21:23,267 INFO com.netflix.discovery.shared.resolver.aws.ConfigClusterResolver [AsyncResolver-bootstrap-executor-0] Resolving eureka endpoints via configuration
2022-08-24 19:26:23,282 INFO com.netflix.discovery.shared.resolver.aws.ConfigClusterResolver [AsyncResolver-bootstrap-executor-0] Resolving eureka endpoints via configuration
2022-08-24 19:31:23,296 INFO com.netflix.discovery.shared.resolver.aws.ConfigClusterResolver [AsyncResolver-bootstrap-executor-0] Resolving eureka endpoints via configuration
2022-08-24 19:36:23,307 INFO com.netflix.discovery.shared.resolver.aws.ConfigClusterResolver [AsyncResolver-bootstrap-executor-0] Resolving eureka endpoints via configuration
2022-08-24 19:41:23,324 INFO com.netflix.discovery.shared.resolver.aws.ConfigClusterResolver [AsyncResolver-bootstrap-executor-0] Resolving eureka endpoints via configuration
2022-08-24 19:46:23,336 INFO com.netflix.discovery.shared.resolver.aws.ConfigClusterResolver [AsyncResolver-bootstrap-executor-0] Resolving eureka endpoints via configuration
2022-08-24 19:51:23,351 INFO com.netflix.discovery.shared.resolver.aws.ConfigClusterResolver [AsyncResolver-bootstrap-executor-0] Resolving eureka endpoints via configuration
2022-08-24 19:56:23,360 INFO com.netflix.discovery.shared.resolver.aws.ConfigClusterResolver [AsyncResolver-bootstrap-executor-0] Resolving eureka endpoints via configuration
2022-08-24 20:01:23,375 INFO com.netflix.discovery.shared.resolver.aws.ConfigClusterResolver [AsyncResolver-bootstrap-executor-0] Resolving eureka endpoints via configuration
2022-08-24 20:06:23,388 INFO com.netflix.discovery.shared.resolver.aws.ConfigClusterResolver [AsyncResolver-bootstrap-executor-0] Resolving eureka endpoints via configuration
2022-08-24 20:11:23,395 INFO com.netflix.discovery.shared.resolver.aws.ConfigClusterResolver [AsyncResolver-bootstrap-executor-0] Resolving eureka endpoints via configuration
2022-08-24 20:16:23,403 INFO com.netflix.discovery.shared.resolver.aws.ConfigClusterResolver [AsyncResolver-bootstrap-executor-0] Resolving eureka endpoints via configuration
2022-08-24 20:21:23,407 INFO com.netflix.discovery.shared.resolver.aws.ConfigClusterResolver [AsyncResolver-bootstrap-executor-0] Resolving eureka endpoints via configuration
2022-08-24 20:26:23,418 INFO com.netflix.discovery.shared.resolver.aws.ConfigClusterResolver [AsyncResolver-bootstrap-executor-0] Resolving eureka endpoints via configuration
2022-08-24 20:31:23,429 INFO com.netflix.discovery.shared.resolver.aws.ConfigClusterResolver [AsyncResolver-bootstrap-executor-0] Resolving eureka endpoints via configuration
2022-08-24 20:36:23,436 INFO com.netflix.discovery.shared.resolver.aws.ConfigClusterResolver [AsyncResolver-bootstrap-executor-0] Resolving eureka endpoints via configuration
2022-08-24 20:41:23,443 INFO com.netflix.discovery.shared.resolver.aws.ConfigClusterResolver [AsyncResolver-bootstrap-executor-0] Resolving eureka endpoints via configuration
2022-08-24 20:46:23,447 INFO com.netflix.discovery.shared.resolver.aws.ConfigClusterResolver [AsyncResolver-bootstrap-executor-0] Resolving eureka endpoints via configuration
2022-08-24 20:51:23,453 INFO com.netflix.discovery.shared.resolver.aws.ConfigClusterResolver [AsyncResolver-bootstrap-executor-0] Resolving eureka endpoints via configuration
2022-08-24 20:56:23,459 INFO com.netflix.discovery.shared.resolver.aws.ConfigClusterResolver [AsyncResolver-bootstrap-executor-0] Resolving eureka endpoints via configuration
2022-08-24 21:01:23,464 INFO com.netflix.discovery.shared.resolver.aws.ConfigClusterResolver [AsyncResolver-bootstrap-executor-0] Resolving eureka endpoints via configuration
2022-08-24 21:06:23,466 INFO com.netflix.discovery.shared.resolver.aws.ConfigClusterResolver [AsyncResolver-bootstrap-executor-0] Resolving eureka endpoints via configuration
2022-08-24 21:11:23,475 INFO com.netflix.discovery.shared.resolver.aws.ConfigClusterResolver [AsyncResolver-bootstrap-executor-0] Resolving eureka endpoints via configuration
2022-08-24 21:16:23,478 INFO com.netflix.discovery.shared.resolver.aws.ConfigClusterResolver [AsyncResolver-bootstrap-executor-0] Resolving eureka endpoints via configuration
2022-08-24 21:21:23,485 INFO com.netflix.discovery.shared.resolver.aws.ConfigClusterResolver [AsyncResolver-bootstrap-executor-0] Resolving eureka endpoints via configuration
2022-08-24 21:26:23,501 INFO com.netflix.discovery.shared.resolver.aws.ConfigClusterResolver [AsyncResolver-bootstrap-executor-0] Resolving eureka endpoints via configuration
2022-08-24 21:31:23,515 INFO com.netflix.discovery.shared.resolver.aws.ConfigClusterResolver [AsyncResolver-bootstrap-executor-0] Resolving eureka endpoints via configuration
2022-08-24 21:36:23,522 INFO com.netflix.discovery.shared.resolver.aws.ConfigClusterResolver [AsyncResolver-bootstrap-executor-0] Resolving eureka endpoints via configuration
2022-08-24 21:41:23,532 INFO com.netflix.discovery.shared.resolver.aws.ConfigClusterResolver [AsyncResolver-bootstrap-executor-0] Resolving eureka endpoints via configuration
2022-08-24 21:46:23,538 INFO com.netflix.discovery.shared.resolver.aws.ConfigClusterResolver [AsyncResolver-bootstrap-executor-0] Resolving eureka endpoints via configuration
2022-08-24 21:51:23,544 INFO com.netflix.discovery.shared.resolver.aws.ConfigClusterResolver [AsyncResolver-bootstrap-executor-0] Resolving eureka endpoints via configuration
2022-08-24 21:56:23,556 INFO com.netflix.discovery.shared.resolver.aws.ConfigClusterResolver [AsyncResolver-bootstrap-executor-0] Resolving eureka endpoints via configuration
2022-08-24 22:01:23,567 INFO com.netflix.discovery.shared.resolver.aws.ConfigClusterResolver [AsyncResolver-bootstrap-executor-0] Resolving eureka endpoints via configuration
2022-08-24 22:06:23,570 INFO com.netflix.discovery.shared.resolver.aws.ConfigClusterResolver [AsyncResolver-bootstrap-executor-0] Resolving eureka endpoints via configuration
2022-08-24 22:11:23,586 INFO com.netflix.discovery.shared.resolver.aws.ConfigClusterResolver [AsyncResolver-bootstrap-executor-0] Resolving eureka endpoints via configuration
2022-08-24 22:16:23,595 INFO com.netflix.discovery.shared.resolver.aws.ConfigClusterResolver [AsyncResolver-bootstrap-executor-0] Resolving eureka endpoints via configuration
2022-08-24 22:21:23,608 INFO com.netflix.discovery.shared.resolver.aws.ConfigClusterResolver [AsyncResolver-bootstrap-executor-0] Resolving eureka endpoints via configuration
2022-08-24 22:26:23,617 INFO com.netflix.discovery.shared.resolver.aws.ConfigClusterResolver [AsyncResolver-bootstrap-executor-0] Resolving eureka endpoints via configuration
2022-08-24 22:31:23,630 INFO com.netflix.discovery.shared.resolver.aws.ConfigClusterResolver [AsyncResolver-bootstrap-executor-0] Resolving eureka endpoints via configuration
2022-08-24 22:36:23,647 INFO com.netflix.discovery.shared.resolver.aws.ConfigClusterResolver [AsyncResolver-bootstrap-executor-0] Resolving eureka endpoints via configuration
2022-08-24 22:41:23,655 INFO com.netflix.discovery.shared.resolver.aws.ConfigClusterResolver [AsyncResolver-bootstrap-executor-0] Resolving eureka endpoints via configuration
2022-08-24 22:46:23,660 INFO com.netflix.discovery.shared.resolver.aws.ConfigClusterResolver [AsyncResolver-bootstrap-executor-0] Resolving eureka endpoints via configuration
2022-08-24 22:51:23,678 INFO com.netflix.discovery.shared.resolver.aws.ConfigClusterResolver [AsyncResolver-bootstrap-executor-0] Resolving eureka endpoints via configuration
2022-08-24 22:56:23,683 INFO com.netflix.discovery.shared.resolver.aws.ConfigClusterResolver [AsyncResolver-bootstrap-executor-0] Resolving eureka endpoints via configuration
2022-08-24 23:01:23,697 INFO com.netflix.discovery.shared.resolver.aws.ConfigClusterResolver [AsyncResolver-bootstrap-executor-0] Resolving eureka endpoints via configuration
2022-08-24 23:06:23,713 INFO com.netflix.discovery.shared.resolver.aws.ConfigClusterResolver [AsyncResolver-bootstrap-executor-0] Resolving eureka endpoints via configuration
2022-08-24 23:11:23,724 INFO com.netflix.discovery.shared.resolver.aws.ConfigClusterResolver [AsyncResolver-bootstrap-executor-0] Resolving eureka endpoints via configuration
2022-08-24 23:16:23,734 INFO com.netflix.discovery.shared.resolver.aws.ConfigClusterResolver [AsyncResolver-bootstrap-executor-0] Resolving eureka endpoints via configuration
2022-08-24 23:21:23,747 INFO com.netflix.discovery.shared.resolver.aws.ConfigClusterResolver [AsyncResolver-bootstrap-executor-0] Resolving eureka endpoints via configuration
2022-08-24 23:26:23,761 INFO com.netflix.discovery.shared.resolver.aws.ConfigClusterResolver [AsyncResolver-bootstrap-executor-0] Resolving eureka endpoints via configuration
2022-08-24 23:31:23,774 INFO com.netflix.discovery.shared.resolver.aws.ConfigClusterResolver [AsyncResolver-bootstrap-executor-0] Resolving eureka endpoints via configuration
2022-08-24 23:36:23,789 INFO com.netflix.discovery.shared.resolver.aws.ConfigClusterResolver [AsyncResolver-bootstrap-executor-0] Resolving eureka endpoints via configuration
2022-08-24 23:41:23,801 INFO com.netflix.discovery.shared.resolver.aws.ConfigClusterResolver [AsyncResolver-bootstrap-executor-0] Resolving eureka endpoints via configuration
2022-08-24 23:46:23,810 INFO com.netflix.discovery.shared.resolver.aws.ConfigClusterResolver [AsyncResolver-bootstrap-executor-0] Resolving eureka endpoints via configuration
2022-08-24 23:51:23,822 INFO com.netflix.discovery.shared.resolver.aws.ConfigClusterResolver [AsyncResolver-bootstrap-executor-0] Resolving eureka endpoints via configuration
2022-08-24 23:56:23,838 INFO com.netflix.discovery.shared.resolver.aws.ConfigClusterResolver [AsyncResolver-bootstrap-executor-0] Resolving eureka endpoints via configuration
