2022-08-25 00:01:23,846 INFO com.netflix.discovery.shared.resolver.aws.ConfigClusterResolver [AsyncResolver-bootstrap-executor-0] Resolving eureka endpoints via configuration
2022-08-25 00:06:23,878 INFO com.netflix.discovery.shared.resolver.aws.ConfigClusterResolver [AsyncResolver-bootstrap-executor-0] Resolving eureka endpoints via configuration
2022-08-25 00:11:23,893 INFO com.netflix.discovery.shared.resolver.aws.ConfigClusterResolver [AsyncResolver-bootstrap-executor-0] Resolving eureka endpoints via configuration
2022-08-25 00:16:23,901 INFO com.netflix.discovery.shared.resolver.aws.ConfigClusterResolver [AsyncResolver-bootstrap-executor-0] Resolving eureka endpoints via configuration
2022-08-25 00:21:23,917 INFO com.netflix.discovery.shared.resolver.aws.ConfigClusterResolver [AsyncResolver-bootstrap-executor-0] Resolving eureka endpoints via configuration
2022-08-25 00:26:23,935 INFO com.netflix.discovery.shared.resolver.aws.ConfigClusterResolver [AsyncResolver-bootstrap-executor-0] Resolving eureka endpoints via configuration
2022-08-25 00:31:23,943 INFO com.netflix.discovery.shared.resolver.aws.ConfigClusterResolver [AsyncResolver-bootstrap-executor-0] Resolving eureka endpoints via configuration
2022-08-25 00:36:23,946 INFO com.netflix.discovery.shared.resolver.aws.ConfigClusterResolver [AsyncResolver-bootstrap-executor-0] Resolving eureka endpoints via configuration
2022-08-25 00:41:23,951 INFO com.netflix.discovery.shared.resolver.aws.ConfigClusterResolver [AsyncResolver-bootstrap-executor-0] Resolving eureka endpoints via configuration
2022-08-25 00:46:23,961 INFO com.netflix.discovery.shared.resolver.aws.ConfigClusterResolver [AsyncResolver-bootstrap-executor-0] Resolving eureka endpoints via configuration
2022-08-25 00:51:23,974 INFO com.netflix.discovery.shared.resolver.aws.ConfigClusterResolver [AsyncResolver-bootstrap-executor-0] Resolving eureka endpoints via configuration
2022-08-25 00:56:23,987 INFO com.netflix.discovery.shared.resolver.aws.ConfigClusterResolver [AsyncResolver-bootstrap-executor-0] Resolving eureka endpoints via configuration
2022-08-25 01:01:23,994 INFO com.netflix.discovery.shared.resolver.aws.ConfigClusterResolver [AsyncResolver-bootstrap-executor-0] Resolving eureka endpoints via configuration
2022-08-25 01:06:24,005 INFO com.netflix.discovery.shared.resolver.aws.ConfigClusterResolver [AsyncResolver-bootstrap-executor-0] Resolving eureka endpoints via configuration
2022-08-25 01:11:24,009 INFO com.netflix.discovery.shared.resolver.aws.ConfigClusterResolver [AsyncResolver-bootstrap-executor-0] Resolving eureka endpoints via configuration
2022-08-25 01:16:24,026 INFO com.netflix.discovery.shared.resolver.aws.ConfigClusterResolver [AsyncResolver-bootstrap-executor-0] Resolving eureka endpoints via configuration
2022-08-25 01:21:24,040 INFO com.netflix.discovery.shared.resolver.aws.ConfigClusterResolver [AsyncResolver-bootstrap-executor-0] Resolving eureka endpoints via configuration
2022-08-25 01:26:24,057 INFO com.netflix.discovery.shared.resolver.aws.ConfigClusterResolver [AsyncResolver-bootstrap-executor-0] Resolving eureka endpoints via configuration
2022-08-25 01:31:24,071 INFO com.netflix.discovery.shared.resolver.aws.ConfigClusterResolver [AsyncResolver-bootstrap-executor-0] Resolving eureka endpoints via configuration
2022-08-25 01:36:24,080 INFO com.netflix.discovery.shared.resolver.aws.ConfigClusterResolver [AsyncResolver-bootstrap-executor-0] Resolving eureka endpoints via configuration
2022-08-25 01:41:24,092 INFO com.netflix.discovery.shared.resolver.aws.ConfigClusterResolver [AsyncResolver-bootstrap-executor-0] Resolving eureka endpoints via configuration
2022-08-25 01:46:24,103 INFO com.netflix.discovery.shared.resolver.aws.ConfigClusterResolver [AsyncResolver-bootstrap-executor-0] Resolving eureka endpoints via configuration
2022-08-25 01:51:24,115 INFO com.netflix.discovery.shared.resolver.aws.ConfigClusterResolver [AsyncResolver-bootstrap-executor-0] Resolving eureka endpoints via configuration
2022-08-25 01:56:24,128 INFO com.netflix.discovery.shared.resolver.aws.ConfigClusterResolver [AsyncResolver-bootstrap-executor-0] Resolving eureka endpoints via configuration
2022-08-25 02:01:24,139 INFO com.netflix.discovery.shared.resolver.aws.ConfigClusterResolver [AsyncResolver-bootstrap-executor-0] Resolving eureka endpoints via configuration
2022-08-25 02:06:24,156 INFO com.netflix.discovery.shared.resolver.aws.ConfigClusterResolver [AsyncResolver-bootstrap-executor-0] Resolving eureka endpoints via configuration
2022-08-25 02:11:24,167 INFO com.netflix.discovery.shared.resolver.aws.ConfigClusterResolver [AsyncResolver-bootstrap-executor-0] Resolving eureka endpoints via configuration
2022-08-25 02:16:24,184 INFO com.netflix.discovery.shared.resolver.aws.ConfigClusterResolver [AsyncResolver-bootstrap-executor-0] Resolving eureka endpoints via configuration
2022-08-25 02:21:24,200 INFO com.netflix.discovery.shared.resolver.aws.ConfigClusterResolver [AsyncResolver-bootstrap-executor-0] Resolving eureka endpoints via configuration
2022-08-25 02:26:24,214 INFO com.netflix.discovery.shared.resolver.aws.ConfigClusterResolver [AsyncResolver-bootstrap-executor-0] Resolving eureka endpoints via configuration
2022-08-25 02:31:24,230 INFO com.netflix.discovery.shared.resolver.aws.ConfigClusterResolver [AsyncResolver-bootstrap-executor-0] Resolving eureka endpoints via configuration
2022-08-25 02:36:24,235 INFO com.netflix.discovery.shared.resolver.aws.ConfigClusterResolver [AsyncResolver-bootstrap-executor-0] Resolving eureka endpoints via configuration
2022-08-25 02:41:24,246 INFO com.netflix.discovery.shared.resolver.aws.ConfigClusterResolver [AsyncResolver-bootstrap-executor-0] Resolving eureka endpoints via configuration
2022-08-25 02:46:24,257 INFO com.netflix.discovery.shared.resolver.aws.ConfigClusterResolver [AsyncResolver-bootstrap-executor-0] Resolving eureka endpoints via configuration
2022-08-25 02:51:24,265 INFO com.netflix.discovery.shared.resolver.aws.ConfigClusterResolver [AsyncResolver-bootstrap-executor-0] Resolving eureka endpoints via configuration
2022-08-25 02:56:24,279 INFO com.netflix.discovery.shared.resolver.aws.ConfigClusterResolver [AsyncResolver-bootstrap-executor-0] Resolving eureka endpoints via configuration
2022-08-25 03:01:24,283 INFO com.netflix.discovery.shared.resolver.aws.ConfigClusterResolver [AsyncResolver-bootstrap-executor-0] Resolving eureka endpoints via configuration
2022-08-25 03:06:24,293 INFO com.netflix.discovery.shared.resolver.aws.ConfigClusterResolver [AsyncResolver-bootstrap-executor-0] Resolving eureka endpoints via configuration
2022-08-25 03:11:24,296 INFO com.netflix.discovery.shared.resolver.aws.ConfigClusterResolver [AsyncResolver-bootstrap-executor-0] Resolving eureka endpoints via configuration
2022-08-25 03:16:24,301 INFO com.netflix.discovery.shared.resolver.aws.ConfigClusterResolver [AsyncResolver-bootstrap-executor-0] Resolving eureka endpoints via configuration
2022-08-25 03:21:24,308 INFO com.netflix.discovery.shared.resolver.aws.ConfigClusterResolver [AsyncResolver-bootstrap-executor-0] Resolving eureka endpoints via configuration
2022-08-25 03:26:24,326 INFO com.netflix.discovery.shared.resolver.aws.ConfigClusterResolver [AsyncResolver-bootstrap-executor-0] Resolving eureka endpoints via configuration
2022-08-25 03:31:24,344 INFO com.netflix.discovery.shared.resolver.aws.ConfigClusterResolver [AsyncResolver-bootstrap-executor-0] Resolving eureka endpoints via configuration
2022-08-25 03:36:24,348 INFO com.netflix.discovery.shared.resolver.aws.ConfigClusterResolver [AsyncResolver-bootstrap-executor-0] Resolving eureka endpoints via configuration
2022-08-25 03:41:24,352 INFO com.netflix.discovery.shared.resolver.aws.ConfigClusterResolver [AsyncResolver-bootstrap-executor-0] Resolving eureka endpoints via configuration
2022-08-25 03:46:24,361 INFO com.netflix.discovery.shared.resolver.aws.ConfigClusterResolver [AsyncResolver-bootstrap-executor-0] Resolving eureka endpoints via configuration
2022-08-25 03:51:24,369 INFO com.netflix.discovery.shared.resolver.aws.ConfigClusterResolver [AsyncResolver-bootstrap-executor-0] Resolving eureka endpoints via configuration
2022-08-25 03:56:24,373 INFO com.netflix.discovery.shared.resolver.aws.ConfigClusterResolver [AsyncResolver-bootstrap-executor-0] Resolving eureka endpoints via configuration
2022-08-25 04:01:24,381 INFO com.netflix.discovery.shared.resolver.aws.ConfigClusterResolver [AsyncResolver-bootstrap-executor-0] Resolving eureka endpoints via configuration
2022-08-25 04:06:24,390 INFO com.netflix.discovery.shared.resolver.aws.ConfigClusterResolver [AsyncResolver-bootstrap-executor-0] Resolving eureka endpoints via configuration
2022-08-25 04:11:24,408 INFO com.netflix.discovery.shared.resolver.aws.ConfigClusterResolver [AsyncResolver-bootstrap-executor-0] Resolving eureka endpoints via configuration
2022-08-25 04:16:24,423 INFO com.netflix.discovery.shared.resolver.aws.ConfigClusterResolver [AsyncResolver-bootstrap-executor-0] Resolving eureka endpoints via configuration
2022-08-25 04:21:24,432 INFO com.netflix.discovery.shared.resolver.aws.ConfigClusterResolver [AsyncResolver-bootstrap-executor-0] Resolving eureka endpoints via configuration
2022-08-25 04:26:24,449 INFO com.netflix.discovery.shared.resolver.aws.ConfigClusterResolver [AsyncResolver-bootstrap-executor-0] Resolving eureka endpoints via configuration
2022-08-25 04:31:24,461 INFO com.netflix.discovery.shared.resolver.aws.ConfigClusterResolver [AsyncResolver-bootstrap-executor-0] Resolving eureka endpoints via configuration
2022-08-25 04:36:24,475 INFO com.netflix.discovery.shared.resolver.aws.ConfigClusterResolver [AsyncResolver-bootstrap-executor-0] Resolving eureka endpoints via configuration
2022-08-25 04:41:24,488 INFO com.netflix.discovery.shared.resolver.aws.ConfigClusterResolver [AsyncResolver-bootstrap-executor-0] Resolving eureka endpoints via configuration
2022-08-25 04:46:24,505 INFO com.netflix.discovery.shared.resolver.aws.ConfigClusterResolver [AsyncResolver-bootstrap-executor-0] Resolving eureka endpoints via configuration
2022-08-25 04:51:24,512 INFO com.netflix.discovery.shared.resolver.aws.ConfigClusterResolver [AsyncResolver-bootstrap-executor-0] Resolving eureka endpoints via configuration
2022-08-25 04:56:24,520 INFO com.netflix.discovery.shared.resolver.aws.ConfigClusterResolver [AsyncResolver-bootstrap-executor-0] Resolving eureka endpoints via configuration
2022-08-25 05:01:24,524 INFO com.netflix.discovery.shared.resolver.aws.ConfigClusterResolver [AsyncResolver-bootstrap-executor-0] Resolving eureka endpoints via configuration
2022-08-25 05:06:24,527 INFO com.netflix.discovery.shared.resolver.aws.ConfigClusterResolver [AsyncResolver-bootstrap-executor-0] Resolving eureka endpoints via configuration
2022-08-25 05:11:24,546 INFO com.netflix.discovery.shared.resolver.aws.ConfigClusterResolver [AsyncResolver-bootstrap-executor-0] Resolving eureka endpoints via configuration
2022-08-25 05:16:24,558 INFO com.netflix.discovery.shared.resolver.aws.ConfigClusterResolver [AsyncResolver-bootstrap-executor-0] Resolving eureka endpoints via configuration
2022-08-25 05:21:24,572 INFO com.netflix.discovery.shared.resolver.aws.ConfigClusterResolver [AsyncResolver-bootstrap-executor-0] Resolving eureka endpoints via configuration
2022-08-25 05:26:24,585 INFO com.netflix.discovery.shared.resolver.aws.ConfigClusterResolver [AsyncResolver-bootstrap-executor-0] Resolving eureka endpoints via configuration
2022-08-25 05:31:24,590 INFO com.netflix.discovery.shared.resolver.aws.ConfigClusterResolver [AsyncResolver-bootstrap-executor-0] Resolving eureka endpoints via configuration
2022-08-25 05:36:24,601 INFO com.netflix.discovery.shared.resolver.aws.ConfigClusterResolver [AsyncResolver-bootstrap-executor-0] Resolving eureka endpoints via configuration
2022-08-25 05:41:24,612 INFO com.netflix.discovery.shared.resolver.aws.ConfigClusterResolver [AsyncResolver-bootstrap-executor-0] Resolving eureka endpoints via configuration
2022-08-25 05:46:24,620 INFO com.netflix.discovery.shared.resolver.aws.ConfigClusterResolver [AsyncResolver-bootstrap-executor-0] Resolving eureka endpoints via configuration
2022-08-25 05:51:24,627 INFO com.netflix.discovery.shared.resolver.aws.ConfigClusterResolver [AsyncResolver-bootstrap-executor-0] Resolving eureka endpoints via configuration
2022-08-25 05:56:24,643 INFO com.netflix.discovery.shared.resolver.aws.ConfigClusterResolver [AsyncResolver-bootstrap-executor-0] Resolving eureka endpoints via configuration
2022-08-25 06:01:24,648 INFO com.netflix.discovery.shared.resolver.aws.ConfigClusterResolver [AsyncResolver-bootstrap-executor-0] Resolving eureka endpoints via configuration
2022-08-25 06:06:24,651 INFO com.netflix.discovery.shared.resolver.aws.ConfigClusterResolver [AsyncResolver-bootstrap-executor-0] Resolving eureka endpoints via configuration
2022-08-25 06:11:24,663 INFO com.netflix.discovery.shared.resolver.aws.ConfigClusterResolver [AsyncResolver-bootstrap-executor-0] Resolving eureka endpoints via configuration
2022-08-25 06:16:24,670 INFO com.netflix.discovery.shared.resolver.aws.ConfigClusterResolver [AsyncResolver-bootstrap-executor-0] Resolving eureka endpoints via configuration
2022-08-25 06:21:24,680 INFO com.netflix.discovery.shared.resolver.aws.ConfigClusterResolver [AsyncResolver-bootstrap-executor-0] Resolving eureka endpoints via configuration
2022-08-25 06:26:24,696 INFO com.netflix.discovery.shared.resolver.aws.ConfigClusterResolver [AsyncResolver-bootstrap-executor-0] Resolving eureka endpoints via configuration
2022-08-25 06:31:24,708 INFO com.netflix.discovery.shared.resolver.aws.ConfigClusterResolver [AsyncResolver-bootstrap-executor-0] Resolving eureka endpoints via configuration
2022-08-25 06:36:24,725 INFO com.netflix.discovery.shared.resolver.aws.ConfigClusterResolver [AsyncResolver-bootstrap-executor-0] Resolving eureka endpoints via configuration
2022-08-25 06:41:24,729 INFO com.netflix.discovery.shared.resolver.aws.ConfigClusterResolver [AsyncResolver-bootstrap-executor-0] Resolving eureka endpoints via configuration
2022-08-25 06:46:24,741 INFO com.netflix.discovery.shared.resolver.aws.ConfigClusterResolver [AsyncResolver-bootstrap-executor-0] Resolving eureka endpoints via configuration
2022-08-25 06:51:24,754 INFO com.netflix.discovery.shared.resolver.aws.ConfigClusterResolver [AsyncResolver-bootstrap-executor-0] Resolving eureka endpoints via configuration
2022-08-25 06:56:24,772 INFO com.netflix.discovery.shared.resolver.aws.ConfigClusterResolver [AsyncResolver-bootstrap-executor-0] Resolving eureka endpoints via configuration
2022-08-25 07:01:24,785 INFO com.netflix.discovery.shared.resolver.aws.ConfigClusterResolver [AsyncResolver-bootstrap-executor-0] Resolving eureka endpoints via configuration
2022-08-25 07:06:24,794 INFO com.netflix.discovery.shared.resolver.aws.ConfigClusterResolver [AsyncResolver-bootstrap-executor-0] Resolving eureka endpoints via configuration
2022-08-25 07:11:24,800 INFO com.netflix.discovery.shared.resolver.aws.ConfigClusterResolver [AsyncResolver-bootstrap-executor-0] Resolving eureka endpoints via configuration
2022-08-25 07:16:24,813 INFO com.netflix.discovery.shared.resolver.aws.ConfigClusterResolver [AsyncResolver-bootstrap-executor-0] Resolving eureka endpoints via configuration
2022-08-25 07:21:24,820 INFO com.netflix.discovery.shared.resolver.aws.ConfigClusterResolver [AsyncResolver-bootstrap-executor-0] Resolving eureka endpoints via configuration
2022-08-25 07:26:24,837 INFO com.netflix.discovery.shared.resolver.aws.ConfigClusterResolver [AsyncResolver-bootstrap-executor-0] Resolving eureka endpoints via configuration
2022-08-25 07:31:24,838 INFO com.netflix.discovery.shared.resolver.aws.ConfigClusterResolver [AsyncResolver-bootstrap-executor-0] Resolving eureka endpoints via configuration
2022-08-25 07:36:24,848 INFO com.netflix.discovery.shared.resolver.aws.ConfigClusterResolver [AsyncResolver-bootstrap-executor-0] Resolving eureka endpoints via configuration
2022-08-25 07:41:24,865 INFO com.netflix.discovery.shared.resolver.aws.ConfigClusterResolver [AsyncResolver-bootstrap-executor-0] Resolving eureka endpoints via configuration
2022-08-25 07:46:24,869 INFO com.netflix.discovery.shared.resolver.aws.ConfigClusterResolver [AsyncResolver-bootstrap-executor-0] Resolving eureka endpoints via configuration
2022-08-25 07:51:24,877 INFO com.netflix.discovery.shared.resolver.aws.ConfigClusterResolver [AsyncResolver-bootstrap-executor-0] Resolving eureka endpoints via configuration
2022-08-25 07:56:24,887 INFO com.netflix.discovery.shared.resolver.aws.ConfigClusterResolver [AsyncResolver-bootstrap-executor-0] Resolving eureka endpoints via configuration
2022-08-25 08:01:24,901 INFO com.netflix.discovery.shared.resolver.aws.ConfigClusterResolver [AsyncResolver-bootstrap-executor-0] Resolving eureka endpoints via configuration
2022-08-25 08:06:24,912 INFO com.netflix.discovery.shared.resolver.aws.ConfigClusterResolver [AsyncResolver-bootstrap-executor-0] Resolving eureka endpoints via configuration
2022-08-25 08:11:24,925 INFO com.netflix.discovery.shared.resolver.aws.ConfigClusterResolver [AsyncResolver-bootstrap-executor-0] Resolving eureka endpoints via configuration
2022-08-25 08:16:24,934 INFO com.netflix.discovery.shared.resolver.aws.ConfigClusterResolver [AsyncResolver-bootstrap-executor-0] Resolving eureka endpoints via configuration
2022-08-25 08:21:24,937 INFO com.netflix.discovery.shared.resolver.aws.ConfigClusterResolver [AsyncResolver-bootstrap-executor-0] Resolving eureka endpoints via configuration
2022-08-25 08:26:24,939 INFO com.netflix.discovery.shared.resolver.aws.ConfigClusterResolver [AsyncResolver-bootstrap-executor-0] Resolving eureka endpoints via configuration
2022-08-25 08:31:24,948 INFO com.netflix.discovery.shared.resolver.aws.ConfigClusterResolver [AsyncResolver-bootstrap-executor-0] Resolving eureka endpoints via configuration
2022-08-25 08:36:24,961 INFO com.netflix.discovery.shared.resolver.aws.ConfigClusterResolver [AsyncResolver-bootstrap-executor-0] Resolving eureka endpoints via configuration
2022-08-25 08:41:24,976 INFO com.netflix.discovery.shared.resolver.aws.ConfigClusterResolver [AsyncResolver-bootstrap-executor-0] Resolving eureka endpoints via configuration
2022-08-25 08:46:24,992 INFO com.netflix.discovery.shared.resolver.aws.ConfigClusterResolver [AsyncResolver-bootstrap-executor-0] Resolving eureka endpoints via configuration
2022-08-25 08:51:25,005 INFO com.netflix.discovery.shared.resolver.aws.ConfigClusterResolver [AsyncResolver-bootstrap-executor-0] Resolving eureka endpoints via configuration
2022-08-25 08:56:25,019 INFO com.netflix.discovery.shared.resolver.aws.ConfigClusterResolver [AsyncResolver-bootstrap-executor-0] Resolving eureka endpoints via configuration
2022-08-25 09:01:25,024 INFO com.netflix.discovery.shared.resolver.aws.ConfigClusterResolver [AsyncResolver-bootstrap-executor-0] Resolving eureka endpoints via configuration
2022-08-25 09:06:25,040 INFO com.netflix.discovery.shared.resolver.aws.ConfigClusterResolver [AsyncResolver-bootstrap-executor-0] Resolving eureka endpoints via configuration
2022-08-25 09:11:25,058 INFO com.netflix.discovery.shared.resolver.aws.ConfigClusterResolver [AsyncResolver-bootstrap-executor-0] Resolving eureka endpoints via configuration
2022-08-25 09:16:25,066 INFO com.netflix.discovery.shared.resolver.aws.ConfigClusterResolver [AsyncResolver-bootstrap-executor-0] Resolving eureka endpoints via configuration
2022-08-25 09:21:25,081 INFO com.netflix.discovery.shared.resolver.aws.ConfigClusterResolver [AsyncResolver-bootstrap-executor-0] Resolving eureka endpoints via configuration
2022-08-25 09:26:25,088 INFO com.netflix.discovery.shared.resolver.aws.ConfigClusterResolver [AsyncResolver-bootstrap-executor-0] Resolving eureka endpoints via configuration
2022-08-25 09:31:25,092 INFO com.netflix.discovery.shared.resolver.aws.ConfigClusterResolver [AsyncResolver-bootstrap-executor-0] Resolving eureka endpoints via configuration
2022-08-25 09:36:25,110 INFO com.netflix.discovery.shared.resolver.aws.ConfigClusterResolver [AsyncResolver-bootstrap-executor-0] Resolving eureka endpoints via configuration
2022-08-25 09:41:25,119 INFO com.netflix.discovery.shared.resolver.aws.ConfigClusterResolver [AsyncResolver-bootstrap-executor-0] Resolving eureka endpoints via configuration
2022-08-25 09:46:25,133 INFO com.netflix.discovery.shared.resolver.aws.ConfigClusterResolver [AsyncResolver-bootstrap-executor-0] Resolving eureka endpoints via configuration
2022-08-25 09:51:25,141 INFO com.netflix.discovery.shared.resolver.aws.ConfigClusterResolver [AsyncResolver-bootstrap-executor-0] Resolving eureka endpoints via configuration
2022-08-25 09:56:25,156 INFO com.netflix.discovery.shared.resolver.aws.ConfigClusterResolver [AsyncResolver-bootstrap-executor-0] Resolving eureka endpoints via configuration
2022-08-25 10:01:25,163 INFO com.netflix.discovery.shared.resolver.aws.ConfigClusterResolver [AsyncResolver-bootstrap-executor-0] Resolving eureka endpoints via configuration
2022-08-25 10:06:25,175 INFO com.netflix.discovery.shared.resolver.aws.ConfigClusterResolver [AsyncResolver-bootstrap-executor-0] Resolving eureka endpoints via configuration
2022-08-25 10:11:25,187 INFO com.netflix.discovery.shared.resolver.aws.ConfigClusterResolver [AsyncResolver-bootstrap-executor-0] Resolving eureka endpoints via configuration
2022-08-25 10:16:25,204 INFO com.netflix.discovery.shared.resolver.aws.ConfigClusterResolver [AsyncResolver-bootstrap-executor-0] Resolving eureka endpoints via configuration
2022-08-25 10:21:25,215 INFO com.netflix.discovery.shared.resolver.aws.ConfigClusterResolver [AsyncResolver-bootstrap-executor-0] Resolving eureka endpoints via configuration
2022-08-25 10:26:25,221 INFO com.netflix.discovery.shared.resolver.aws.ConfigClusterResolver [AsyncResolver-bootstrap-executor-0] Resolving eureka endpoints via configuration
2022-08-25 10:31:25,230 INFO com.netflix.discovery.shared.resolver.aws.ConfigClusterResolver [AsyncResolver-bootstrap-executor-0] Resolving eureka endpoints via configuration
2022-08-25 10:36:25,243 INFO com.netflix.discovery.shared.resolver.aws.ConfigClusterResolver [AsyncResolver-bootstrap-executor-0] Resolving eureka endpoints via configuration
2022-08-25 10:41:25,253 INFO com.netflix.discovery.shared.resolver.aws.ConfigClusterResolver [AsyncResolver-bootstrap-executor-0] Resolving eureka endpoints via configuration
2022-08-25 10:46:25,269 INFO com.netflix.discovery.shared.resolver.aws.ConfigClusterResolver [AsyncResolver-bootstrap-executor-0] Resolving eureka endpoints via configuration
2022-08-25 10:51:25,287 INFO com.netflix.discovery.shared.resolver.aws.ConfigClusterResolver [AsyncResolver-bootstrap-executor-0] Resolving eureka endpoints via configuration
2022-08-25 10:56:25,293 INFO com.netflix.discovery.shared.resolver.aws.ConfigClusterResolver [AsyncResolver-bootstrap-executor-0] Resolving eureka endpoints via configuration
2022-08-25 11:01:25,298 INFO com.netflix.discovery.shared.resolver.aws.ConfigClusterResolver [AsyncResolver-bootstrap-executor-0] Resolving eureka endpoints via configuration
2022-08-25 11:06:25,305 INFO com.netflix.discovery.shared.resolver.aws.ConfigClusterResolver [AsyncResolver-bootstrap-executor-0] Resolving eureka endpoints via configuration
2022-08-25 11:11:25,375 INFO com.netflix.discovery.shared.resolver.aws.ConfigClusterResolver [AsyncResolver-bootstrap-executor-0] Resolving eureka endpoints via configuration
2022-08-25 11:16:25,665 INFO com.netflix.discovery.shared.resolver.aws.ConfigClusterResolver [AsyncResolver-bootstrap-executor-0] Resolving eureka endpoints via configuration
2022-08-25 11:21:25,676 INFO com.netflix.discovery.shared.resolver.aws.ConfigClusterResolver [AsyncResolver-bootstrap-executor-0] Resolving eureka endpoints via configuration
2022-08-25 11:26:25,692 INFO com.netflix.discovery.shared.resolver.aws.ConfigClusterResolver [AsyncResolver-bootstrap-executor-0] Resolving eureka endpoints via configuration
2022-08-25 11:31:25,709 INFO com.netflix.discovery.shared.resolver.aws.ConfigClusterResolver [AsyncResolver-bootstrap-executor-0] Resolving eureka endpoints via configuration
2022-08-25 11:36:25,718 INFO com.netflix.discovery.shared.resolver.aws.ConfigClusterResolver [AsyncResolver-bootstrap-executor-0] Resolving eureka endpoints via configuration
2022-08-25 11:41:25,734 INFO com.netflix.discovery.shared.resolver.aws.ConfigClusterResolver [AsyncResolver-bootstrap-executor-0] Resolving eureka endpoints via configuration
2022-08-25 11:46:25,742 INFO com.netflix.discovery.shared.resolver.aws.ConfigClusterResolver [AsyncResolver-bootstrap-executor-0] Resolving eureka endpoints via configuration
2022-08-25 11:51:25,754 INFO com.netflix.discovery.shared.resolver.aws.ConfigClusterResolver [AsyncResolver-bootstrap-executor-0] Resolving eureka endpoints via configuration
2022-08-25 11:56:25,757 INFO com.netflix.discovery.shared.resolver.aws.ConfigClusterResolver [AsyncResolver-bootstrap-executor-0] Resolving eureka endpoints via configuration
2022-08-25 12:01:25,766 INFO com.netflix.discovery.shared.resolver.aws.ConfigClusterResolver [AsyncResolver-bootstrap-executor-0] Resolving eureka endpoints via configuration
2022-08-25 12:06:25,770 INFO com.netflix.discovery.shared.resolver.aws.ConfigClusterResolver [AsyncResolver-bootstrap-executor-0] Resolving eureka endpoints via configuration
2022-08-25 12:11:25,773 INFO com.netflix.discovery.shared.resolver.aws.ConfigClusterResolver [AsyncResolver-bootstrap-executor-0] Resolving eureka endpoints via configuration
2022-08-25 12:16:25,792 INFO com.netflix.discovery.shared.resolver.aws.ConfigClusterResolver [AsyncResolver-bootstrap-executor-0] Resolving eureka endpoints via configuration
2022-08-25 12:21:25,803 INFO com.netflix.discovery.shared.resolver.aws.ConfigClusterResolver [AsyncResolver-bootstrap-executor-0] Resolving eureka endpoints via configuration
2022-08-25 12:26:25,813 INFO com.netflix.discovery.shared.resolver.aws.ConfigClusterResolver [AsyncResolver-bootstrap-executor-0] Resolving eureka endpoints via configuration
2022-08-25 12:31:25,823 INFO com.netflix.discovery.shared.resolver.aws.ConfigClusterResolver [AsyncResolver-bootstrap-executor-0] Resolving eureka endpoints via configuration
2022-08-25 12:36:25,835 INFO com.netflix.discovery.shared.resolver.aws.ConfigClusterResolver [AsyncResolver-bootstrap-executor-0] Resolving eureka endpoints via configuration
2022-08-25 12:41:25,846 INFO com.netflix.discovery.shared.resolver.aws.ConfigClusterResolver [AsyncResolver-bootstrap-executor-0] Resolving eureka endpoints via configuration
2022-08-25 12:46:25,857 INFO com.netflix.discovery.shared.resolver.aws.ConfigClusterResolver [AsyncResolver-bootstrap-executor-0] Resolving eureka endpoints via configuration
2022-08-25 12:51:25,862 INFO com.netflix.discovery.shared.resolver.aws.ConfigClusterResolver [AsyncResolver-bootstrap-executor-0] Resolving eureka endpoints via configuration
2022-08-25 12:56:25,879 INFO com.netflix.discovery.shared.resolver.aws.ConfigClusterResolver [AsyncResolver-bootstrap-executor-0] Resolving eureka endpoints via configuration
2022-08-25 13:01:25,886 INFO com.netflix.discovery.shared.resolver.aws.ConfigClusterResolver [AsyncResolver-bootstrap-executor-0] Resolving eureka endpoints via configuration
2022-08-25 13:06:25,894 INFO com.netflix.discovery.shared.resolver.aws.ConfigClusterResolver [AsyncResolver-bootstrap-executor-0] Resolving eureka endpoints via configuration
2022-08-25 13:11:25,896 INFO com.netflix.discovery.shared.resolver.aws.ConfigClusterResolver [AsyncResolver-bootstrap-executor-0] Resolving eureka endpoints via configuration
2022-08-25 13:12:37,873 INFO org.apache.catalina.core.ContainerBase.[Tomcat].[localhost].[/] [http-nio-9081-exec-1] Initializing Spring DispatcherServlet 'dispatcherServlet'
2022-08-25 13:12:37,874 INFO org.springframework.web.servlet.DispatcherServlet [http-nio-9081-exec-1] Initializing Servlet 'dispatcherServlet'
2022-08-25 13:12:37,889 INFO org.springframework.web.servlet.DispatcherServlet [http-nio-9081-exec-1] Completed initialization in 15 ms
2022-08-25 13:12:38,285 DEBUG org.hibernate.SQL [http-nio-9081-exec-1] select bookingdet0_.id as id1_0_, bookingdet0_.address as address2_0_, bookingdet0_.bookingDate as bookingd3_0_, bookingdet0_.employeeId as employee4_0_, bookingdet0_.floorNumber as floornum5_0_, bookingdet0_.prefix as prefix6_0_, bookingdet0_.seatNumber as seatnumb7_0_, bookingdet0_.slot as slot8_0_, bookingdet0_.status as status9_0_, bookingdet0_.userName as usernam10_0_ from bookingdetails bookingdet0_ where bookingdet0_.userName=?
2022-08-25 13:12:38,348 TRACE org.hibernate.type.descriptor.sql.BasicBinder [http-nio-9081-exec-1] binding parameter [1] as [VARCHAR] - [null]
2022-08-25 13:13:22,630 DEBUG org.hibernate.SQL [http-nio-9081-exec-2] insert into bookingdetails (address, bookingDate, employeeId, floorNumber, prefix, seatNumber, slot, status, userName) values (?, ?, ?, ?, ?, ?, ?, ?, ?)
2022-08-25 13:13:22,633 TRACE org.hibernate.type.descriptor.sql.BasicBinder [http-nio-9081-exec-2] binding parameter [1] as [VARCHAR] - [test]
2022-08-25 13:13:22,635 TRACE org.hibernate.type.descriptor.sql.BasicBinder [http-nio-9081-exec-2] binding parameter [2] as [TIMESTAMP] - [Thu Aug 25 13:13:22 IST 2022]
2022-08-25 13:13:22,647 TRACE org.hibernate.type.descriptor.sql.BasicBinder [http-nio-9081-exec-2] binding parameter [3] as [VARCHAR] - [E002]
2022-08-25 13:13:22,650 TRACE org.hibernate.type.descriptor.sql.BasicBinder [http-nio-9081-exec-2] binding parameter [4] as [INTEGER] - [4]
2022-08-25 13:13:22,650 TRACE org.hibernate.type.descriptor.sql.BasicBinder [http-nio-9081-exec-2] binding parameter [5] as [CHAR] - [B]
2022-08-25 13:13:22,651 TRACE org.hibernate.type.descriptor.sql.BasicBinder [http-nio-9081-exec-2] binding parameter [6] as [VARCHAR] - [4]
2022-08-25 13:13:22,651 TRACE org.hibernate.type.descriptor.sql.BasicBinder [http-nio-9081-exec-2] binding parameter [7] as [VARCHAR] - [8-7]
2022-08-25 13:13:22,652 TRACE org.hibernate.type.descriptor.sql.BasicBinder [http-nio-9081-exec-2] binding parameter [8] as [VARCHAR] - [Pending]
2022-08-25 13:13:22,652 TRACE org.hibernate.type.descriptor.sql.BasicBinder [http-nio-9081-exec-2] binding parameter [9] as [VARCHAR] - [client]
2022-08-25 13:13:23,290 DEBUG org.hibernate.SQL [http-nio-9081-exec-3] select bookingdet0_.id as id1_0_, bookingdet0_.address as address2_0_, bookingdet0_.bookingDate as bookingd3_0_, bookingdet0_.employeeId as employee4_0_, bookingdet0_.floorNumber as floornum5_0_, bookingdet0_.prefix as prefix6_0_, bookingdet0_.seatNumber as seatnumb7_0_, bookingdet0_.slot as slot8_0_, bookingdet0_.status as status9_0_, bookingdet0_.userName as usernam10_0_ from bookingdetails bookingdet0_ where bookingdet0_.userName=?
2022-08-25 13:13:23,290 TRACE org.hibernate.type.descriptor.sql.BasicBinder [http-nio-9081-exec-3] binding parameter [1] as [VARCHAR] - [null]
2022-08-25 13:14:50,893 DEBUG org.hibernate.SQL [http-nio-9081-exec-5] select bookingdet0_.id as id1_0_, bookingdet0_.address as address2_0_, bookingdet0_.bookingDate as bookingd3_0_, bookingdet0_.employeeId as employee4_0_, bookingdet0_.floorNumber as floornum5_0_, bookingdet0_.prefix as prefix6_0_, bookingdet0_.seatNumber as seatnumb7_0_, bookingdet0_.slot as slot8_0_, bookingdet0_.status as status9_0_, bookingdet0_.userName as usernam10_0_ from bookingdetails bookingdet0_ where bookingdet0_.userName=?
2022-08-25 13:14:50,894 TRACE org.hibernate.type.descriptor.sql.BasicBinder [http-nio-9081-exec-5] binding parameter [1] as [VARCHAR] - [null]
2022-08-25 13:14:58,563 DEBUG org.hibernate.SQL [http-nio-9081-exec-6] select bookingdet0_.id as id1_0_, bookingdet0_.address as address2_0_, bookingdet0_.bookingDate as bookingd3_0_, bookingdet0_.employeeId as employee4_0_, bookingdet0_.floorNumber as floornum5_0_, bookingdet0_.prefix as prefix6_0_, bookingdet0_.seatNumber as seatnumb7_0_, bookingdet0_.slot as slot8_0_, bookingdet0_.status as status9_0_, bookingdet0_.userName as usernam10_0_ from bookingdetails bookingdet0_ where bookingdet0_.userName=?
2022-08-25 13:14:58,564 TRACE org.hibernate.type.descriptor.sql.BasicBinder [http-nio-9081-exec-6] binding parameter [1] as [VARCHAR] - [null]
2022-08-25 13:15:49,197 DEBUG org.hibernate.SQL [http-nio-9081-exec-7] select bookingdet0_.id as id1_0_, bookingdet0_.address as address2_0_, bookingdet0_.bookingDate as bookingd3_0_, bookingdet0_.employeeId as employee4_0_, bookingdet0_.floorNumber as floornum5_0_, bookingdet0_.prefix as prefix6_0_, bookingdet0_.seatNumber as seatnumb7_0_, bookingdet0_.slot as slot8_0_, bookingdet0_.status as status9_0_, bookingdet0_.userName as usernam10_0_ from bookingdetails bookingdet0_ where bookingdet0_.userName=?
2022-08-25 13:15:49,199 TRACE org.hibernate.type.descriptor.sql.BasicBinder [http-nio-9081-exec-7] binding parameter [1] as [VARCHAR] - [null]
2022-08-25 13:16:25,904 INFO com.netflix.discovery.shared.resolver.aws.ConfigClusterResolver [AsyncResolver-bootstrap-executor-0] Resolving eureka endpoints via configuration
2022-08-25 13:19:20,441 DEBUG org.hibernate.SQL [http-nio-9081-exec-9] select bookingdet0_.id as id1_0_, bookingdet0_.address as address2_0_, bookingdet0_.bookingDate as bookingd3_0_, bookingdet0_.employeeId as employee4_0_, bookingdet0_.floorNumber as floornum5_0_, bookingdet0_.prefix as prefix6_0_, bookingdet0_.seatNumber as seatnumb7_0_, bookingdet0_.slot as slot8_0_, bookingdet0_.status as status9_0_, bookingdet0_.userName as usernam10_0_ from bookingdetails bookingdet0_ where bookingdet0_.userName=?
2022-08-25 13:19:20,443 TRACE org.hibernate.type.descriptor.sql.BasicBinder [http-nio-9081-exec-9] binding parameter [1] as [VARCHAR] - [null]
2022-08-25 13:21:25,907 INFO com.netflix.discovery.shared.resolver.aws.ConfigClusterResolver [AsyncResolver-bootstrap-executor-0] Resolving eureka endpoints via configuration
2022-08-25 13:21:35,672 DEBUG org.hibernate.SQL [http-nio-9081-exec-1] select bookingdet0_.id as id1_0_, bookingdet0_.address as address2_0_, bookingdet0_.bookingDate as bookingd3_0_, bookingdet0_.employeeId as employee4_0_, bookingdet0_.floorNumber as floornum5_0_, bookingdet0_.prefix as prefix6_0_, bookingdet0_.seatNumber as seatnumb7_0_, bookingdet0_.slot as slot8_0_, bookingdet0_.status as status9_0_, bookingdet0_.userName as usernam10_0_ from bookingdetails bookingdet0_ where bookingdet0_.userName=?
2022-08-25 13:21:35,682 TRACE org.hibernate.type.descriptor.sql.BasicBinder [http-nio-9081-exec-1] binding parameter [1] as [VARCHAR] - [client]
2022-08-25 13:22:12,964 DEBUG org.hibernate.SQL [http-nio-9081-exec-2] select bookingdet0_.id as id1_0_, bookingdet0_.address as address2_0_, bookingdet0_.bookingDate as bookingd3_0_, bookingdet0_.employeeId as employee4_0_, bookingdet0_.floorNumber as floornum5_0_, bookingdet0_.prefix as prefix6_0_, bookingdet0_.seatNumber as seatnumb7_0_, bookingdet0_.slot as slot8_0_, bookingdet0_.status as status9_0_, bookingdet0_.userName as usernam10_0_ from bookingdetails bookingdet0_ where bookingdet0_.userName=?
2022-08-25 13:22:12,973 TRACE org.hibernate.type.descriptor.sql.BasicBinder [http-nio-9081-exec-2] binding parameter [1] as [VARCHAR] - [null]
2022-08-25 13:23:30,170 DEBUG org.hibernate.SQL [http-nio-9081-exec-4] select bookingdet0_.id as id1_0_, bookingdet0_.address as address2_0_, bookingdet0_.bookingDate as bookingd3_0_, bookingdet0_.employeeId as employee4_0_, bookingdet0_.floorNumber as floornum5_0_, bookingdet0_.prefix as prefix6_0_, bookingdet0_.seatNumber as seatnumb7_0_, bookingdet0_.slot as slot8_0_, bookingdet0_.status as status9_0_, bookingdet0_.userName as usernam10_0_ from bookingdetails bookingdet0_ where bookingdet0_.userName=?
2022-08-25 13:23:30,173 TRACE org.hibernate.type.descriptor.sql.BasicBinder [http-nio-9081-exec-4] binding parameter [1] as [VARCHAR] - [client]
2022-08-25 13:23:36,147 DEBUG org.hibernate.SQL [http-nio-9081-exec-5] select bookingdet0_.id as id1_0_, bookingdet0_.address as address2_0_, bookingdet0_.bookingDate as bookingd3_0_, bookingdet0_.employeeId as employee4_0_, bookingdet0_.floorNumber as floornum5_0_, bookingdet0_.prefix as prefix6_0_, bookingdet0_.seatNumber as seatnumb7_0_, bookingdet0_.slot as slot8_0_, bookingdet0_.status as status9_0_, bookingdet0_.userName as usernam10_0_ from bookingdetails bookingdet0_ where bookingdet0_.userName=?
2022-08-25 13:23:36,154 TRACE org.hibernate.type.descriptor.sql.BasicBinder [http-nio-9081-exec-5] binding parameter [1] as [VARCHAR] - [client]
2022-08-25 13:23:41,854 DEBUG org.hibernate.SQL [http-nio-9081-exec-6] select bookingdet0_.id as id1_0_, bookingdet0_.address as address2_0_, bookingdet0_.bookingDate as bookingd3_0_, bookingdet0_.employeeId as employee4_0_, bookingdet0_.floorNumber as floornum5_0_, bookingdet0_.prefix as prefix6_0_, bookingdet0_.seatNumber as seatnumb7_0_, bookingdet0_.slot as slot8_0_, bookingdet0_.status as status9_0_, bookingdet0_.userName as usernam10_0_ from bookingdetails bookingdet0_ where bookingdet0_.userName=?
2022-08-25 13:23:41,857 TRACE org.hibernate.type.descriptor.sql.BasicBinder [http-nio-9081-exec-6] binding parameter [1] as [VARCHAR] - [client]
2022-08-25 13:23:57,211 DEBUG org.hibernate.SQL [http-nio-9081-exec-7] select bookingdet0_.id as id1_0_0_, bookingdet0_.address as address2_0_0_, bookingdet0_.bookingDate as bookingd3_0_0_, bookingdet0_.employeeId as employee4_0_0_, bookingdet0_.floorNumber as floornum5_0_0_, bookingdet0_.prefix as prefix6_0_0_, bookingdet0_.seatNumber as seatnumb7_0_0_, bookingdet0_.slot as slot8_0_0_, bookingdet0_.status as status9_0_0_, bookingdet0_.userName as usernam10_0_0_ from bookingdetails bookingdet0_ where bookingdet0_.id=?
2022-08-25 13:23:57,213 TRACE org.hibernate.type.descriptor.sql.BasicBinder [http-nio-9081-exec-7] binding parameter [1] as [INTEGER] - [25]
2022-08-25 13:23:57,235 DEBUG org.hibernate.SQL [http-nio-9081-exec-7] update bookingdetails set address=?, bookingDate=?, employeeId=?, floorNumber=?, prefix=?, seatNumber=?, slot=?, status=?, userName=? where id=?
2022-08-25 13:23:57,236 TRACE org.hibernate.type.descriptor.sql.BasicBinder [http-nio-9081-exec-7] binding parameter [1] as [VARCHAR] - [test]
2022-08-25 13:23:57,236 TRACE org.hibernate.type.descriptor.sql.BasicBinder [http-nio-9081-exec-7] binding parameter [2] as [TIMESTAMP] - [Thu Aug 25 13:23:57 IST 2022]
2022-08-25 13:23:57,237 TRACE org.hibernate.type.descriptor.sql.BasicBinder [http-nio-9081-exec-7] binding parameter [3] as [VARCHAR] - [E002]
2022-08-25 13:23:57,237 TRACE org.hibernate.type.descriptor.sql.BasicBinder [http-nio-9081-exec-7] binding parameter [4] as [INTEGER] - [4]
2022-08-25 13:23:57,238 TRACE org.hibernate.type.descriptor.sql.BasicBinder [http-nio-9081-exec-7] binding parameter [5] as [CHAR] - [B]
2022-08-25 13:23:57,238 TRACE org.hibernate.type.descriptor.sql.BasicBinder [http-nio-9081-exec-7] binding parameter [6] as [VARCHAR] - [4]
2022-08-25 13:23:57,238 TRACE org.hibernate.type.descriptor.sql.BasicBinder [http-nio-9081-exec-7] binding parameter [7] as [VARCHAR] - [8-7]
2022-08-25 13:23:57,239 TRACE org.hibernate.type.descriptor.sql.BasicBinder [http-nio-9081-exec-7] binding parameter [8] as [VARCHAR] - [Confirmed]
2022-08-25 13:23:57,239 TRACE org.hibernate.type.descriptor.sql.BasicBinder [http-nio-9081-exec-7] binding parameter [9] as [VARCHAR] - [client]
2022-08-25 13:23:57,239 TRACE org.hibernate.type.descriptor.sql.BasicBinder [http-nio-9081-exec-7] binding parameter [10] as [INTEGER] - [25]
2022-08-25 13:23:57,707 DEBUG org.hibernate.SQL [http-nio-9081-exec-8] select bookingdet0_.id as id1_0_, bookingdet0_.address as address2_0_, bookingdet0_.bookingDate as bookingd3_0_, bookingdet0_.employeeId as employee4_0_, bookingdet0_.floorNumber as floornum5_0_, bookingdet0_.prefix as prefix6_0_, bookingdet0_.seatNumber as seatnumb7_0_, bookingdet0_.slot as slot8_0_, bookingdet0_.status as status9_0_, bookingdet0_.userName as usernam10_0_ from bookingdetails bookingdet0_ where bookingdet0_.userName=?
2022-08-25 13:23:57,709 TRACE org.hibernate.type.descriptor.sql.BasicBinder [http-nio-9081-exec-8] binding parameter [1] as [VARCHAR] - [client]
2022-08-25 13:26:25,944 INFO com.netflix.discovery.shared.resolver.aws.ConfigClusterResolver [AsyncResolver-bootstrap-executor-0] Resolving eureka endpoints via configuration
2022-08-25 13:26:29,688 DEBUG org.hibernate.SQL [http-nio-9081-exec-10] select bookingdet0_.id as id1_0_, bookingdet0_.address as address2_0_, bookingdet0_.bookingDate as bookingd3_0_, bookingdet0_.employeeId as employee4_0_, bookingdet0_.floorNumber as floornum5_0_, bookingdet0_.prefix as prefix6_0_, bookingdet0_.seatNumber as seatnumb7_0_, bookingdet0_.slot as slot8_0_, bookingdet0_.status as status9_0_, bookingdet0_.userName as usernam10_0_ from bookingdetails bookingdet0_ where bookingdet0_.userName=?
2022-08-25 13:26:29,691 TRACE org.hibernate.type.descriptor.sql.BasicBinder [http-nio-9081-exec-10] binding parameter [1] as [VARCHAR] - [client]
2022-08-25 13:26:57,579 DEBUG org.hibernate.SQL [http-nio-9081-exec-1] select bookingdet0_.id as id1_0_, bookingdet0_.address as address2_0_, bookingdet0_.bookingDate as bookingd3_0_, bookingdet0_.employeeId as employee4_0_, bookingdet0_.floorNumber as floornum5_0_, bookingdet0_.prefix as prefix6_0_, bookingdet0_.seatNumber as seatnumb7_0_, bookingdet0_.slot as slot8_0_, bookingdet0_.status as status9_0_, bookingdet0_.userName as usernam10_0_ from bookingdetails bookingdet0_ where bookingdet0_.userName=?
2022-08-25 13:26:57,581 TRACE org.hibernate.type.descriptor.sql.BasicBinder [http-nio-9081-exec-1] binding parameter [1] as [VARCHAR] - [client]
2022-08-25 13:27:12,053 DEBUG org.hibernate.SQL [http-nio-9081-exec-2] select bookingdet0_.id as id1_0_, bookingdet0_.address as address2_0_, bookingdet0_.bookingDate as bookingd3_0_, bookingdet0_.employeeId as employee4_0_, bookingdet0_.floorNumber as floornum5_0_, bookingdet0_.prefix as prefix6_0_, bookingdet0_.seatNumber as seatnumb7_0_, bookingdet0_.slot as slot8_0_, bookingdet0_.status as status9_0_, bookingdet0_.userName as usernam10_0_ from bookingdetails bookingdet0_ where bookingdet0_.userName=?
2022-08-25 13:27:12,054 TRACE org.hibernate.type.descriptor.sql.BasicBinder [http-nio-9081-exec-2] binding parameter [1] as [VARCHAR] - [client]
2022-08-25 13:27:19,605 DEBUG org.hibernate.SQL [http-nio-9081-exec-3] select bookingdet0_.id as id1_0_0_, bookingdet0_.address as address2_0_0_, bookingdet0_.bookingDate as bookingd3_0_0_, bookingdet0_.employeeId as employee4_0_0_, bookingdet0_.floorNumber as floornum5_0_0_, bookingdet0_.prefix as prefix6_0_0_, bookingdet0_.seatNumber as seatnumb7_0_0_, bookingdet0_.slot as slot8_0_0_, bookingdet0_.status as status9_0_0_, bookingdet0_.userName as usernam10_0_0_ from bookingdetails bookingdet0_ where bookingdet0_.id=?
2022-08-25 13:27:19,606 TRACE org.hibernate.type.descriptor.sql.BasicBinder [http-nio-9081-exec-3] binding parameter [1] as [INTEGER] - [25]
2022-08-25 13:27:19,613 DEBUG org.hibernate.SQL [http-nio-9081-exec-3] update bookingdetails set address=?, bookingDate=?, employeeId=?, floorNumber=?, prefix=?, seatNumber=?, slot=?, status=?, userName=? where id=?
2022-08-25 13:27:19,614 TRACE org.hibernate.type.descriptor.sql.BasicBinder [http-nio-9081-exec-3] binding parameter [1] as [VARCHAR] - [test]
2022-08-25 13:27:19,614 TRACE org.hibernate.type.descriptor.sql.BasicBinder [http-nio-9081-exec-3] binding parameter [2] as [TIMESTAMP] - [Thu Aug 25 13:27:19 IST 2022]
2022-08-25 13:27:19,616 TRACE org.hibernate.type.descriptor.sql.BasicBinder [http-nio-9081-exec-3] binding parameter [3] as [VARCHAR] - [E002]
2022-08-25 13:27:19,616 TRACE org.hibernate.type.descriptor.sql.BasicBinder [http-nio-9081-exec-3] binding parameter [4] as [INTEGER] - [4]
2022-08-25 13:27:19,616 TRACE org.hibernate.type.descriptor.sql.BasicBinder [http-nio-9081-exec-3] binding parameter [5] as [CHAR] - [B]
2022-08-25 13:27:19,617 TRACE org.hibernate.type.descriptor.sql.BasicBinder [http-nio-9081-exec-3] binding parameter [6] as [VARCHAR] - [4]
2022-08-25 13:27:19,617 TRACE org.hibernate.type.descriptor.sql.BasicBinder [http-nio-9081-exec-3] binding parameter [7] as [VARCHAR] - [8-7]
2022-08-25 13:27:19,618 TRACE org.hibernate.type.descriptor.sql.BasicBinder [http-nio-9081-exec-3] binding parameter [8] as [VARCHAR] - [Confirmed]
2022-08-25 13:27:19,618 TRACE org.hibernate.type.descriptor.sql.BasicBinder [http-nio-9081-exec-3] binding parameter [9] as [VARCHAR] - [client]
2022-08-25 13:27:19,618 TRACE org.hibernate.type.descriptor.sql.BasicBinder [http-nio-9081-exec-3] binding parameter [10] as [INTEGER] - [25]
2022-08-25 13:27:20,126 DEBUG org.hibernate.SQL [http-nio-9081-exec-4] select bookingdet0_.id as id1_0_, bookingdet0_.address as address2_0_, bookingdet0_.bookingDate as bookingd3_0_, bookingdet0_.employeeId as employee4_0_, bookingdet0_.floorNumber as floornum5_0_, bookingdet0_.prefix as prefix6_0_, bookingdet0_.seatNumber as seatnumb7_0_, bookingdet0_.slot as slot8_0_, bookingdet0_.status as status9_0_, bookingdet0_.userName as usernam10_0_ from bookingdetails bookingdet0_ where bookingdet0_.userName=?
2022-08-25 13:27:20,128 TRACE org.hibernate.type.descriptor.sql.BasicBinder [http-nio-9081-exec-4] binding parameter [1] as [VARCHAR] - [client]
2022-08-25 13:29:20,394 DEBUG org.hibernate.SQL [http-nio-9081-exec-6] select bookingdet0_.id as id1_0_, bookingdet0_.address as address2_0_, bookingdet0_.bookingDate as bookingd3_0_, bookingdet0_.employeeId as employee4_0_, bookingdet0_.floorNumber as floornum5_0_, bookingdet0_.prefix as prefix6_0_, bookingdet0_.seatNumber as seatnumb7_0_, bookingdet0_.slot as slot8_0_, bookingdet0_.status as status9_0_, bookingdet0_.userName as usernam10_0_ from bookingdetails bookingdet0_ where bookingdet0_.userName=?
2022-08-25 13:29:20,395 TRACE org.hibernate.type.descriptor.sql.BasicBinder [http-nio-9081-exec-6] binding parameter [1] as [VARCHAR] - [client]
2022-08-25 13:31:25,955 INFO com.netflix.discovery.shared.resolver.aws.ConfigClusterResolver [AsyncResolver-bootstrap-executor-0] Resolving eureka endpoints via configuration
2022-08-25 13:32:40,893 DEBUG org.hibernate.SQL [http-nio-9081-exec-8] select bookingdet0_.id as id1_0_, bookingdet0_.address as address2_0_, bookingdet0_.bookingDate as bookingd3_0_, bookingdet0_.employeeId as employee4_0_, bookingdet0_.floorNumber as floornum5_0_, bookingdet0_.prefix as prefix6_0_, bookingdet0_.seatNumber as seatnumb7_0_, bookingdet0_.slot as slot8_0_, bookingdet0_.status as status9_0_, bookingdet0_.userName as usernam10_0_ from bookingdetails bookingdet0_ where bookingdet0_.userName=?
2022-08-25 13:32:40,894 TRACE org.hibernate.type.descriptor.sql.BasicBinder [http-nio-9081-exec-8] binding parameter [1] as [VARCHAR] - [client]
2022-08-25 13:32:55,013 DEBUG org.hibernate.SQL [http-nio-9081-exec-9] select bookingdet0_.id as id1_0_, bookingdet0_.address as address2_0_, bookingdet0_.bookingDate as bookingd3_0_, bookingdet0_.employeeId as employee4_0_, bookingdet0_.floorNumber as floornum5_0_, bookingdet0_.prefix as prefix6_0_, bookingdet0_.seatNumber as seatnumb7_0_, bookingdet0_.slot as slot8_0_, bookingdet0_.status as status9_0_, bookingdet0_.userName as usernam10_0_ from bookingdetails bookingdet0_ where bookingdet0_.userName=?
2022-08-25 13:32:55,014 TRACE org.hibernate.type.descriptor.sql.BasicBinder [http-nio-9081-exec-9] binding parameter [1] as [VARCHAR] - [client]
2022-08-25 13:33:02,119 DEBUG org.hibernate.SQL [http-nio-9081-exec-10] select bookingdet0_.id as id1_0_, bookingdet0_.address as address2_0_, bookingdet0_.bookingDate as bookingd3_0_, bookingdet0_.employeeId as employee4_0_, bookingdet0_.floorNumber as floornum5_0_, bookingdet0_.prefix as prefix6_0_, bookingdet0_.seatNumber as seatnumb7_0_, bookingdet0_.slot as slot8_0_, bookingdet0_.status as status9_0_, bookingdet0_.userName as usernam10_0_ from bookingdetails bookingdet0_ where bookingdet0_.userName=? and bookingdet0_.id=67
2022-08-25 13:33:02,122 TRACE org.hibernate.type.descriptor.sql.BasicBinder [http-nio-9081-exec-10] binding parameter [1] as [VARCHAR] - [client]
2022-08-25 13:33:18,581 DEBUG org.hibernate.SQL [http-nio-9081-exec-1] select bookingdet0_.id as id1_0_, bookingdet0_.address as address2_0_, bookingdet0_.bookingDate as bookingd3_0_, bookingdet0_.employeeId as employee4_0_, bookingdet0_.floorNumber as floornum5_0_, bookingdet0_.prefix as prefix6_0_, bookingdet0_.seatNumber as seatnumb7_0_, bookingdet0_.slot as slot8_0_, bookingdet0_.status as status9_0_, bookingdet0_.userName as usernam10_0_ from bookingdetails bookingdet0_ where bookingdet0_.userName=?
2022-08-25 13:33:18,584 TRACE org.hibernate.type.descriptor.sql.BasicBinder [http-nio-9081-exec-1] binding parameter [1] as [VARCHAR] - [client]
2022-08-25 13:33:24,973 DEBUG org.hibernate.SQL [http-nio-9081-exec-2] select bookingdet0_.id as id1_0_, bookingdet0_.address as address2_0_, bookingdet0_.bookingDate as bookingd3_0_, bookingdet0_.employeeId as employee4_0_, bookingdet0_.floorNumber as floornum5_0_, bookingdet0_.prefix as prefix6_0_, bookingdet0_.seatNumber as seatnumb7_0_, bookingdet0_.slot as slot8_0_, bookingdet0_.status as status9_0_, bookingdet0_.userName as usernam10_0_ from bookingdetails bookingdet0_ where bookingdet0_.userName=? and bookingdet0_.id=67
2022-08-25 13:33:24,976 TRACE org.hibernate.type.descriptor.sql.BasicBinder [http-nio-9081-exec-2] binding parameter [1] as [VARCHAR] - [client]
2022-08-25 13:33:47,665 DEBUG org.hibernate.SQL [http-nio-9081-exec-3] select bookingdet0_.id as id1_0_, bookingdet0_.address as address2_0_, bookingdet0_.bookingDate as bookingd3_0_, bookingdet0_.employeeId as employee4_0_, bookingdet0_.floorNumber as floornum5_0_, bookingdet0_.prefix as prefix6_0_, bookingdet0_.seatNumber as seatnumb7_0_, bookingdet0_.slot as slot8_0_, bookingdet0_.status as status9_0_, bookingdet0_.userName as usernam10_0_ from bookingdetails bookingdet0_ where bookingdet0_.userName=?
2022-08-25 13:33:47,667 TRACE org.hibernate.type.descriptor.sql.BasicBinder [http-nio-9081-exec-3] binding parameter [1] as [VARCHAR] - [client]
2022-08-25 13:33:53,779 DEBUG org.hibernate.SQL [http-nio-9081-exec-4] select bookingdet0_.id as id1_0_, bookingdet0_.address as address2_0_, bookingdet0_.bookingDate as bookingd3_0_, bookingdet0_.employeeId as employee4_0_, bookingdet0_.floorNumber as floornum5_0_, bookingdet0_.prefix as prefix6_0_, bookingdet0_.seatNumber as seatnumb7_0_, bookingdet0_.slot as slot8_0_, bookingdet0_.status as status9_0_, bookingdet0_.userName as usernam10_0_ from bookingdetails bookingdet0_ where bookingdet0_.userName=? and bookingdet0_.id=67
2022-08-25 13:33:53,781 TRACE org.hibernate.type.descriptor.sql.BasicBinder [http-nio-9081-exec-4] binding parameter [1] as [VARCHAR] - [client]
2022-08-25 13:36:25,963 INFO com.netflix.discovery.shared.resolver.aws.ConfigClusterResolver [AsyncResolver-bootstrap-executor-0] Resolving eureka endpoints via configuration
2022-08-25 13:41:25,979 INFO com.netflix.discovery.shared.resolver.aws.ConfigClusterResolver [AsyncResolver-bootstrap-executor-0] Resolving eureka endpoints via configuration
2022-08-25 13:46:25,995 INFO com.netflix.discovery.shared.resolver.aws.ConfigClusterResolver [AsyncResolver-bootstrap-executor-0] Resolving eureka endpoints via configuration
2022-08-25 13:51:26,007 INFO com.netflix.discovery.shared.resolver.aws.ConfigClusterResolver [AsyncResolver-bootstrap-executor-0] Resolving eureka endpoints via configuration
2022-08-25 13:56:26,015 INFO com.netflix.discovery.shared.resolver.aws.ConfigClusterResolver [AsyncResolver-bootstrap-executor-0] Resolving eureka endpoints via configuration
2022-08-25 14:01:26,022 INFO com.netflix.discovery.shared.resolver.aws.ConfigClusterResolver [AsyncResolver-bootstrap-executor-0] Resolving eureka endpoints via configuration
2022-08-25 14:03:33,887 DEBUG org.hibernate.SQL [http-nio-9081-exec-6] select bookingdet0_.id as id1_0_, bookingdet0_.address as address2_0_, bookingdet0_.bookingDate as bookingd3_0_, bookingdet0_.employeeId as employee4_0_, bookingdet0_.floorNumber as floornum5_0_, bookingdet0_.prefix as prefix6_0_, bookingdet0_.seatNumber as seatnumb7_0_, bookingdet0_.slot as slot8_0_, bookingdet0_.status as status9_0_, bookingdet0_.userName as usernam10_0_ from bookingdetails bookingdet0_ where bookingdet0_.userName=?
2022-08-25 14:03:33,895 TRACE org.hibernate.type.descriptor.sql.BasicBinder [http-nio-9081-exec-6] binding parameter [1] as [VARCHAR] - [client]
2022-08-25 14:06:26,038 INFO com.netflix.discovery.shared.resolver.aws.ConfigClusterResolver [AsyncResolver-bootstrap-executor-0] Resolving eureka endpoints via configuration
2022-08-25 14:11:26,054 INFO com.netflix.discovery.shared.resolver.aws.ConfigClusterResolver [AsyncResolver-bootstrap-executor-0] Resolving eureka endpoints via configuration
2022-08-25 14:16:26,069 INFO com.netflix.discovery.shared.resolver.aws.ConfigClusterResolver [AsyncResolver-bootstrap-executor-0] Resolving eureka endpoints via configuration
2022-08-25 14:21:26,072 INFO com.netflix.discovery.shared.resolver.aws.ConfigClusterResolver [AsyncResolver-bootstrap-executor-0] Resolving eureka endpoints via configuration
2022-08-25 14:26:26,089 INFO com.netflix.discovery.shared.resolver.aws.ConfigClusterResolver [AsyncResolver-bootstrap-executor-0] Resolving eureka endpoints via configuration
2022-08-25 14:31:26,094 INFO com.netflix.discovery.shared.resolver.aws.ConfigClusterResolver [AsyncResolver-bootstrap-executor-0] Resolving eureka endpoints via configuration
2022-08-25 14:36:26,099 INFO com.netflix.discovery.shared.resolver.aws.ConfigClusterResolver [AsyncResolver-bootstrap-executor-0] Resolving eureka endpoints via configuration
2022-08-25 14:41:26,113 INFO com.netflix.discovery.shared.resolver.aws.ConfigClusterResolver [AsyncResolver-bootstrap-executor-0] Resolving eureka endpoints via configuration
2022-08-25 14:46:26,128 INFO com.netflix.discovery.shared.resolver.aws.ConfigClusterResolver [AsyncResolver-bootstrap-executor-0] Resolving eureka endpoints via configuration
2022-08-25 14:51:26,134 INFO com.netflix.discovery.shared.resolver.aws.ConfigClusterResolver [AsyncResolver-bootstrap-executor-0] Resolving eureka endpoints via configuration
2022-08-25 14:56:26,138 INFO com.netflix.discovery.shared.resolver.aws.ConfigClusterResolver [AsyncResolver-bootstrap-executor-0] Resolving eureka endpoints via configuration
2022-08-25 15:01:26,144 INFO com.netflix.discovery.shared.resolver.aws.ConfigClusterResolver [AsyncResolver-bootstrap-executor-0] Resolving eureka endpoints via configuration
2022-08-25 15:06:26,158 INFO com.netflix.discovery.shared.resolver.aws.ConfigClusterResolver [AsyncResolver-bootstrap-executor-0] Resolving eureka endpoints via configuration
2022-08-25 15:11:26,169 INFO com.netflix.discovery.shared.resolver.aws.ConfigClusterResolver [AsyncResolver-bootstrap-executor-0] Resolving eureka endpoints via configuration
2022-08-25 15:16:26,171 INFO com.netflix.discovery.shared.resolver.aws.ConfigClusterResolver [AsyncResolver-bootstrap-executor-0] Resolving eureka endpoints via configuration
2022-08-25 15:21:26,189 INFO com.netflix.discovery.shared.resolver.aws.ConfigClusterResolver [AsyncResolver-bootstrap-executor-0] Resolving eureka endpoints via configuration
2022-08-25 15:26:26,194 INFO com.netflix.discovery.shared.resolver.aws.ConfigClusterResolver [AsyncResolver-bootstrap-executor-0] Resolving eureka endpoints via configuration
2022-08-25 15:31:26,208 INFO com.netflix.discovery.shared.resolver.aws.ConfigClusterResolver [AsyncResolver-bootstrap-executor-0] Resolving eureka endpoints via configuration
2022-08-25 15:36:26,218 INFO com.netflix.discovery.shared.resolver.aws.ConfigClusterResolver [AsyncResolver-bootstrap-executor-0] Resolving eureka endpoints via configuration
2022-08-25 15:41:26,231 INFO com.netflix.discovery.shared.resolver.aws.ConfigClusterResolver [AsyncResolver-bootstrap-executor-0] Resolving eureka endpoints via configuration
2022-08-25 15:46:26,246 INFO com.netflix.discovery.shared.resolver.aws.ConfigClusterResolver [AsyncResolver-bootstrap-executor-0] Resolving eureka endpoints via configuration
2022-08-25 15:51:26,254 INFO com.netflix.discovery.shared.resolver.aws.ConfigClusterResolver [AsyncResolver-bootstrap-executor-0] Resolving eureka endpoints via configuration
2022-08-25 15:56:26,256 INFO com.netflix.discovery.shared.resolver.aws.ConfigClusterResolver [AsyncResolver-bootstrap-executor-0] Resolving eureka endpoints via configuration
2022-08-25 16:01:26,259 INFO com.netflix.discovery.shared.resolver.aws.ConfigClusterResolver [AsyncResolver-bootstrap-executor-0] Resolving eureka endpoints via configuration
2022-08-25 16:06:26,278 INFO com.netflix.discovery.shared.resolver.aws.ConfigClusterResolver [AsyncResolver-bootstrap-executor-0] Resolving eureka endpoints via configuration
2022-08-25 16:11:26,287 INFO com.netflix.discovery.shared.resolver.aws.ConfigClusterResolver [AsyncResolver-bootstrap-executor-0] Resolving eureka endpoints via configuration
2022-08-25 16:16:26,290 INFO com.netflix.discovery.shared.resolver.aws.ConfigClusterResolver [AsyncResolver-bootstrap-executor-0] Resolving eureka endpoints via configuration
2022-08-25 16:21:26,294 INFO com.netflix.discovery.shared.resolver.aws.ConfigClusterResolver [AsyncResolver-bootstrap-executor-0] Resolving eureka endpoints via configuration
2022-08-25 16:26:26,301 INFO com.netflix.discovery.shared.resolver.aws.ConfigClusterResolver [AsyncResolver-bootstrap-executor-0] Resolving eureka endpoints via configuration
2022-08-25 16:31:26,304 INFO com.netflix.discovery.shared.resolver.aws.ConfigClusterResolver [AsyncResolver-bootstrap-executor-0] Resolving eureka endpoints via configuration
2022-08-25 16:36:26,311 INFO com.netflix.discovery.shared.resolver.aws.ConfigClusterResolver [AsyncResolver-bootstrap-executor-0] Resolving eureka endpoints via configuration
2022-08-25 16:41:26,323 INFO com.netflix.discovery.shared.resolver.aws.ConfigClusterResolver [AsyncResolver-bootstrap-executor-0] Resolving eureka endpoints via configuration
2022-08-25 16:46:26,325 INFO com.netflix.discovery.shared.resolver.aws.ConfigClusterResolver [AsyncResolver-bootstrap-executor-0] Resolving eureka endpoints via configuration
2022-08-25 16:51:26,335 INFO com.netflix.discovery.shared.resolver.aws.ConfigClusterResolver [AsyncResolver-bootstrap-executor-0] Resolving eureka endpoints via configuration
2022-08-25 16:53:24,832 DEBUG org.hibernate.SQL [http-nio-9081-exec-8] select bookingdet0_.id as id1_0_, bookingdet0_.address as address2_0_, bookingdet0_.bookingDate as bookingd3_0_, bookingdet0_.employeeId as employee4_0_, bookingdet0_.floorNumber as floornum5_0_, bookingdet0_.prefix as prefix6_0_, bookingdet0_.seatNumber as seatnumb7_0_, bookingdet0_.slot as slot8_0_, bookingdet0_.status as status9_0_, bookingdet0_.userName as usernam10_0_ from bookingdetails bookingdet0_ where bookingdet0_.userName=?
2022-08-25 16:53:24,837 TRACE org.hibernate.type.descriptor.sql.BasicBinder [http-nio-9081-exec-8] binding parameter [1] as [VARCHAR] - [client]
2022-08-25 16:53:55,880 DEBUG org.hibernate.SQL [http-nio-9081-exec-9] select bookingdet0_.id as id1_0_, bookingdet0_.address as address2_0_, bookingdet0_.bookingDate as bookingd3_0_, bookingdet0_.employeeId as employee4_0_, bookingdet0_.floorNumber as floornum5_0_, bookingdet0_.prefix as prefix6_0_, bookingdet0_.seatNumber as seatnumb7_0_, bookingdet0_.slot as slot8_0_, bookingdet0_.status as status9_0_, bookingdet0_.userName as usernam10_0_ from bookingdetails bookingdet0_ where bookingdet0_.userName=?
2022-08-25 16:53:55,883 TRACE org.hibernate.type.descriptor.sql.BasicBinder [http-nio-9081-exec-9] binding parameter [1] as [VARCHAR] - [client]
2022-08-25 16:55:24,285 DEBUG org.hibernate.SQL [http-nio-9081-exec-1] select bookingdet0_.id as id1_0_, bookingdet0_.address as address2_0_, bookingdet0_.bookingDate as bookingd3_0_, bookingdet0_.employeeId as employee4_0_, bookingdet0_.floorNumber as floornum5_0_, bookingdet0_.prefix as prefix6_0_, bookingdet0_.seatNumber as seatnumb7_0_, bookingdet0_.slot as slot8_0_, bookingdet0_.status as status9_0_, bookingdet0_.userName as usernam10_0_ from bookingdetails bookingdet0_ where bookingdet0_.userName=?
2022-08-25 16:55:24,289 TRACE org.hibernate.type.descriptor.sql.BasicBinder [http-nio-9081-exec-1] binding parameter [1] as [VARCHAR] - [client]
2022-08-25 16:56:26,338 INFO com.netflix.discovery.shared.resolver.aws.ConfigClusterResolver [AsyncResolver-bootstrap-executor-0] Resolving eureka endpoints via configuration
2022-08-25 17:01:26,347 INFO com.netflix.discovery.shared.resolver.aws.ConfigClusterResolver [AsyncResolver-bootstrap-executor-0] Resolving eureka endpoints via configuration
2022-08-25 17:03:42,632 DEBUG org.hibernate.SQL [http-nio-9081-exec-3] select bookingdet0_.id as id1_0_, bookingdet0_.address as address2_0_, bookingdet0_.bookingDate as bookingd3_0_, bookingdet0_.employeeId as employee4_0_, bookingdet0_.floorNumber as floornum5_0_, bookingdet0_.prefix as prefix6_0_, bookingdet0_.seatNumber as seatnumb7_0_, bookingdet0_.slot as slot8_0_, bookingdet0_.status as status9_0_, bookingdet0_.userName as usernam10_0_ from bookingdetails bookingdet0_ where bookingdet0_.userName=?
2022-08-25 17:03:42,636 TRACE org.hibernate.type.descriptor.sql.BasicBinder [http-nio-9081-exec-3] binding parameter [1] as [VARCHAR] - [client]
2022-08-25 17:03:56,722 DEBUG org.hibernate.SQL [http-nio-9081-exec-4] select bookingdet0_.id as id1_0_, bookingdet0_.address as address2_0_, bookingdet0_.bookingDate as bookingd3_0_, bookingdet0_.employeeId as employee4_0_, bookingdet0_.floorNumber as floornum5_0_, bookingdet0_.prefix as prefix6_0_, bookingdet0_.seatNumber as seatnumb7_0_, bookingdet0_.slot as slot8_0_, bookingdet0_.status as status9_0_, bookingdet0_.userName as usernam10_0_ from bookingdetails bookingdet0_ where bookingdet0_.userName=?
2022-08-25 17:03:56,725 TRACE org.hibernate.type.descriptor.sql.BasicBinder [http-nio-9081-exec-4] binding parameter [1] as [VARCHAR] - [client]
2022-08-25 17:06:26,359 INFO com.netflix.discovery.shared.resolver.aws.ConfigClusterResolver [AsyncResolver-bootstrap-executor-0] Resolving eureka endpoints via configuration
2022-08-25 17:06:29,980 DEBUG org.hibernate.SQL [http-nio-9081-exec-6] select bookingdet0_.id as id1_0_, bookingdet0_.address as address2_0_, bookingdet0_.bookingDate as bookingd3_0_, bookingdet0_.employeeId as employee4_0_, bookingdet0_.floorNumber as floornum5_0_, bookingdet0_.prefix as prefix6_0_, bookingdet0_.seatNumber as seatnumb7_0_, bookingdet0_.slot as slot8_0_, bookingdet0_.status as status9_0_, bookingdet0_.userName as usernam10_0_ from bookingdetails bookingdet0_ where bookingdet0_.userName=?
2022-08-25 17:06:29,981 TRACE org.hibernate.type.descriptor.sql.BasicBinder [http-nio-9081-exec-6] binding parameter [1] as [VARCHAR] - [client]
2022-08-25 17:07:01,259 DEBUG org.hibernate.SQL [http-nio-9081-exec-7] select bookingdet0_.id as id1_0_, bookingdet0_.address as address2_0_, bookingdet0_.bookingDate as bookingd3_0_, bookingdet0_.employeeId as employee4_0_, bookingdet0_.floorNumber as floornum5_0_, bookingdet0_.prefix as prefix6_0_, bookingdet0_.seatNumber as seatnumb7_0_, bookingdet0_.slot as slot8_0_, bookingdet0_.status as status9_0_, bookingdet0_.userName as usernam10_0_ from bookingdetails bookingdet0_ where bookingdet0_.userName=?
2022-08-25 17:07:01,262 TRACE org.hibernate.type.descriptor.sql.BasicBinder [http-nio-9081-exec-7] binding parameter [1] as [VARCHAR] - [client]
2022-08-25 17:08:34,360 DEBUG org.hibernate.SQL [http-nio-9081-exec-9] select bookingdet0_.id as id1_0_, bookingdet0_.address as address2_0_, bookingdet0_.bookingDate as bookingd3_0_, bookingdet0_.employeeId as employee4_0_, bookingdet0_.floorNumber as floornum5_0_, bookingdet0_.prefix as prefix6_0_, bookingdet0_.seatNumber as seatnumb7_0_, bookingdet0_.slot as slot8_0_, bookingdet0_.status as status9_0_, bookingdet0_.userName as usernam10_0_ from bookingdetails bookingdet0_ where bookingdet0_.userName=?
2022-08-25 17:08:34,364 TRACE org.hibernate.type.descriptor.sql.BasicBinder [http-nio-9081-exec-9] binding parameter [1] as [VARCHAR] - [client]
2022-08-25 17:11:26,370 INFO com.netflix.discovery.shared.resolver.aws.ConfigClusterResolver [AsyncResolver-bootstrap-executor-0] Resolving eureka endpoints via configuration
2022-08-25 17:16:26,382 INFO com.netflix.discovery.shared.resolver.aws.ConfigClusterResolver [AsyncResolver-bootstrap-executor-0] Resolving eureka endpoints via configuration
2022-08-25 17:21:26,395 INFO com.netflix.discovery.shared.resolver.aws.ConfigClusterResolver [AsyncResolver-bootstrap-executor-0] Resolving eureka endpoints via configuration
2022-08-25 17:26:26,410 INFO com.netflix.discovery.shared.resolver.aws.ConfigClusterResolver [AsyncResolver-bootstrap-executor-0] Resolving eureka endpoints via configuration
2022-08-25 17:31:26,423 INFO com.netflix.discovery.shared.resolver.aws.ConfigClusterResolver [AsyncResolver-bootstrap-executor-0] Resolving eureka endpoints via configuration
2022-08-25 17:36:26,430 INFO com.netflix.discovery.shared.resolver.aws.ConfigClusterResolver [AsyncResolver-bootstrap-executor-0] Resolving eureka endpoints via configuration
2022-08-25 17:41:26,437 INFO com.netflix.discovery.shared.resolver.aws.ConfigClusterResolver [AsyncResolver-bootstrap-executor-0] Resolving eureka endpoints via configuration
2022-08-25 17:46:26,447 INFO com.netflix.discovery.shared.resolver.aws.ConfigClusterResolver [AsyncResolver-bootstrap-executor-0] Resolving eureka endpoints via configuration
2022-08-25 17:51:26,464 INFO com.netflix.discovery.shared.resolver.aws.ConfigClusterResolver [AsyncResolver-bootstrap-executor-0] Resolving eureka endpoints via configuration
2022-08-25 17:56:26,474 INFO com.netflix.discovery.shared.resolver.aws.ConfigClusterResolver [AsyncResolver-bootstrap-executor-0] Resolving eureka endpoints via configuration
2022-08-25 18:01:26,488 INFO com.netflix.discovery.shared.resolver.aws.ConfigClusterResolver [AsyncResolver-bootstrap-executor-0] Resolving eureka endpoints via configuration
2022-08-25 18:06:26,501 INFO com.netflix.discovery.shared.resolver.aws.ConfigClusterResolver [AsyncResolver-bootstrap-executor-0] Resolving eureka endpoints via configuration
2022-08-25 18:11:26,510 INFO com.netflix.discovery.shared.resolver.aws.ConfigClusterResolver [AsyncResolver-bootstrap-executor-0] Resolving eureka endpoints via configuration
2022-08-25 18:16:26,513 INFO com.netflix.discovery.shared.resolver.aws.ConfigClusterResolver [AsyncResolver-bootstrap-executor-0] Resolving eureka endpoints via configuration
2022-08-25 18:21:26,515 INFO com.netflix.discovery.shared.resolver.aws.ConfigClusterResolver [AsyncResolver-bootstrap-executor-0] Resolving eureka endpoints via configuration
2022-08-25 18:26:26,530 INFO com.netflix.discovery.shared.resolver.aws.ConfigClusterResolver [AsyncResolver-bootstrap-executor-0] Resolving eureka endpoints via configuration
2022-08-25 18:31:26,536 INFO com.netflix.discovery.shared.resolver.aws.ConfigClusterResolver [AsyncResolver-bootstrap-executor-0] Resolving eureka endpoints via configuration
2022-08-25 18:36:26,553 INFO com.netflix.discovery.shared.resolver.aws.ConfigClusterResolver [AsyncResolver-bootstrap-executor-0] Resolving eureka endpoints via configuration
2022-08-25 18:41:26,569 INFO com.netflix.discovery.shared.resolver.aws.ConfigClusterResolver [AsyncResolver-bootstrap-executor-0] Resolving eureka endpoints via configuration
2022-08-25 18:46:26,640 INFO com.netflix.discovery.shared.resolver.aws.ConfigClusterResolver [AsyncResolver-bootstrap-executor-0] Resolving eureka endpoints via configuration
2022-08-25 18:51:26,645 INFO com.netflix.discovery.shared.resolver.aws.ConfigClusterResolver [AsyncResolver-bootstrap-executor-0] Resolving eureka endpoints via configuration
2022-08-25 18:56:26,653 INFO com.netflix.discovery.shared.resolver.aws.ConfigClusterResolver [AsyncResolver-bootstrap-executor-0] Resolving eureka endpoints via configuration
2022-08-25 19:01:26,661 INFO com.netflix.discovery.shared.resolver.aws.ConfigClusterResolver [AsyncResolver-bootstrap-executor-0] Resolving eureka endpoints via configuration
2022-08-25 19:06:26,676 INFO com.netflix.discovery.shared.resolver.aws.ConfigClusterResolver [AsyncResolver-bootstrap-executor-0] Resolving eureka endpoints via configuration
2022-08-25 19:11:26,692 INFO com.netflix.discovery.shared.resolver.aws.ConfigClusterResolver [AsyncResolver-bootstrap-executor-0] Resolving eureka endpoints via configuration
2022-08-25 19:16:26,706 INFO com.netflix.discovery.shared.resolver.aws.ConfigClusterResolver [AsyncResolver-bootstrap-executor-0] Resolving eureka endpoints via configuration
2022-08-25 19:21:26,715 INFO com.netflix.discovery.shared.resolver.aws.ConfigClusterResolver [AsyncResolver-bootstrap-executor-0] Resolving eureka endpoints via configuration
2022-08-25 19:26:26,728 INFO com.netflix.discovery.shared.resolver.aws.ConfigClusterResolver [AsyncResolver-bootstrap-executor-0] Resolving eureka endpoints via configuration
2022-08-25 19:31:26,739 INFO com.netflix.discovery.shared.resolver.aws.ConfigClusterResolver [AsyncResolver-bootstrap-executor-0] Resolving eureka endpoints via configuration
2022-08-25 19:36:26,753 INFO com.netflix.discovery.shared.resolver.aws.ConfigClusterResolver [AsyncResolver-bootstrap-executor-0] Resolving eureka endpoints via configuration
2022-08-25 19:41:26,767 INFO com.netflix.discovery.shared.resolver.aws.ConfigClusterResolver [AsyncResolver-bootstrap-executor-0] Resolving eureka endpoints via configuration
2022-08-25 19:46:26,774 INFO com.netflix.discovery.shared.resolver.aws.ConfigClusterResolver [AsyncResolver-bootstrap-executor-0] Resolving eureka endpoints via configuration
2022-08-25 19:51:26,780 INFO com.netflix.discovery.shared.resolver.aws.ConfigClusterResolver [AsyncResolver-bootstrap-executor-0] Resolving eureka endpoints via configuration
2022-08-25 19:56:26,801 INFO com.netflix.discovery.shared.resolver.aws.ConfigClusterResolver [AsyncResolver-bootstrap-executor-0] Resolving eureka endpoints via configuration
2022-08-25 20:01:26,811 INFO com.netflix.discovery.shared.resolver.aws.ConfigClusterResolver [AsyncResolver-bootstrap-executor-0] Resolving eureka endpoints via configuration
2022-08-25 20:06:26,827 INFO com.netflix.discovery.shared.resolver.aws.ConfigClusterResolver [AsyncResolver-bootstrap-executor-0] Resolving eureka endpoints via configuration
2022-08-25 20:11:26,842 INFO com.netflix.discovery.shared.resolver.aws.ConfigClusterResolver [AsyncResolver-bootstrap-executor-0] Resolving eureka endpoints via configuration
2022-08-25 20:16:26,846 INFO com.netflix.discovery.shared.resolver.aws.ConfigClusterResolver [AsyncResolver-bootstrap-executor-0] Resolving eureka endpoints via configuration
2022-08-25 20:21:26,858 INFO com.netflix.discovery.shared.resolver.aws.ConfigClusterResolver [AsyncResolver-bootstrap-executor-0] Resolving eureka endpoints via configuration
2022-08-25 20:26:26,867 INFO com.netflix.discovery.shared.resolver.aws.ConfigClusterResolver [AsyncResolver-bootstrap-executor-0] Resolving eureka endpoints via configuration
2022-08-25 20:31:26,884 INFO com.netflix.discovery.shared.resolver.aws.ConfigClusterResolver [AsyncResolver-bootstrap-executor-0] Resolving eureka endpoints via configuration
2022-08-25 20:36:26,900 INFO com.netflix.discovery.shared.resolver.aws.ConfigClusterResolver [AsyncResolver-bootstrap-executor-0] Resolving eureka endpoints via configuration
2022-08-25 20:41:26,906 INFO com.netflix.discovery.shared.resolver.aws.ConfigClusterResolver [AsyncResolver-bootstrap-executor-0] Resolving eureka endpoints via configuration
2022-08-25 20:46:26,914 INFO com.netflix.discovery.shared.resolver.aws.ConfigClusterResolver [AsyncResolver-bootstrap-executor-0] Resolving eureka endpoints via configuration
2022-08-25 20:51:26,931 INFO com.netflix.discovery.shared.resolver.aws.ConfigClusterResolver [AsyncResolver-bootstrap-executor-0] Resolving eureka endpoints via configuration
2022-08-25 20:56:26,942 INFO com.netflix.discovery.shared.resolver.aws.ConfigClusterResolver [AsyncResolver-bootstrap-executor-0] Resolving eureka endpoints via configuration
2022-08-25 21:01:26,959 INFO com.netflix.discovery.shared.resolver.aws.ConfigClusterResolver [AsyncResolver-bootstrap-executor-0] Resolving eureka endpoints via configuration
2022-08-25 21:06:26,971 INFO com.netflix.discovery.shared.resolver.aws.ConfigClusterResolver [AsyncResolver-bootstrap-executor-0] Resolving eureka endpoints via configuration
2022-08-25 21:11:26,973 INFO com.netflix.discovery.shared.resolver.aws.ConfigClusterResolver [AsyncResolver-bootstrap-executor-0] Resolving eureka endpoints via configuration
2022-08-25 21:16:26,977 INFO com.netflix.discovery.shared.resolver.aws.ConfigClusterResolver [AsyncResolver-bootstrap-executor-0] Resolving eureka endpoints via configuration
2022-08-25 21:21:26,982 INFO com.netflix.discovery.shared.resolver.aws.ConfigClusterResolver [AsyncResolver-bootstrap-executor-0] Resolving eureka endpoints via configuration
2022-08-25 21:26:26,996 INFO com.netflix.discovery.shared.resolver.aws.ConfigClusterResolver [AsyncResolver-bootstrap-executor-0] Resolving eureka endpoints via configuration
2022-08-25 21:31:26,998 INFO com.netflix.discovery.shared.resolver.aws.ConfigClusterResolver [AsyncResolver-bootstrap-executor-0] Resolving eureka endpoints via configuration
2022-08-25 21:36:27,009 INFO com.netflix.discovery.shared.resolver.aws.ConfigClusterResolver [AsyncResolver-bootstrap-executor-0] Resolving eureka endpoints via configuration
2022-08-25 21:41:27,021 INFO com.netflix.discovery.shared.resolver.aws.ConfigClusterResolver [AsyncResolver-bootstrap-executor-0] Resolving eureka endpoints via configuration
2022-08-25 21:46:27,033 INFO com.netflix.discovery.shared.resolver.aws.ConfigClusterResolver [AsyncResolver-bootstrap-executor-0] Resolving eureka endpoints via configuration
2022-08-25 21:51:27,050 INFO com.netflix.discovery.shared.resolver.aws.ConfigClusterResolver [AsyncResolver-bootstrap-executor-0] Resolving eureka endpoints via configuration
2022-08-25 21:56:27,055 INFO com.netflix.discovery.shared.resolver.aws.ConfigClusterResolver [AsyncResolver-bootstrap-executor-0] Resolving eureka endpoints via configuration
2022-08-25 22:01:27,063 INFO com.netflix.discovery.shared.resolver.aws.ConfigClusterResolver [AsyncResolver-bootstrap-executor-0] Resolving eureka endpoints via configuration
2022-08-25 22:06:27,073 INFO com.netflix.discovery.shared.resolver.aws.ConfigClusterResolver [AsyncResolver-bootstrap-executor-0] Resolving eureka endpoints via configuration
2022-08-25 22:11:27,089 INFO com.netflix.discovery.shared.resolver.aws.ConfigClusterResolver [AsyncResolver-bootstrap-executor-0] Resolving eureka endpoints via configuration
2022-08-25 22:16:27,098 INFO com.netflix.discovery.shared.resolver.aws.ConfigClusterResolver [AsyncResolver-bootstrap-executor-0] Resolving eureka endpoints via configuration
2022-08-25 22:17:34,932 DEBUG org.hibernate.SQL [http-nio-9081-exec-1] select bookingdet0_.id as id1_0_0_, bookingdet0_.address as address2_0_0_, bookingdet0_.bookingDate as bookingd3_0_0_, bookingdet0_.employeeId as employee4_0_0_, bookingdet0_.floorNumber as floornum5_0_0_, bookingdet0_.prefix as prefix6_0_0_, bookingdet0_.seatNumber as seatnumb7_0_0_, bookingdet0_.slot as slot8_0_0_, bookingdet0_.status as status9_0_0_, bookingdet0_.userName as usernam10_0_0_ from bookingdetails bookingdet0_ where bookingdet0_.id=?
2022-08-25 22:17:34,934 TRACE org.hibernate.type.descriptor.sql.BasicBinder [http-nio-9081-exec-1] binding parameter [1] as [INTEGER] - [1]
2022-08-25 22:17:34,943 DEBUG org.hibernate.SQL [http-nio-9081-exec-1] update bookingdetails set address=?, bookingDate=?, employeeId=?, floorNumber=?, prefix=?, seatNumber=?, slot=?, status=?, userName=? where id=?
2022-08-25 22:17:34,944 TRACE org.hibernate.type.descriptor.sql.BasicBinder [http-nio-9081-exec-1] binding parameter [1] as [VARCHAR] - [tes2]
2022-08-25 22:17:34,946 TRACE org.hibernate.type.descriptor.sql.BasicBinder [http-nio-9081-exec-1] binding parameter [2] as [TIMESTAMP] - [Thu Aug 25 22:17:34 IST 2022]
2022-08-25 22:17:34,946 TRACE org.hibernate.type.descriptor.sql.BasicBinder [http-nio-9081-exec-1] binding parameter [3] as [VARCHAR] - [1234]
2022-08-25 22:17:34,947 TRACE org.hibernate.type.descriptor.sql.BasicBinder [http-nio-9081-exec-1] binding parameter [4] as [INTEGER] - [1]
2022-08-25 22:17:34,947 TRACE org.hibernate.type.descriptor.sql.BasicBinder [http-nio-9081-exec-1] binding parameter [5] as [CHAR] - [B]
2022-08-25 22:17:34,947 TRACE org.hibernate.type.descriptor.sql.BasicBinder [http-nio-9081-exec-1] binding parameter [6] as [VARCHAR] - [23]
2022-08-25 22:17:34,948 TRACE org.hibernate.type.descriptor.sql.BasicBinder [http-nio-9081-exec-1] binding parameter [7] as [VARCHAR] - [9-10]
2022-08-25 22:17:34,949 TRACE org.hibernate.type.descriptor.sql.BasicBinder [http-nio-9081-exec-1] binding parameter [8] as [VARCHAR] - [Confirmed]
2022-08-25 22:17:34,949 TRACE org.hibernate.type.descriptor.sql.BasicBinder [http-nio-9081-exec-1] binding parameter [9] as [VARCHAR] - [kalaiv]
2022-08-25 22:17:34,949 TRACE org.hibernate.type.descriptor.sql.BasicBinder [http-nio-9081-exec-1] binding parameter [10] as [INTEGER] - [1]
2022-08-25 22:17:58,520 DEBUG org.hibernate.SQL [http-nio-9081-exec-2] select bookingdet0_.id as id1_0_, bookingdet0_.address as address2_0_, bookingdet0_.bookingDate as bookingd3_0_, bookingdet0_.employeeId as employee4_0_, bookingdet0_.floorNumber as floornum5_0_, bookingdet0_.prefix as prefix6_0_, bookingdet0_.seatNumber as seatnumb7_0_, bookingdet0_.slot as slot8_0_, bookingdet0_.status as status9_0_, bookingdet0_.userName as usernam10_0_ from bookingdetails bookingdet0_ where bookingdet0_.userName=?
2022-08-25 22:17:58,525 TRACE org.hibernate.type.descriptor.sql.BasicBinder [http-nio-9081-exec-2] binding parameter [1] as [VARCHAR] - [client]
2022-08-25 22:18:15,802 DEBUG org.hibernate.SQL [http-nio-9081-exec-3] select bookingdet0_.id as id1_0_, bookingdet0_.address as address2_0_, bookingdet0_.bookingDate as bookingd3_0_, bookingdet0_.employeeId as employee4_0_, bookingdet0_.floorNumber as floornum5_0_, bookingdet0_.prefix as prefix6_0_, bookingdet0_.seatNumber as seatnumb7_0_, bookingdet0_.slot as slot8_0_, bookingdet0_.status as status9_0_, bookingdet0_.userName as usernam10_0_ from bookingdetails bookingdet0_ where bookingdet0_.userName=?
2022-08-25 22:18:15,805 TRACE org.hibernate.type.descriptor.sql.BasicBinder [http-nio-9081-exec-3] binding parameter [1] as [VARCHAR] - [client]
2022-08-25 22:18:30,491 DEBUG org.hibernate.SQL [http-nio-9081-exec-4] select bookingdet0_.id as id1_0_, bookingdet0_.address as address2_0_, bookingdet0_.bookingDate as bookingd3_0_, bookingdet0_.employeeId as employee4_0_, bookingdet0_.floorNumber as floornum5_0_, bookingdet0_.prefix as prefix6_0_, bookingdet0_.seatNumber as seatnumb7_0_, bookingdet0_.slot as slot8_0_, bookingdet0_.status as status9_0_, bookingdet0_.userName as usernam10_0_ from bookingdetails bookingdet0_ where bookingdet0_.userName=?
2022-08-25 22:18:30,494 TRACE org.hibernate.type.descriptor.sql.BasicBinder [http-nio-9081-exec-4] binding parameter [1] as [VARCHAR] - [client]
2022-08-25 22:21:27,106 INFO com.netflix.discovery.shared.resolver.aws.ConfigClusterResolver [AsyncResolver-bootstrap-executor-0] Resolving eureka endpoints via configuration
2022-08-25 22:26:27,119 INFO com.netflix.discovery.shared.resolver.aws.ConfigClusterResolver [AsyncResolver-bootstrap-executor-0] Resolving eureka endpoints via configuration
2022-08-25 22:31:27,122 INFO com.netflix.discovery.shared.resolver.aws.ConfigClusterResolver [AsyncResolver-bootstrap-executor-0] Resolving eureka endpoints via configuration
2022-08-25 22:36:27,127 INFO com.netflix.discovery.shared.resolver.aws.ConfigClusterResolver [AsyncResolver-bootstrap-executor-0] Resolving eureka endpoints via configuration
2022-08-25 22:41:27,139 INFO com.netflix.discovery.shared.resolver.aws.ConfigClusterResolver [AsyncResolver-bootstrap-executor-0] Resolving eureka endpoints via configuration
2022-08-25 22:46:27,145 INFO com.netflix.discovery.shared.resolver.aws.ConfigClusterResolver [AsyncResolver-bootstrap-executor-0] Resolving eureka endpoints via configuration
2022-08-25 22:51:27,148 INFO com.netflix.discovery.shared.resolver.aws.ConfigClusterResolver [AsyncResolver-bootstrap-executor-0] Resolving eureka endpoints via configuration
2022-08-25 22:56:27,151 INFO com.netflix.discovery.shared.resolver.aws.ConfigClusterResolver [AsyncResolver-bootstrap-executor-0] Resolving eureka endpoints via configuration
2022-08-25 23:01:27,164 INFO com.netflix.discovery.shared.resolver.aws.ConfigClusterResolver [AsyncResolver-bootstrap-executor-0] Resolving eureka endpoints via configuration
2022-08-25 23:06:27,170 INFO com.netflix.discovery.shared.resolver.aws.ConfigClusterResolver [AsyncResolver-bootstrap-executor-0] Resolving eureka endpoints via configuration
2022-08-25 23:11:27,183 INFO com.netflix.discovery.shared.resolver.aws.ConfigClusterResolver [AsyncResolver-bootstrap-executor-0] Resolving eureka endpoints via configuration
2022-08-25 23:16:27,194 INFO com.netflix.discovery.shared.resolver.aws.ConfigClusterResolver [AsyncResolver-bootstrap-executor-0] Resolving eureka endpoints via configuration
2022-08-25 23:21:27,198 INFO com.netflix.discovery.shared.resolver.aws.ConfigClusterResolver [AsyncResolver-bootstrap-executor-0] Resolving eureka endpoints via configuration
2022-08-25 23:26:27,210 INFO com.netflix.discovery.shared.resolver.aws.ConfigClusterResolver [AsyncResolver-bootstrap-executor-0] Resolving eureka endpoints via configuration
2022-08-25 23:31:27,215 INFO com.netflix.discovery.shared.resolver.aws.ConfigClusterResolver [AsyncResolver-bootstrap-executor-0] Resolving eureka endpoints via configuration
2022-08-25 23:36:27,221 INFO com.netflix.discovery.shared.resolver.aws.ConfigClusterResolver [AsyncResolver-bootstrap-executor-0] Resolving eureka endpoints via configuration
2022-08-25 23:41:27,232 INFO com.netflix.discovery.shared.resolver.aws.ConfigClusterResolver [AsyncResolver-bootstrap-executor-0] Resolving eureka endpoints via configuration
2022-08-25 23:46:27,243 INFO com.netflix.discovery.shared.resolver.aws.ConfigClusterResolver [AsyncResolver-bootstrap-executor-0] Resolving eureka endpoints via configuration
2022-08-25 23:51:27,253 INFO com.netflix.discovery.shared.resolver.aws.ConfigClusterResolver [AsyncResolver-bootstrap-executor-0] Resolving eureka endpoints via configuration
2022-08-25 23:56:27,268 INFO com.netflix.discovery.shared.resolver.aws.ConfigClusterResolver [AsyncResolver-bootstrap-executor-0] Resolving eureka endpoints via configuration
